Using pre-set license
Built from '6000.1/staging' branch; Version is '6000.1.7f1 (13a8ffad9172) revision 1288447'; Using compiler version '194234433'; Build Type 'Release'
OS: 'Windows 11  (10.0.26100) 64bit Core' Language: 'fr' Physical Memory: 48965 MB
BatchMode: 1, IsHumanControllingUs: 0, StartBugReporterOnCrash: 0, Is64bit: 1, IsPro: 1
Date: 2025-06-20T12:39:18Z

COMMAND LINE ARGUMENTS:
C:\Program Files\Unity\Hub\Editor\6000.1.7f1\Editor\Unity.exe
-adb2
-batchMode
-noUpm
-name
AssetImportWorker2
-projectPath
D:/Unity projects/InfiniteRunner
-logFile
Logs/AssetImportWorker2.log
-srvPort
26813
-job-worker-count
7
-background-job-worker-count
8
-gc-helper-count
1
-name
AssetImport
Successfully changed project path to: D:/Unity projects/InfiniteRunner
D:/Unity projects/InfiniteRunner
[UnityMemory] Configuration Parameters - Can be set up in boot.config
    "memorysetup-allocator-temp-initial-block-size-main=262144"
    "memorysetup-allocator-temp-initial-block-size-worker=262144"
    "memorysetup-bucket-allocator-granularity=16"
    "memorysetup-bucket-allocator-bucket-count=8"
    "memorysetup-bucket-allocator-block-size=33554432"
    "memorysetup-bucket-allocator-block-count=8"
    "memorysetup-main-allocator-block-size=16777216"
    "memorysetup-thread-allocator-block-size=16777216"
    "memorysetup-gfx-main-allocator-block-size=16777216"
    "memorysetup-gfx-thread-allocator-block-size=16777216"
    "memorysetup-cache-allocator-block-size=4194304"
    "memorysetup-typetree-allocator-block-size=2097152"
    "memorysetup-profiler-bucket-allocator-granularity=16"
    "memorysetup-profiler-bucket-allocator-bucket-count=8"
    "memorysetup-profiler-bucket-allocator-block-size=33554432"
    "memorysetup-profiler-bucket-allocator-block-count=8"
    "memorysetup-profiler-allocator-block-size=16777216"
    "memorysetup-profiler-editor-allocator-block-size=1048576"
    "memorysetup-temp-allocator-size-main=16777216"
    "memorysetup-job-temp-allocator-block-size=2097152"
    "memorysetup-job-temp-allocator-block-size-background=1048576"
    "memorysetup-job-temp-allocator-reduction-small-platforms=262144"
    "memorysetup-temp-allocator-size-background-worker=32768"
    "memorysetup-temp-allocator-size-job-worker=262144"
    "memorysetup-temp-allocator-size-preload-manager=33554432"
    "memorysetup-temp-allocator-size-nav-mesh-worker=65536"
    "memorysetup-temp-allocator-size-audio-worker=65536"
    "memorysetup-temp-allocator-size-cloud-worker=32768"
    "memorysetup-temp-allocator-size-gi-baking-worker=262144"
    "memorysetup-temp-allocator-size-gi-baking-worker=262144"
    "memorysetup-temp-allocator-size-gi-baking-worker=262144"
    "memorysetup-temp-allocator-size-gi-baking-worker=262144"
    "memorysetup-temp-allocator-size-gi-baking-worker=262144"
    "memorysetup-temp-allocator-size-gfx=262144"
Player connection [7096]  Target information:

Player connection [7096]  * "[IP] 192.168.1.62 [Port] 0 [Flags] 2 [Guid] 2672142354 [EditorId] 2672142354 [Version] 1048832 [Id] WindowsEditor(7,DESKTOP-3UTH55C) [Debug] 1 [PackageName] WindowsEditor [ProjectName] Editor" 

Player connection [7096]  * "[IP] 169.254.123.107 [Port] 0 [Flags] 2 [Guid] 2672142354 [EditorId] 2672142354 [Version] 1048832 [Id] WindowsEditor(7,DESKTOP-3UTH55C) [Debug] 1 [PackageName] WindowsEditor [ProjectName] Editor" 

Player connection [7096] Host joined multi-casting on [225.0.0.222:54997]...
Player connection [7096] Host joined alternative multi-casting on [225.0.0.222:34997]...
JobSystem: Creating JobQueue using job-worker-count value 7
Input System module state changed to: Initialized.
[Physics::Module] Initialized fallback backend.
[Physics::Module] Id: 0xdecafbad
Library Redirect Path: Library/
[Physics::Module] Selected backend.
[Physics::Module] Name: PhysX
[Physics::Module] Id: 0xf2b8ea05
[Physics::Module] SDK Version: 4.1.2
[Physics::Module] Integration Version: 1.0.0
[Physics::Module] Threading Mode: Multi-Threaded
Refreshing native plugins compatible for Editor in 10.97 ms, found 4 plugins.
Preloading 1 native plugins for Editor in 2.77 ms.
Initialize engine version: 6000.1.7f1 (13a8ffad9172)
[Subsystems] Discovering subsystems at path C:/Program Files/Unity/Hub/Editor/6000.1.7f1/Editor/Data/Resources/UnitySubsystems
[Subsystems] Discovering subsystems at path D:/Unity projects/InfiniteRunner/Assets
GfxDevice: creating device client; kGfxThreadingModeNonThreaded
Direct3D:
    Version:  Direct3D 11.0 [level 11.1]
    Renderer: NVIDIA GeForce RTX 2060 (ID=0x1f08)
    Vendor:   NVIDIA
    VRAM:     5955 MB
    Driver:   32.0.15.7652
Initialize mono
Mono path[0] = 'C:/Program Files/Unity/Hub/Editor/6000.1.7f1/Editor/Data/Managed'
Mono path[1] = 'C:/Program Files/Unity/Hub/Editor/6000.1.7f1/Editor/Data/MonoBleedingEdge/lib/mono/unityjit-win32'
Mono config path = 'C:/Program Files/Unity/Hub/Editor/6000.1.7f1/Editor/Data/MonoBleedingEdge/etc'
Using monoOptions --debugger-agent=transport=dt_socket,embedding=1,server=y,suspend=n,address=127.0.0.1:56120
Begin MonoManager ReloadAssembly
Registering precompiled unity dll's ...
Register platform support module: C:/Program Files/Unity/Hub/Editor/6000.1.7f1/Editor/Data/PlaybackEngines/WindowsStandaloneSupport/UnityEditor.WindowsStandalone.Extensions.dll
Register platform support module: C:/Program Files/Unity/Hub/Editor/6000.1.7f1/Editor/Data/PlaybackEngines/MetroSupport/UnityEditor.UWP.Extensions.dll
Register platform support module: C:/Program Files/Unity/Hub/Editor/6000.1.7f1/Editor/Data/PlaybackEngines/AndroidPlayer/UnityEditor.Android.Extensions.dll
Registered in 0.012442 seconds.
- Loaded All Assemblies, in  1.797 seconds
Native extension for Android target not found
Android Extension - Scanning For ADB Devices 864 ms
Native extension for UWP target not found
Native extension for WindowsStandalone target not found
Mono: successfully reloaded assembly
- Finished resetting the current domain, in  2.776 seconds
Domain Reload Profiling: 4567ms
	BeginReloadAssembly (485ms)
		ExecutionOrderSort (0ms)
		DisableScriptedObjects (0ms)
		BackupInstance (0ms)
		ReleaseScriptingObjects (0ms)
		CreateAndSetChildDomain (2ms)
	RebuildCommonClasses (184ms)
	RebuildNativeTypeToScriptingClass (63ms)
	initialDomainReloadingComplete (273ms)
	LoadAllAssembliesAndSetupDomain (783ms)
		LoadAssemblies (482ms)
		RebuildTransferFunctionScriptingTraits (0ms)
		AnalyzeDomain (763ms)
			TypeCache.Refresh (755ms)
				TypeCache.ScanAssembly (703ms)
			BuildScriptInfoCaches (1ms)
			ResolveRequiredComponents (2ms)
	FinalizeReload (2779ms)
		ReleaseScriptCaches (0ms)
		RebuildScriptCaches (0ms)
		SetupLoadedEditorAssemblies (2553ms)
			LogAssemblyErrors (0ms)
			InitializePlatformSupportModulesInManaged (1422ms)
			SetLoadedEditorAssemblies (18ms)
			BeforeProcessingInitializeOnLoad (319ms)
			ProcessInitializeOnLoadAttributes (551ms)
			ProcessInitializeOnLoadMethodAttributes (243ms)
			AfterProcessingInitializeOnLoad (0ms)
			EditorAssembliesLoaded (0ms)
		ExecutionOrderSort2 (0ms)
		AwakeInstancesAfterBackupRestoration (0ms)
========================================================================
Worker process is ready to serve import requests
Import Worker Mode flag is 0x00
Begin MonoManager ReloadAssembly
- Loaded All Assemblies, in  3.811 seconds
Refreshing native plugins compatible for Editor in 11.17 ms, found 4 plugins.
Native extension for Android target not found
Native extension for UWP target not found
Native extension for WindowsStandalone target not found
Mono: successfully reloaded assembly
- Finished resetting the current domain, in  4.690 seconds
Domain Reload Profiling: 8484ms
	BeginReloadAssembly (848ms)
		ExecutionOrderSort (0ms)
		DisableScriptedObjects (25ms)
		BackupInstance (0ms)
		ReleaseScriptingObjects (0ms)
		CreateAndSetChildDomain (95ms)
	RebuildCommonClasses (267ms)
	RebuildNativeTypeToScriptingClass (84ms)
	initialDomainReloadingComplete (255ms)
	LoadAllAssembliesAndSetupDomain (2338ms)
		LoadAssemblies (1546ms)
		RebuildTransferFunctionScriptingTraits (0ms)
		AnalyzeDomain (1325ms)
			TypeCache.Refresh (978ms)
				TypeCache.ScanAssembly (905ms)
			BuildScriptInfoCaches (280ms)
			ResolveRequiredComponents (52ms)
	FinalizeReload (4693ms)
		ReleaseScriptCaches (0ms)
		RebuildScriptCaches (0ms)
		SetupLoadedEditorAssemblies (3728ms)
			LogAssemblyErrors (0ms)
			InitializePlatformSupportModulesInManaged (55ms)
			SetLoadedEditorAssemblies (22ms)
			BeforeProcessingInitializeOnLoad (927ms)
			ProcessInitializeOnLoadAttributes (2333ms)
			ProcessInitializeOnLoadMethodAttributes (378ms)
			AfterProcessingInitializeOnLoad (13ms)
			EditorAssembliesLoaded (1ms)
		ExecutionOrderSort2 (0ms)
		AwakeInstancesAfterBackupRestoration (30ms)
Launched and connected shader compiler UnityShaderCompiler.exe after 0.03 seconds
Refreshing native plugins compatible for Editor in 9.29 ms, found 4 plugins.
Preloading 1 native plugins for Editor in 0.58 ms.
Unloading 234 Unused Serialized files (Serialized files now loaded: 0)
Unloading 6156 unused Assets / (5.0 MB). Loaded Objects now: 6887.
Memory consumption went from 257.1 MB to 252.0 MB.
Total: 89.533200 ms (FindLiveObjects: 2.881100 ms CreateObjectMapping: 4.759600 ms MarkObjects: 56.164000 ms  DeleteObjects: 25.722000 ms)

========================================================================
Received Import Request.
  Time since last request: 3844.067440 seconds.
  path: Assets/Material/Item/Obole.mat
  artifactKey: Guid(9e2f441ee2587ab42bc8fc53032cf0d6) Importer(2089858483,192608db42251d675da83286b1cce702)
Start importing Assets/Material/Item/Obole.mat using Guid(9e2f441ee2587ab42bc8fc53032cf0d6) Importer(2089858483,192608db42251d675da83286b1cce702) (ScriptedImporter) -> (artifact id: '5fd08171186b168e8b1dd217aa0928f7') in 2.3526198 seconds
Number of updated asset objects reloaded before import = 0Number of asset objects unloaded after import = 5

========================================================================
Received Import Request.
  Time since last request: 0.000093 seconds.
  path: Assets/Material/World/Water.mat
  artifactKey: Guid(bbc402ca52b1c4a48a3772841828b50e) Importer(2089858483,192608db42251d675da83286b1cce702)
Start importing Assets/Material/World/Water.mat using Guid(bbc402ca52b1c4a48a3772841828b50e) Importer(2089858483,192608db42251d675da83286b1cce702) (ScriptedImporter) -> (artifact id: '2e32846af97d103d0d0bb37f600bb302') in 0.1481127 seconds
Number of updated asset objects reloaded before import = 0Number of asset objects unloaded after import = 7

========================================================================
Received Import Request.
  Time since last request: 0.001515 seconds.
  path: Assets/Anim/Mermaid_Death.anim
  artifactKey: Guid(13409114ba6c2d6418199bfdd7ee8738) Importer(2089858483,192608db42251d675da83286b1cce702)
Start importing Assets/Anim/Mermaid_Death.anim using Guid(13409114ba6c2d6418199bfdd7ee8738) Importer(2089858483,192608db42251d675da83286b1cce702) (ScriptedImporter) -> (artifact id: 'f7f8d6e98d4e0a0342eccc4b063b625f') in 0.3839764 seconds
Number of updated asset objects reloaded before import = 0Number of asset objects unloaded after import = 1

========================================================================
Received Import Request.
  Time since last request: 0.000072 seconds.
  path: Assets/Material/Boss/ScyllaSnakeParticles.mat
  artifactKey: Guid(a0208d7630de7074182ac95005f4f285) Importer(2089858483,192608db42251d675da83286b1cce702)
Start importing Assets/Material/Boss/ScyllaSnakeParticles.mat using Guid(a0208d7630de7074182ac95005f4f285) Importer(2089858483,192608db42251d675da83286b1cce702) (ScriptedImporter) -> (artifact id: 'ab74f709d0c36babfb3322713f426448') in 0.1768363 seconds
Number of updated asset objects reloaded before import = 0Number of asset objects unloaded after import = 6

========================================================================
Received Import Request.
  Time since last request: 0.000133 seconds.
  path: Assets/Textures/boatLogo.png
  artifactKey: Guid(9d125007c3fc0884aadbe8d3f54ebcb3) Importer(2089858483,192608db42251d675da83286b1cce702)
Start importing Assets/Textures/boatLogo.png using Guid(9d125007c3fc0884aadbe8d3f54ebcb3) Importer(2089858483,192608db42251d675da83286b1cce702) (ScriptedImporter) -> (artifact id: '9295b6e8a4432cca8cad69e607d5b623') in 0.7038826 seconds
Number of updated asset objects reloaded before import = 0Number of asset objects unloaded after import = 3

========================================================================
Received Import Request.
  Time since last request: 0.000117 seconds.
  path: Assets/Audio/FXs/rockHit3.mp3
  artifactKey: Guid(96b87a4722b33ad4281b927b3da24ef5) Importer(2089858483,192608db42251d675da83286b1cce702)
Start importing Assets/Audio/FXs/rockHit3.mp3 using Guid(96b87a4722b33ad4281b927b3da24ef5) Importer(2089858483,192608db42251d675da83286b1cce702) (ScriptedImporter) -> (artifact id: '6d8da307ce5d9a99e812cc7263d29496') in 0.1395832 seconds
Number of updated asset objects reloaded before import = 0Number of asset objects unloaded after import = 1

========================================================================
Received Import Request.
  Time since last request: 0.000091 seconds.
  path: Assets/Prefab/Obstacles/Mermaid.prefab
  artifactKey: Guid(5df4dce32207c214ea94e96260282300) Importer(2089858483,192608db42251d675da83286b1cce702)
Start importing Assets/Prefab/Obstacles/Mermaid.prefab using Guid(5df4dce32207c214ea94e96260282300) Importer(2089858483,192608db42251d675da83286b1cce702) (ScriptedImporter) -> (artifact id: '2f82f2bf944c15a9a476c269e1e8995e') in 0.4114723 seconds
Number of updated asset objects reloaded before import = 0Number of asset objects unloaded after import = 39

========================================================================
Received Import Request.
  Time since last request: 0.000090 seconds.
  path: Assets/Prefab/Obstacles/Wreck.prefab
  artifactKey: Guid(f4522736cac93d547869aab4acb49a58) Importer(2089858483,192608db42251d675da83286b1cce702)
Start importing Assets/Prefab/Obstacles/Wreck.prefab using Guid(f4522736cac93d547869aab4acb49a58) Importer(2089858483,192608db42251d675da83286b1cce702) (ScriptedImporter) -> (artifact id: '5b435bda49b4d315359ecda0b4fc3117') in 0.16386 seconds
Number of updated asset objects reloaded before import = 0Number of asset objects unloaded after import = 42

========================================================================
Received Import Request.
  Time since last request: 0.000098 seconds.
  path: Assets/Prefab/Patterns/MainPatternConfig.asset
  artifactKey: Guid(784573aceb625ee4288d2b6460626922) Importer(2089858483,192608db42251d675da83286b1cce702)
Start importing Assets/Prefab/Patterns/MainPatternConfig.asset using Guid(784573aceb625ee4288d2b6460626922) Importer(2089858483,192608db42251d675da83286b1cce702) (ScriptedImporter) -> (artifact id: '1015110aa4599f325cf7199b11ecc40a') in 0.0459907 seconds
Number of updated asset objects reloaded before import = 0Number of asset objects unloaded after import = 1

========================================================================
Received Import Request.
  Time since last request: 0.000132 seconds.
  path: Assets/Anim/Charron_Idle.anim
  artifactKey: Guid(c71d58c56f732c548bb80c69a2c3e6fe) Importer(2089858483,192608db42251d675da83286b1cce702)
Start importing Assets/Anim/Charron_Idle.anim using Guid(c71d58c56f732c548bb80c69a2c3e6fe) Importer(2089858483,192608db42251d675da83286b1cce702) (ScriptedImporter) -> (artifact id: '7be9b3f76d14ff283b1fdc27ee9499ae') in 0.2213745 seconds
Number of updated asset objects reloaded before import = 0Number of asset objects unloaded after import = 1

========================================================================
Received Import Request.
  Time since last request: 0.000131 seconds.
  path: Assets/Prefab/UI/AudioButton.prefab
  artifactKey: Guid(c90a335b19425754f920b1189bd7f7ae) Importer(2089858483,192608db42251d675da83286b1cce702)
Start importing Assets/Prefab/UI/AudioButton.prefab using Guid(c90a335b19425754f920b1189bd7f7ae) Importer(2089858483,192608db42251d675da83286b1cce702) (ScriptedImporter)Refreshing native plugins compatible for Editor in 8.63 ms, found 4 plugins.
Preloading 1 native plugins for Editor in 0.41 ms.
 -> (artifact id: '8b095a061df83768f8590366441b5d5f') in 1.0280799 seconds
Number of updated asset objects reloaded before import = 0Number of asset objects unloaded after import = 139

========================================================================
Received Import Request.
  Time since last request: 0.000127 seconds.
  path: Assets/Audio/FXs/wave1.mp3
  artifactKey: Guid(8d51fb1634a061848a9c1081eec468fd) Importer(2089858483,192608db42251d675da83286b1cce702)
Start importing Assets/Audio/FXs/wave1.mp3 using Guid(8d51fb1634a061848a9c1081eec468fd) Importer(2089858483,192608db42251d675da83286b1cce702) (ScriptedImporter) -> (artifact id: 'f2302a1f9b3876694672e662cd3da190') in 0.1713262 seconds
Number of updated asset objects reloaded before import = 0Number of asset objects unloaded after import = 1

========================================================================
Received Import Request.
  Time since last request: 0.000128 seconds.
  path: Assets/Material/World/FakePlane.mat
  artifactKey: Guid(85bacc976c419b545a3415f923ccaf5f) Importer(2089858483,192608db42251d675da83286b1cce702)
Start importing Assets/Material/World/FakePlane.mat using Guid(85bacc976c419b545a3415f923ccaf5f) Importer(2089858483,192608db42251d675da83286b1cce702) (ScriptedImporter) -> (artifact id: 'da152f618fe11b34ebd6e5c2b09a270a') in 0.1446822 seconds
Number of updated asset objects reloaded before import = 0Number of asset objects unloaded after import = 1

========================================================================
Received Import Request.
  Time since last request: 0.000096 seconds.
  path: Assets/Scripts/Boss/AttackCollider.cs
  artifactKey: Guid(44600565d3fe38b43a501f71397d62cd) Importer(2089858483,192608db42251d675da83286b1cce702)
Start importing Assets/Scripts/Boss/AttackCollider.cs using Guid(44600565d3fe38b43a501f71397d62cd) Importer(2089858483,192608db42251d675da83286b1cce702) (ScriptedImporter) -> (artifact id: 'c39a784dc7f35640b88d9610a2b18979') in 0.1261249 seconds
Number of updated asset objects reloaded before import = 0Number of asset objects unloaded after import = 0

========================================================================
Received Import Request.
  Time since last request: 0.000115 seconds.
  path: Assets/Material/Obstacles/Spectre.mat
  artifactKey: Guid(bef3b68806ac5374bb19d467cb8a9438) Importer(2089858483,192608db42251d675da83286b1cce702)
Start importing Assets/Material/Obstacles/Spectre.mat using Guid(bef3b68806ac5374bb19d467cb8a9438) Importer(2089858483,192608db42251d675da83286b1cce702) (ScriptedImporter) -> (artifact id: 'fcbea3d5e8038801368f41c39c883872') in 0.1478722 seconds
Number of updated asset objects reloaded before import = 0Number of asset objects unloaded after import = 2

========================================================================
Received Import Request.
  Time since last request: 0.000188 seconds.
  path: Assets/Scripts/Boss/CharonAttack2.cs
  artifactKey: Guid(afb548c5d1620ac48a70b68bf09e317e) Importer(2089858483,192608db42251d675da83286b1cce702)
Start importing Assets/Scripts/Boss/CharonAttack2.cs using Guid(afb548c5d1620ac48a70b68bf09e317e) Importer(2089858483,192608db42251d675da83286b1cce702) (ScriptedImporter) -> (artifact id: '80478995aece70707a5c504e266b6f02') in 0.0852305 seconds
Number of updated asset objects reloaded before import = 0Number of asset objects unloaded after import = 0

========================================================================
Received Import Request.
  Time since last request: 0.000075 seconds.
  path: Assets/Scripts/Item/Obole.cs
  artifactKey: Guid(2d0284ff74fb2ed45bd0e83471ccb1a6) Importer(2089858483,192608db42251d675da83286b1cce702)
Start importing Assets/Scripts/Item/Obole.cs using Guid(2d0284ff74fb2ed45bd0e83471ccb1a6) Importer(2089858483,192608db42251d675da83286b1cce702) (ScriptedImporter) -> (artifact id: '9875c1f088ebf591a39ce3dcd7bf7341') in 0.1542774 seconds
Number of updated asset objects reloaded before import = 0Number of asset objects unloaded after import = 0

========================================================================
Received Import Request.
  Time since last request: 0.000058 seconds.
  path: Assets/Prefab/Item/Bullet.prefab
  artifactKey: Guid(48dbb95d5cd0e8343b7461596aa2175e) Importer(2089858483,192608db42251d675da83286b1cce702)
Start importing Assets/Prefab/Item/Bullet.prefab using Guid(48dbb95d5cd0e8343b7461596aa2175e) Importer(2089858483,192608db42251d675da83286b1cce702) (ScriptedImporter) -> (artifact id: 'e039c9b6ffa1a9ffcc5f7f1d27f00d93') in 0.2239037 seconds
Number of updated asset objects reloaded before import = 0Number of asset objects unloaded after import = 17

========================================================================
Received Import Request.
  Time since last request: 0.000095 seconds.
  path: Assets/Scripts/Obstacle/Hands.cs
  artifactKey: Guid(cc103ac386abd9c49a2a7d57e55f734c) Importer(2089858483,192608db42251d675da83286b1cce702)
Start importing Assets/Scripts/Obstacle/Hands.cs using Guid(cc103ac386abd9c49a2a7d57e55f734c) Importer(2089858483,192608db42251d675da83286b1cce702) (ScriptedImporter) -> (artifact id: '711b8dac58fa4fbecb535a27383b1cd1') in 0.0385947 seconds
Number of updated asset objects reloaded before import = 0Number of asset objects unloaded after import = 0

========================================================================
Received Import Request.
  Time since last request: 0.000082 seconds.
  path: Assets/Scripts/Obstacle/JellyFish.cs
  artifactKey: Guid(b2ff6ab4b8af9954191e57d4b465a121) Importer(2089858483,192608db42251d675da83286b1cce702)
Start importing Assets/Scripts/Obstacle/JellyFish.cs using Guid(b2ff6ab4b8af9954191e57d4b465a121) Importer(2089858483,192608db42251d675da83286b1cce702) (ScriptedImporter) -> (artifact id: 'f1ea627ecf8e7c34fabea1f60f610089') in 0.061441 seconds
Number of updated asset objects reloaded before import = 0Number of asset objects unloaded after import = 0

========================================================================
Received Import Request.
  Time since last request: 0.000064 seconds.
  path: Assets/Scripts/Audio/AudioManager.cs
  artifactKey: Guid(0ee782915b99a3249acd7d3cba250731) Importer(2089858483,192608db42251d675da83286b1cce702)
Start importing Assets/Scripts/Audio/AudioManager.cs using Guid(0ee782915b99a3249acd7d3cba250731) Importer(2089858483,192608db42251d675da83286b1cce702) (ScriptedImporter) -> (artifact id: '9576a1a58ca9264948ab77adf1d50344') in 0.0388626 seconds
Number of updated asset objects reloaded before import = 0Number of asset objects unloaded after import = 0

========================================================================
Received Import Request.
  Time since last request: 0.000061 seconds.
  path: Assets/Material/Boss/PreAttack.mat
  artifactKey: Guid(14373addf3589654bafdb20ac73c6636) Importer(2089858483,192608db42251d675da83286b1cce702)
Start importing Assets/Material/Boss/PreAttack.mat using Guid(14373addf3589654bafdb20ac73c6636) Importer(2089858483,192608db42251d675da83286b1cce702) (ScriptedImporter) -> (artifact id: 'aa252f783e2dcc6fa2e6b9b95ba88a01') in 0.0720281 seconds
Number of updated asset objects reloaded before import = 0Number of asset objects unloaded after import = 5

========================================================================
Received Import Request.
  Time since last request: 0.000087 seconds.
  path: Assets/Scripts/Scriptable/MaterialList.cs
  artifactKey: Guid(055faeb8a82ba3940957d1cd891ca791) Importer(2089858483,192608db42251d675da83286b1cce702)
Start importing Assets/Scripts/Scriptable/MaterialList.cs using Guid(055faeb8a82ba3940957d1cd891ca791) Importer(2089858483,192608db42251d675da83286b1cce702) (ScriptedImporter) -> (artifact id: 'd9e1df45f32fe2b7e1d97585447cacdf') in 0.0396366 seconds
Number of updated asset objects reloaded before import = 0Number of asset objects unloaded after import = 0

========================================================================
Received Import Request.
  Time since last request: 0.000047 seconds.
  path: Assets/Scripts/UI/AudioButton.cs
  artifactKey: Guid(b3e07d332f7cca54d9e4facb832537dd) Importer(2089858483,192608db42251d675da83286b1cce702)
Start importing Assets/Scripts/UI/AudioButton.cs using Guid(b3e07d332f7cca54d9e4facb832537dd) Importer(2089858483,192608db42251d675da83286b1cce702) (ScriptedImporter) -> (artifact id: '1a9e07a19434d5b30c6644a60abb0bef') in 0.0513357 seconds
Number of updated asset objects reloaded before import = 0Number of asset objects unloaded after import = 0

========================================================================
Received Import Request.
  Time since last request: 0.000084 seconds.
  path: Assets/Audio/FXs/boatHit3.mp3
  artifactKey: Guid(e2077d87fbe4b63428e8157d9b3766bc) Importer(2089858483,192608db42251d675da83286b1cce702)
Start importing Assets/Audio/FXs/boatHit3.mp3 using Guid(e2077d87fbe4b63428e8157d9b3766bc) Importer(2089858483,192608db42251d675da83286b1cce702) (ScriptedImporter) -> (artifact id: '9243b453443d1b0abdcdf854c38cce26') in 0.1210333 seconds
Number of updated asset objects reloaded before import = 0Number of asset objects unloaded after import = 1

========================================================================
Received Import Request.
  Time since last request: 0.000063 seconds.
  path: Assets/Scripts/UI/ButtonFloater.cs
  artifactKey: Guid(7895cb905c9360045bb9339ab15ea2b7) Importer(2089858483,192608db42251d675da83286b1cce702)
Start importing Assets/Scripts/UI/ButtonFloater.cs using Guid(7895cb905c9360045bb9339ab15ea2b7) Importer(2089858483,192608db42251d675da83286b1cce702) (ScriptedImporter) -> (artifact id: '2f5e080ae38358c71e78f44a98ce002a') in 0.0313346 seconds
Number of updated asset objects reloaded before import = 0Number of asset objects unloaded after import = 0

========================================================================
Received Import Request.
  Time since last request: 0.000041 seconds.
  path: Assets/Scripts/Utiilities/SaveManager.cs
  artifactKey: Guid(5d8f528cb8f14f542b772c06db766b68) Importer(2089858483,192608db42251d675da83286b1cce702)
Start importing Assets/Scripts/Utiilities/SaveManager.cs using Guid(5d8f528cb8f14f542b772c06db766b68) Importer(2089858483,192608db42251d675da83286b1cce702) (ScriptedImporter) -> (artifact id: '7a1d738462263100f24d0d5ad98539a9') in 0.0352012 seconds
Number of updated asset objects reloaded before import = 0Number of asset objects unloaded after import = 0

========================================================================
Received Import Request.
  Time since last request: 0.000055 seconds.
  path: Assets/Scripts/Utiilities/BiomesManager.cs
  artifactKey: Guid(93e7baa7a6c7ac2459440a6bc789e56a) Importer(2089858483,192608db42251d675da83286b1cce702)
Start importing Assets/Scripts/Utiilities/BiomesManager.cs using Guid(93e7baa7a6c7ac2459440a6bc789e56a) Importer(2089858483,192608db42251d675da83286b1cce702) (ScriptedImporter) -> (artifact id: 'b06e4423ae17907e206e74cc5c0632eb') in 0.0527264 seconds
Number of updated asset objects reloaded before import = 0Number of asset objects unloaded after import = 0

========================================================================
Received Import Request.
  Time since last request: 0.000141 seconds.
  path: Assets/Scripts/Utiilities/EditorMisc.cs
  artifactKey: Guid(d425ee2a2abda584da3efb2c664cc55c) Importer(2089858483,192608db42251d675da83286b1cce702)
Start importing Assets/Scripts/Utiilities/EditorMisc.cs using Guid(d425ee2a2abda584da3efb2c664cc55c) Importer(2089858483,192608db42251d675da83286b1cce702) (ScriptedImporter) -> (artifact id: '948aeee7dd1885fee5ac0178d0de8413') in 0.031045 seconds
Number of updated asset objects reloaded before import = 0Number of asset objects unloaded after import = 0

========================================================================
Received Import Request.
  Time since last request: 0.000034 seconds.
  path: Assets/Scripts/World/LanesManager.cs
  artifactKey: Guid(72eba15aea831134da394d2b1d3df9ae) Importer(2089858483,192608db42251d675da83286b1cce702)
Start importing Assets/Scripts/World/LanesManager.cs using Guid(72eba15aea831134da394d2b1d3df9ae) Importer(2089858483,192608db42251d675da83286b1cce702) (ScriptedImporter) -> (artifact id: 'cae33089fefe55aca21384b6ea6682bb') in 0.0303646 seconds
Number of updated asset objects reloaded before import = 0Number of asset objects unloaded after import = 0

========================================================================
Received Import Request.
  Time since last request: 0.000054 seconds.
  path: Assets/Scripts/World/WindManager.cs
  artifactKey: Guid(d88d26b38b3bcc34da985f066a55eac0) Importer(2089858483,192608db42251d675da83286b1cce702)
Start importing Assets/Scripts/World/WindManager.cs using Guid(d88d26b38b3bcc34da985f066a55eac0) Importer(2089858483,192608db42251d675da83286b1cce702) (ScriptedImporter) -> (artifact id: '31a642c5b99b3a7769c11493fb83f635') in 0.0358655 seconds
Number of updated asset objects reloaded before import = 0Number of asset objects unloaded after import = 0

========================================================================
Received Import Request.
  Time since last request: 0.000062 seconds.
  path: Assets/Audio/FXs/CharonHurt.mp3
  artifactKey: Guid(5e8948648ee7a6045a14549423b56819) Importer(2089858483,192608db42251d675da83286b1cce702)
Start importing Assets/Audio/FXs/CharonHurt.mp3 using Guid(5e8948648ee7a6045a14549423b56819) Importer(2089858483,192608db42251d675da83286b1cce702) (ScriptedImporter) -> (artifact id: '988fabe328244f804bca42c8b1ad7e2a') in 0.1436948 seconds
Number of updated asset objects reloaded before import = 0Number of asset objects unloaded after import = 1

========================================================================
Received Import Request.
  Time since last request: 0.000049 seconds.
  path: Assets/TextMesh Pro/Resources/TMP Settings.asset
  artifactKey: Guid(3f5b5dff67a942289a9defa416b206f3) Importer(2089858483,192608db42251d675da83286b1cce702)
Start importing Assets/TextMesh Pro/Resources/TMP Settings.asset using Guid(3f5b5dff67a942289a9defa416b206f3) Importer(2089858483,192608db42251d675da83286b1cce702) (ScriptedImporter) -> (artifact id: '776f7c7abb94451ad3a71758310d70ac') in 0.248128 seconds
Number of updated asset objects reloaded before import = 0Number of asset objects unloaded after import = 17

========================================================================
Received Import Request.
  Time since last request: 0.000247 seconds.
  path: Assets/TextMesh Pro/Fonts/LiberationSans - OFL.txt
  artifactKey: Guid(6e59c59b81ab47f9b6ec5781fa725d2c) Importer(2089858483,192608db42251d675da83286b1cce702)
Start importing Assets/TextMesh Pro/Fonts/LiberationSans - OFL.txt using Guid(6e59c59b81ab47f9b6ec5781fa725d2c) Importer(2089858483,192608db42251d675da83286b1cce702) (ScriptedImporter) -> (artifact id: '95d1edfbb194269efdd138fc937b862c') in 0.097874 seconds
Number of updated asset objects reloaded before import = 0Number of asset objects unloaded after import = 1

========================================================================
Received Import Request.
  Time since last request: 0.000055 seconds.
  path: Assets/TextMesh Pro/Shaders/TMP_SDF Overlay.shader
  artifactKey: Guid(dd89cf5b9246416f84610a006f916af7) Importer(2089858483,192608db42251d675da83286b1cce702)
Start importing Assets/TextMesh Pro/Shaders/TMP_SDF Overlay.shader using Guid(dd89cf5b9246416f84610a006f916af7) Importer(2089858483,192608db42251d675da83286b1cce702) (ScriptedImporter) -> (artifact id: '7c3f4ed1fcf8a5e55c3a9f8eef553fe0') in 0.0643278 seconds
Number of updated asset objects reloaded before import = 0Number of asset objects unloaded after import = 1

========================================================================
Received Import Request.
  Time since last request: 0.000062 seconds.
  path: Assets/Audio/FXs/mermaidChant2.mp3
  artifactKey: Guid(91386a094b7e4ea419ada6c2cf239b1f) Importer(2089858483,192608db42251d675da83286b1cce702)
Start importing Assets/Audio/FXs/mermaidChant2.mp3 using Guid(91386a094b7e4ea419ada6c2cf239b1f) Importer(2089858483,192608db42251d675da83286b1cce702) (ScriptedImporter) -> (artifact id: '87a6e351c6fe2408ee5466c1632b6660') in 0.063357 seconds
Number of updated asset objects reloaded before import = 0Number of asset objects unloaded after import = 1

========================================================================
Received Import Request.
  Time since last request: 0.000043 seconds.
  path: Assets/TextMesh Pro/Shaders/TMP_SDF-HDRP LIT.shadergraph
  artifactKey: Guid(ca2ed216f98028c4dae6c5224a952b3c) Importer(2089858483,192608db42251d675da83286b1cce702)
Start importing Assets/TextMesh Pro/Shaders/TMP_SDF-HDRP LIT.shadergraph using Guid(ca2ed216f98028c4dae6c5224a952b3c) Importer(2089858483,192608db42251d675da83286b1cce702) (ScriptedImporter) -> (artifact id: 'f0e722b3c4267c1c3676b8f42985715c') in 0.0831866 seconds
Number of updated asset objects reloaded before import = 0Number of asset objects unloaded after import = 3

========================================================================
Received Import Request.
  Time since last request: 0.000089 seconds.
  path: Assets/Anim/Spectre.controller
  artifactKey: Guid(7a5343792aa70134997cd5c07762e79c) Importer(2089858483,192608db42251d675da83286b1cce702)
Start importing Assets/Anim/Spectre.controller using Guid(7a5343792aa70134997cd5c07762e79c) Importer(2089858483,192608db42251d675da83286b1cce702) (ScriptedImporter) -> (artifact id: 'b1ac0b3b9706b91c82658328613be49c') in 0.3746702 seconds
Number of updated asset objects reloaded before import = 0Number of asset objects unloaded after import = 4

========================================================================
Received Import Request.
  Time since last request: 0.000110 seconds.
  path: Assets/TextMesh Pro/Shaders/TMP_SDF-Surface.shader
  artifactKey: Guid(f7ada0af4f174f0694ca6a487b8f543d) Importer(2089858483,192608db42251d675da83286b1cce702)
Start importing Assets/TextMesh Pro/Shaders/TMP_SDF-Surface.shader using Guid(f7ada0af4f174f0694ca6a487b8f543d) Importer(2089858483,192608db42251d675da83286b1cce702) (ScriptedImporter) -> (artifact id: '4a3b0ae5107d47a1a9ea8138205fe56e') in 0.0475251 seconds
Number of updated asset objects reloaded before import = 0Number of asset objects unloaded after import = 1

========================================================================
Received Import Request.
  Time since last request: 0.000052 seconds.
  path: Assets/Textures/ShopImages/Sa_2.png
  artifactKey: Guid(eaef3458ec5bec04ab75daddade6a13d) Importer(2089858483,192608db42251d675da83286b1cce702)
Start importing Assets/Textures/ShopImages/Sa_2.png using Guid(eaef3458ec5bec04ab75daddade6a13d) Importer(2089858483,192608db42251d675da83286b1cce702) (ScriptedImporter) -> (artifact id: '1de90bb72718c0eb61b70a46ae859ed6') in 0.0990642 seconds
Number of updated asset objects reloaded before import = 0Number of asset objects unloaded after import = 3

========================================================================
Received Import Request.
  Time since last request: 0.000088 seconds.
  path: Assets/Textures/ShopImages/Pl_2.png
  artifactKey: Guid(4ad894206e0800c4093dc967f8c40dc1) Importer(2089858483,192608db42251d675da83286b1cce702)
Start importing Assets/Textures/ShopImages/Pl_2.png using Guid(4ad894206e0800c4093dc967f8c40dc1) Importer(2089858483,192608db42251d675da83286b1cce702) (ScriptedImporter) -> (artifact id: 'ddb3bc9793997530a762cdab816d3ec4') in 0.1053902 seconds
Number of updated asset objects reloaded before import = 0Number of asset objects unloaded after import = 3

========================================================================
Received Import Request.
  Time since last request: 0.000107 seconds.
  path: Assets/Material/Player/Plank/Pl_4.mat
  artifactKey: Guid(a54e4e3e5c71a6645ac89b81a0a4436a) Importer(2089858483,192608db42251d675da83286b1cce702)
Start importing Assets/Material/Player/Plank/Pl_4.mat using Guid(a54e4e3e5c71a6645ac89b81a0a4436a) Importer(2089858483,192608db42251d675da83286b1cce702) (ScriptedImporter) -> (artifact id: 'df1bf757fc87ef1471a5afaf7ac6fd71') in 0.0826871 seconds
Number of updated asset objects reloaded before import = 0Number of asset objects unloaded after import = 2

========================================================================
Received Import Request.
  Time since last request: 0.000156 seconds.
  path: Assets/Material/Player/Sail/Sa_4.mat
  artifactKey: Guid(67461d0da851ec6498f0d237109e2230) Importer(2089858483,192608db42251d675da83286b1cce702)
Start importing Assets/Material/Player/Sail/Sa_4.mat using Guid(67461d0da851ec6498f0d237109e2230) Importer(2089858483,192608db42251d675da83286b1cce702) (ScriptedImporter) -> (artifact id: 'a1e45a0b0e09482afcd1876658d61b1c') in 0.0735903 seconds
Number of updated asset objects reloaded before import = 0Number of asset objects unloaded after import = 5

========================================================================
Received Import Request.
  Time since last request: 0.000094 seconds.
  path: Assets/Material/World/AlgeaMaterials/AlgeaBrown.mat
  artifactKey: Guid(31b229457d71869449a7fb0431fc057e) Importer(2089858483,192608db42251d675da83286b1cce702)
Start importing Assets/Material/World/AlgeaMaterials/AlgeaBrown.mat using Guid(31b229457d71869449a7fb0431fc057e) Importer(2089858483,192608db42251d675da83286b1cce702) (ScriptedImporter) -> (artifact id: '17e3910b5e54f2227fd3e3906702dd9b') in 0.1021479 seconds
Number of updated asset objects reloaded before import = 0Number of asset objects unloaded after import = 6

========================================================================
Received Import Request.
  Time since last request: 0.000089 seconds.
  path: Assets/Material/World/AlgeaMaterials/AlgeaYellow.mat
  artifactKey: Guid(37afea64e3fd6764c99645c3e38b9e7e) Importer(2089858483,192608db42251d675da83286b1cce702)
Start importing Assets/Material/World/AlgeaMaterials/AlgeaYellow.mat using Guid(37afea64e3fd6764c99645c3e38b9e7e) Importer(2089858483,192608db42251d675da83286b1cce702) (ScriptedImporter) -> (artifact id: 'a29eaaf14c67a6e9a72f0825c5a0e300') in 0.0889437 seconds
Number of updated asset objects reloaded before import = 0Number of asset objects unloaded after import = 6

========================================================================
Received Import Request.
  Time since last request: 0.000058 seconds.
  path: Assets/Textures/ShopImages/shopBG.png
  artifactKey: Guid(69851853175fdcc4da1f6536cbe85645) Importer(2089858483,192608db42251d675da83286b1cce702)
Start importing Assets/Textures/ShopImages/shopBG.png using Guid(69851853175fdcc4da1f6536cbe85645) Importer(2089858483,192608db42251d675da83286b1cce702) (ScriptedImporter) -> (artifact id: 'd0f7b2b042b023fa0230987ff1e11994') in 0.127918 seconds
Number of updated asset objects reloaded before import = 0Number of asset objects unloaded after import = 3

========================================================================
Received Import Request.
  Time since last request: 0.000091 seconds.
  path: Assets/Prefab/Patterns/Biome1/Pattern7.prefab
  artifactKey: Guid(1a429f143f5e4244e873a37dd1acf37e) Importer(2089858483,192608db42251d675da83286b1cce702)
Start importing Assets/Prefab/Patterns/Biome1/Pattern7.prefab using Guid(1a429f143f5e4244e873a37dd1acf37e) Importer(2089858483,192608db42251d675da83286b1cce702) (ScriptedImporter) -> (artifact id: '097b69c523aa6c1656a151ae6e511ee4') in 0.3759951 seconds
Number of updated asset objects reloaded before import = 0Number of asset objects unloaded after import = 145

========================================================================
Received Import Request.
  Time since last request: 0.000124 seconds.
  path: Assets/Prefab/Patterns/Biome2/Pattern7.prefab
  artifactKey: Guid(a6c65422971f243428796922e1d2b306) Importer(2089858483,192608db42251d675da83286b1cce702)
Start importing Assets/Prefab/Patterns/Biome2/Pattern7.prefab using Guid(a6c65422971f243428796922e1d2b306) Importer(2089858483,192608db42251d675da83286b1cce702) (ScriptedImporter) -> (artifact id: 'a5ee427f5c0329d637135ae879dcb03f') in 0.2537575 seconds
Number of updated asset objects reloaded before import = 0Number of asset objects unloaded after import = 415

========================================================================
Received Import Request.
  Time since last request: 0.000076 seconds.
  path: Assets/Prefab/Patterns/Biome2/Pattern4.prefab
  artifactKey: Guid(66723a7831a6d7048a9851e3f1e8558c) Importer(2089858483,192608db42251d675da83286b1cce702)
Start importing Assets/Prefab/Patterns/Biome2/Pattern4.prefab using Guid(66723a7831a6d7048a9851e3f1e8558c) Importer(2089858483,192608db42251d675da83286b1cce702) (ScriptedImporter) -> (artifact id: '1e0fc0ec0b26c2bea3c898934179b369') in 0.1624372 seconds
Number of updated asset objects reloaded before import = 0Number of asset objects unloaded after import = 276

========================================================================
Received Import Request.
  Time since last request: 0.000068 seconds.
  path: Assets/TextMesh Pro/Resources/Fonts & Materials/Debug.asset
  artifactKey: Guid(28d5939253c2e35479cd2bfc9e96f1a6) Importer(2089858483,192608db42251d675da83286b1cce702)
Start importing Assets/TextMesh Pro/Resources/Fonts & Materials/Debug.asset using Guid(28d5939253c2e35479cd2bfc9e96f1a6) Importer(2089858483,192608db42251d675da83286b1cce702) (ScriptedImporter) -> (artifact id: 'a3cdc9014f2d8dadec12ed0bf59817ae') in 0.2614057 seconds
Number of updated asset objects reloaded before import = 0Number of asset objects unloaded after import = 5

========================================================================
Received Import Request.
  Time since last request: 0.000107 seconds.
  path: Assets/TextMesh Pro/Resources/Fonts & Materials/LiberationSans SDF - Outline.mat
  artifactKey: Guid(79459efec17a4d00a321bdcc27bbc385) Importer(2089858483,192608db42251d675da83286b1cce702)
Start importing Assets/TextMesh Pro/Resources/Fonts & Materials/LiberationSans SDF - Outline.mat using Guid(79459efec17a4d00a321bdcc27bbc385) Importer(2089858483,192608db42251d675da83286b1cce702) (ScriptedImporter) -> (artifact id: '533b72683fe5f3bbc6dfadbe6e3f573c') in 0.1074721 seconds
Number of updated asset objects reloaded before import = 0Number of asset objects unloaded after import = 2

========================================================================
Received Import Request.
  Time since last request: 0.000069 seconds.
  path: Assets/Prefab/Patterns/Biome2/Pattern1.prefab
  artifactKey: Guid(70b7f0c63c6d19a4f801b31de71307ba) Importer(2089858483,192608db42251d675da83286b1cce702)
Start importing Assets/Prefab/Patterns/Biome2/Pattern1.prefab using Guid(70b7f0c63c6d19a4f801b31de71307ba) Importer(2089858483,192608db42251d675da83286b1cce702) (ScriptedImporter) -> (artifact id: '7f0cf73d7732aa72b1974b4a38bb4914') in 0.1472227 seconds
Number of updated asset objects reloaded before import = 0Number of asset objects unloaded after import = 401

========================================================================
Received Import Request.
  Time since last request: 0.000137 seconds.
  path: Assets/Material/Obstacles/MermaidSphere.mat
  artifactKey: Guid(b0881fed147fc7d45a3865ce00b6092b) Importer(2089858483,192608db42251d675da83286b1cce702)
Start importing Assets/Material/Obstacles/MermaidSphere.mat using Guid(b0881fed147fc7d45a3865ce00b6092b) Importer(2089858483,192608db42251d675da83286b1cce702) (ScriptedImporter) -> (artifact id: '13beee9f398811aa764c707c543d5a44') in 0.0981641 seconds
Number of updated asset objects reloaded before import = 0Number of asset objects unloaded after import = 5

========================================================================
Received Import Request.
  Time since last request: 0.000061 seconds.
  path: Assets/TextMesh Pro/Fonts/Gelio Greek Diner.ttf
  artifactKey: Guid(2a9cef7f66e8ca340b02fb9f893f4351) Importer(2089858483,192608db42251d675da83286b1cce702)
Start importing Assets/TextMesh Pro/Fonts/Gelio Greek Diner.ttf using Guid(2a9cef7f66e8ca340b02fb9f893f4351) Importer(2089858483,192608db42251d675da83286b1cce702) (ScriptedImporter) -> (artifact id: '1da073f696ec0bcf42227cea6ae976c7') in 0.0770672 seconds
Number of updated asset objects reloaded before import = 0Number of asset objects unloaded after import = 3

========================================================================
Received Import Request.
  Time since last request: 0.000080 seconds.
  path: Assets/Audio/FXs/bubble.mp3
  artifactKey: Guid(48fe9cff288b9f147b694f2b8621809a) Importer(2089858483,192608db42251d675da83286b1cce702)
Start importing Assets/Audio/FXs/bubble.mp3 using Guid(48fe9cff288b9f147b694f2b8621809a) Importer(2089858483,192608db42251d675da83286b1cce702) (ScriptedImporter) -> (artifact id: '4c597c0a2b9519597b999eca6681db3f') in 0.0911311 seconds
Number of updated asset objects reloaded before import = 0Number of asset objects unloaded after import = 1

========================================================================
Received Import Request.
  Time since last request: 0.000042 seconds.
  path: Assets/Models/Obole.fbx
  artifactKey: Guid(7079f86d273e6624398705353b4f7807) Importer(2089858483,192608db42251d675da83286b1cce702)
Start importing Assets/Models/Obole.fbx using Guid(7079f86d273e6624398705353b4f7807) Importer(2089858483,192608db42251d675da83286b1cce702) (ScriptedImporter) -> (artifact id: '9a764018df3c404c88bcf49d635af6ef') in 0.1589218 seconds
Number of updated asset objects reloaded before import = 0Number of asset objects unloaded after import = 9

========================================================================
Received Import Request.
  Time since last request: 0.000078 seconds.
  path: Assets/Anim/Snake_Rise.anim
  artifactKey: Guid(58960940ae4d6344981b22dcf290aa57) Importer(2089858483,192608db42251d675da83286b1cce702)
Start importing Assets/Anim/Snake_Rise.anim using Guid(58960940ae4d6344981b22dcf290aa57) Importer(2089858483,192608db42251d675da83286b1cce702) (ScriptedImporter) -> (artifact id: '0dcb3b6f3b480933df4f6ff8ab20a725') in 0.091543 seconds
Number of updated asset objects reloaded before import = 0Number of asset objects unloaded after import = 1

========================================================================
Received Import Request.
  Time since last request: 0.000093 seconds.
  path: Assets/Material/RunSkyBox.mat
  artifactKey: Guid(1def71f9bdca0274ca8fc00e40dd00ad) Importer(2089858483,192608db42251d675da83286b1cce702)
Start importing Assets/Material/RunSkyBox.mat using Guid(1def71f9bdca0274ca8fc00e40dd00ad) Importer(2089858483,192608db42251d675da83286b1cce702) (ScriptedImporter) -> (artifact id: 'e1268007f321a3b5557749794e856e2a') in 0.1867146 seconds
Number of updated asset objects reloaded before import = 0Number of asset objects unloaded after import = 1

========================================================================
Received Import Request.
  Time since last request: 0.000121 seconds.
  path: Assets/Textures/Smoke.png
  artifactKey: Guid(6b1a8fd390ef03b458bd0803d3b7382f) Importer(2089858483,192608db42251d675da83286b1cce702)
Start importing Assets/Textures/Smoke.png using Guid(6b1a8fd390ef03b458bd0803d3b7382f) Importer(2089858483,192608db42251d675da83286b1cce702) (ScriptedImporter) -> (artifact id: '890629837213b34fc56c53e36a30b2fd') in 0.2422059 seconds
Number of updated asset objects reloaded before import = 0Number of asset objects unloaded after import = 3

========================================================================
Received Import Request.
  Time since last request: 0.000087 seconds.
  path: Assets/Material/Obstacles/MermaidHalo.mat
  artifactKey: Guid(399f9ad3524d4d54586abde254c2bd63) Importer(2089858483,192608db42251d675da83286b1cce702)
Start importing Assets/Material/Obstacles/MermaidHalo.mat using Guid(399f9ad3524d4d54586abde254c2bd63) Importer(2089858483,192608db42251d675da83286b1cce702) (ScriptedImporter) -> (artifact id: '76ffc3a16c3f4c831ed24ee8e0bca32f') in 0.1266683 seconds
Number of updated asset objects reloaded before import = 0Number of asset objects unloaded after import = 6

========================================================================
Received Import Request.
  Time since last request: 0.000116 seconds.
  path: Assets/Audio/FXs/scyllaDeath.mp3
  artifactKey: Guid(dd25ae3ea50337a43897cdfc76d532e2) Importer(2089858483,192608db42251d675da83286b1cce702)
Start importing Assets/Audio/FXs/scyllaDeath.mp3 using Guid(dd25ae3ea50337a43897cdfc76d532e2) Importer(2089858483,192608db42251d675da83286b1cce702) (ScriptedImporter) -> (artifact id: '12574be7b9aa84f4938ab5dc1dac35f6') in 0.130979 seconds
Number of updated asset objects reloaded before import = 0Number of asset objects unloaded after import = 1

========================================================================
Received Import Request.
  Time since last request: 0.000060 seconds.
  path: Assets/Anim/Snake_Attack.anim
  artifactKey: Guid(b26186eea767f7f4c89414ae344c4444) Importer(2089858483,192608db42251d675da83286b1cce702)
Start importing Assets/Anim/Snake_Attack.anim using Guid(b26186eea767f7f4c89414ae344c4444) Importer(2089858483,192608db42251d675da83286b1cce702) (ScriptedImporter) -> (artifact id: '49f36d4874f0f70f068a40a215a586a4') in 0.1255882 seconds
Number of updated asset objects reloaded before import = 0Number of asset objects unloaded after import = 1

========================================================================
Received Import Request.
  Time since last request: 0.000124 seconds.
  path: Assets/Scripts/UI/ScoreUI.cs
  artifactKey: Guid(e81bc74de3f182c489a03abf7e3b520a) Importer(2089858483,192608db42251d675da83286b1cce702)
Start importing Assets/Scripts/UI/ScoreUI.cs using Guid(e81bc74de3f182c489a03abf7e3b520a) Importer(2089858483,192608db42251d675da83286b1cce702) (ScriptedImporter) -> (artifact id: '1ec15cd714a6896f50f2ef121c686675') in 0.1050512 seconds
Number of updated asset objects reloaded before import = 0Number of asset objects unloaded after import = 0

========================================================================
Received Import Request.
  Time since last request: 0.000116 seconds.
  path: Assets/Audio/FXs/cannon3.mp3
  artifactKey: Guid(3b629cd644d056b468f728004fd41c51) Importer(2089858483,192608db42251d675da83286b1cce702)
Start importing Assets/Audio/FXs/cannon3.mp3 using Guid(3b629cd644d056b468f728004fd41c51) Importer(2089858483,192608db42251d675da83286b1cce702) (ScriptedImporter) -> (artifact id: '65c4e37ec05431ace9e57591791cc704') in 0.2129018 seconds
Number of updated asset objects reloaded before import = 0Number of asset objects unloaded after import = 1

========================================================================
Received Import Request.
  Time since last request: 0.000073 seconds.
  path: Assets/Anim/Snake_Dance.anim
  artifactKey: Guid(97ec5a3ddd77a44498120ab4d415372d) Importer(2089858483,192608db42251d675da83286b1cce702)
Start importing Assets/Anim/Snake_Dance.anim using Guid(97ec5a3ddd77a44498120ab4d415372d) Importer(2089858483,192608db42251d675da83286b1cce702) (ScriptedImporter) -> (artifact id: 'aa3212afb7daf969ba8650bbe23e7d92') in 0.5569327 seconds
Number of updated asset objects reloaded before import = 0Number of asset objects unloaded after import = 1

========================================================================
Received Import Request.
  Time since last request: 0.000048 seconds.
  path: Assets/Shaders/TransparentDoubleSide.shadergraph
  artifactKey: Guid(d0c4bc84cdc5596429388f8a26eeb15d) Importer(2089858483,192608db42251d675da83286b1cce702)
Start importing Assets/Shaders/TransparentDoubleSide.shadergraph using Guid(d0c4bc84cdc5596429388f8a26eeb15d) Importer(2089858483,192608db42251d675da83286b1cce702) (ScriptedImporter) -> (artifact id: '894bbee81863ea299fbf78fd55d68a9e') in 0.048144 seconds
Number of updated asset objects reloaded before import = 0Number of asset objects unloaded after import = 4

========================================================================
Received Import Request.
  Time since last request: 0.000076 seconds.
  path: Assets/Shaders/MermaidHallo.shadergraph
  artifactKey: Guid(606b2368652ad2d4c97870f49baa9b77) Importer(2089858483,192608db42251d675da83286b1cce702)
Start importing Assets/Shaders/MermaidHallo.shadergraph using Guid(606b2368652ad2d4c97870f49baa9b77) Importer(2089858483,192608db42251d675da83286b1cce702) (ScriptedImporter) -> (artifact id: '30372eaa85cfa4bb211ba29dd8cc6397') in 0.0528023 seconds
Number of updated asset objects reloaded before import = 0Number of asset objects unloaded after import = 5

========================================================================
Received Import Request.
  Time since last request: 0.000050 seconds.
  path: Assets/Textures/portailUI.png
  artifactKey: Guid(807db98a509752f4e876f9c5e5678521) Importer(2089858483,192608db42251d675da83286b1cce702)
Start importing Assets/Textures/portailUI.png using Guid(807db98a509752f4e876f9c5e5678521) Importer(2089858483,192608db42251d675da83286b1cce702) (ScriptedImporter) -> (artifact id: '49e3251aa6227323daffd3adcfd9a5a2') in 0.095526 seconds
Number of updated asset objects reloaded before import = 0Number of asset objects unloaded after import = 3

========================================================================
Received Import Request.
  Time since last request: 0.000098 seconds.
  path: Assets/Prefab/UI/ButtonFloat.prefab
  artifactKey: Guid(11031fa83a7a9dc4b8ef17741bc2d58f) Importer(2089858483,192608db42251d675da83286b1cce702)
Start importing Assets/Prefab/UI/ButtonFloat.prefab using Guid(11031fa83a7a9dc4b8ef17741bc2d58f) Importer(2089858483,192608db42251d675da83286b1cce702) (ScriptedImporter) -> (artifact id: '5e134584feec683ee44b34a5ecab5e84') in 0.0968409 seconds
Number of updated asset objects reloaded before import = 0Number of asset objects unloaded after import = 14

========================================================================
Received Import Request.
  Time since last request: 0.000059 seconds.
  path: Assets/Audio/FXs/mermaidHurt1.mp3
  artifactKey: Guid(595378119f9889d4f84d3fcf04569199) Importer(2089858483,192608db42251d675da83286b1cce702)
Start importing Assets/Audio/FXs/mermaidHurt1.mp3 using Guid(595378119f9889d4f84d3fcf04569199) Importer(2089858483,192608db42251d675da83286b1cce702) (ScriptedImporter) -> (artifact id: 'd4ec0a6614e4c839bd0d1ffa2f36f762') in 0.0766546 seconds
Number of updated asset objects reloaded before import = 0Number of asset objects unloaded after import = 1

========================================================================
Received Import Request.
  Time since last request: 0.000076 seconds.
  path: Assets/Prefab/Patterns/Biome2/Pattern5.prefab
  artifactKey: Guid(c5b63d6efec999c49bec3559b0160e18) Importer(2089858483,192608db42251d675da83286b1cce702)
Start importing Assets/Prefab/Patterns/Biome2/Pattern5.prefab using Guid(c5b63d6efec999c49bec3559b0160e18) Importer(2089858483,192608db42251d675da83286b1cce702) (ScriptedImporter) -> (artifact id: '260c2af9978ab6e9fb0c8bbf9bd8ec40') in 0.1239111 seconds
Number of updated asset objects reloaded before import = 0Number of asset objects unloaded after import = 409

========================================================================
Received Import Request.
  Time since last request: 0.000058 seconds.
  path: Assets/TextMesh Pro/Fonts/LiberationSans.ttf
  artifactKey: Guid(e3265ab4bf004d28a9537516768c1c75) Importer(2089858483,192608db42251d675da83286b1cce702)
Start importing Assets/TextMesh Pro/Fonts/LiberationSans.ttf using Guid(e3265ab4bf004d28a9537516768c1c75) Importer(2089858483,192608db42251d675da83286b1cce702) (ScriptedImporter) -> (artifact id: 'ae41a135cd3983dd3a7ec21291afa3e2') in 0.0484596 seconds
Number of updated asset objects reloaded before import = 0Number of asset objects unloaded after import = 3

========================================================================
Received Import Request.
  Time since last request: 0.000096 seconds.
  path: Assets/Scripts/UI/SoundMenu.cs
  artifactKey: Guid(63b95e21604429e42905ae5ae582db51) Importer(2089858483,192608db42251d675da83286b1cce702)
Start importing Assets/Scripts/UI/SoundMenu.cs using Guid(63b95e21604429e42905ae5ae582db51) Importer(2089858483,192608db42251d675da83286b1cce702) (ScriptedImporter) -> (artifact id: 'bfb44fdbfc65dc30c42dcc93fda837d6') in 0.0367848 seconds
Number of updated asset objects reloaded before import = 0Number of asset objects unloaded after import = 0

========================================================================
Received Import Request.
  Time since last request: 61.028214 seconds.
  path: Assets/Anim/Charon_Hidden.anim
  artifactKey: Guid(c137cb0ef00168c4cb9e2b7d2b45b30b) Importer(815301076,1909f56bfc062723c751e8b465ee728b)
Start importing Assets/Anim/Charon_Hidden.anim using Guid(c137cb0ef00168c4cb9e2b7d2b45b30b) Importer(815301076,1909f56bfc062723c751e8b465ee728b) (PreviewImporter) -> (artifact id: '560e828dcc28234b72bcd004c0eebf36') in 0.0204005 seconds
Number of updated asset objects reloaded before import = 0Number of asset objects unloaded after import = 1

========================================================================
Received Import Request.
  Time since last request: 0.295780 seconds.
  path: Assets/Anim/Charon.controller
  artifactKey: Guid(9b8758abb610a2f408c7faa8d1c48b77) Importer(815301076,1909f56bfc062723c751e8b465ee728b)
Start importing Assets/Anim/Charon.controller using Guid(9b8758abb610a2f408c7faa8d1c48b77) Importer(815301076,1909f56bfc062723c751e8b465ee728b) (PreviewImporter) -> (artifact id: '72aeb25887ed7e6af0dd95c8c2bc5774') in 0.0194541 seconds
Number of updated asset objects reloaded before import = 0Number of asset objects unloaded after import = 20

