Using pre-set license
Built from '6000.1/staging' branch; Version is '6000.1.7f1 (13a8ffad9172) revision 1288447'; Using compiler version '194234433'; Build Type 'Release'
OS: 'Windows 11  (10.0.26100) 64bit Core' Language: 'fr' Physical Memory: 48965 MB
BatchMode: 1, IsHumanControllingUs: 0, StartBugReporterOnCrash: 0, Is64bit: 1, IsPro: 1
Date: 2025-06-18T15:31:06Z

COMMAND LINE ARGUMENTS:
C:\Program Files\Unity\Hub\Editor\6000.1.7f1\Editor\Unity.exe
-adb2
-batchMode
-noUpm
-name
AssetImportWorker11
-projectPath
D:/Unity projects/InfiniteRunner
-logFile
Logs/AssetImportWorker11.log
-srvPort
58219
-job-worker-count
7
-background-job-worker-count
8
-gc-helper-count
1
-name
AssetImport
Successfully changed project path to: D:/Unity projects/InfiniteRunner
D:/Unity projects/InfiniteRunner
[UnityMemory] Configuration Parameters - Can be set up in boot.config
    "memorysetup-allocator-temp-initial-block-size-main=262144"
    "memorysetup-allocator-temp-initial-block-size-worker=262144"
    "memorysetup-bucket-allocator-granularity=16"
    "memorysetup-bucket-allocator-bucket-count=8"
    "memorysetup-bucket-allocator-block-size=33554432"
    "memorysetup-bucket-allocator-block-count=8"
    "memorysetup-main-allocator-block-size=16777216"
    "memorysetup-thread-allocator-block-size=16777216"
    "memorysetup-gfx-main-allocator-block-size=16777216"
    "memorysetup-gfx-thread-allocator-block-size=16777216"
    "memorysetup-cache-allocator-block-size=4194304"
    "memorysetup-typetree-allocator-block-size=2097152"
    "memorysetup-profiler-bucket-allocator-granularity=16"
    "memorysetup-profiler-bucket-allocator-bucket-count=8"
    "memorysetup-profiler-bucket-allocator-block-size=33554432"
    "memorysetup-profiler-bucket-allocator-block-count=8"
    "memorysetup-profiler-allocator-block-size=16777216"
    "memorysetup-profiler-editor-allocator-block-size=1048576"
    "memorysetup-temp-allocator-size-main=16777216"
    "memorysetup-job-temp-allocator-block-size=2097152"
    "memorysetup-job-temp-allocator-block-size-background=1048576"
    "memorysetup-job-temp-allocator-reduction-small-platforms=262144"
    "memorysetup-temp-allocator-size-background-worker=32768"
    "memorysetup-temp-allocator-size-job-worker=262144"
    "memorysetup-temp-allocator-size-preload-manager=33554432"
    "memorysetup-temp-allocator-size-nav-mesh-worker=65536"
    "memorysetup-temp-allocator-size-audio-worker=65536"
    "memorysetup-temp-allocator-size-cloud-worker=32768"
    "memorysetup-temp-allocator-size-gi-baking-worker=262144"
    "memorysetup-temp-allocator-size-gi-baking-worker=262144"
    "memorysetup-temp-allocator-size-gi-baking-worker=262144"
    "memorysetup-temp-allocator-size-gi-baking-worker=262144"
    "memorysetup-temp-allocator-size-gi-baking-worker=262144"
    "memorysetup-temp-allocator-size-gfx=262144"
Player connection [25064]  Target information:

Player connection [25064]  * "[IP] 192.168.1.62 [Port] 0 [Flags] 2 [Guid] 547739540 [EditorId] 547739540 [Version] 1048832 [Id] WindowsEditor(7,DESKTOP-3UTH55C) [Debug] 1 [PackageName] WindowsEditor [ProjectName] Editor" 

Player connection [25064]  * "[IP] 169.254.123.189 [Port] 0 [Flags] 2 [Guid] 547739540 [EditorId] 547739540 [Version] 1048832 [Id] WindowsEditor(7,DESKTOP-3UTH55C) [Debug] 1 [PackageName] WindowsEditor [ProjectName] Editor" 

Player connection [25064] Host joined multi-casting on [225.0.0.222:54997]...
Player connection [25064] Host joined alternative multi-casting on [225.0.0.222:34997]...
JobSystem: Creating JobQueue using job-worker-count value 7
Input System module state changed to: Initialized.
[Physics::Module] Initialized fallback backend.
[Physics::Module] Id: 0xdecafbad
Library Redirect Path: Library/
[Physics::Module] Selected backend.
[Physics::Module] Name: PhysX
[Physics::Module] Id: 0xf2b8ea05
[Physics::Module] SDK Version: 4.1.2
[Physics::Module] Integration Version: 1.0.0
[Physics::Module] Threading Mode: Multi-Threaded
Refreshing native plugins compatible for Editor in 18.89 ms, found 4 plugins.
Preloading 1 native plugins for Editor in 35.87 ms.
Initialize engine version: 6000.1.7f1 (13a8ffad9172)
[Subsystems] Discovering subsystems at path C:/Program Files/Unity/Hub/Editor/6000.1.7f1/Editor/Data/Resources/UnitySubsystems
[Subsystems] Discovering subsystems at path D:/Unity projects/InfiniteRunner/Assets
GfxDevice: creating device client; kGfxThreadingModeNonThreaded
Direct3D:
    Version:  Direct3D 11.0 [level 11.1]
    Renderer: NVIDIA GeForce RTX 2060 (ID=0x1f08)
    Vendor:   NVIDIA
    VRAM:     5955 MB
    Driver:   32.0.15.7652
Initialize mono
Mono path[0] = 'C:/Program Files/Unity/Hub/Editor/6000.1.7f1/Editor/Data/Managed'
Mono path[1] = 'C:/Program Files/Unity/Hub/Editor/6000.1.7f1/Editor/Data/MonoBleedingEdge/lib/mono/unityjit-win32'
Mono config path = 'C:/Program Files/Unity/Hub/Editor/6000.1.7f1/Editor/Data/MonoBleedingEdge/etc'
Using monoOptions --debugger-agent=transport=dt_socket,embedding=1,server=y,suspend=n,address=127.0.0.1:56156
Begin MonoManager ReloadAssembly
Registering precompiled unity dll's ...
Register platform support module: C:/Program Files/Unity/Hub/Editor/6000.1.7f1/Editor/Data/PlaybackEngines/WindowsStandaloneSupport/UnityEditor.WindowsStandalone.Extensions.dll
Register platform support module: C:/Program Files/Unity/Hub/Editor/6000.1.7f1/Editor/Data/PlaybackEngines/MetroSupport/UnityEditor.UWP.Extensions.dll
Register platform support module: C:/Program Files/Unity/Hub/Editor/6000.1.7f1/Editor/Data/PlaybackEngines/AndroidPlayer/UnityEditor.Android.Extensions.dll
Registered in 0.015117 seconds.
- Loaded All Assemblies, in  6.394 seconds
Native extension for Android target not found
Unauthorized device detected, Id: R38M20GQVNL, please add debug authorization and reconnect.
UnityEngine.Debug:ExtractStackTraceNoAlloc (byte*,int,string)
UnityEngine.StackTraceUtility:ExtractStackTrace ()
UnityEngine.DebugLogHandler:Internal_Log (UnityEngine.LogType,UnityEngine.LogOption,string,UnityEngine.Object)
UnityEngine.DebugLogHandler:LogFormat (UnityEngine.LogType,UnityEngine.Object,string,object[])
UnityEngine.Logger:LogFormat (UnityEngine.LogType,string,object[])
UnityEngine.Debug:LogFormat (string,object[])
UnityEditor.Android.AndroidDeploymentTargetsExtension:GetKnownTargets (UnityEditor.DeploymentTargets.IDeploymentTargetsMainThreadContext,UnityEditor.ProgressHandler) (at /home/bokken/build/output/unity/unity/PlatformDependent/AndroidPlayer/Editor/Managed/DeploymentTargets/AndroidDeploymentTargetsExtension.cs:398)
UnityEditor.Android.TargetScanWorker:ScanSync () (at /home/bokken/build/output/unity/unity/PlatformDependent/AndroidPlayer/Editor/Managed/TargetScanWorker.cs:164)
UnityEditor.Android.TargetExtension:OnUsbDevicesChanged (UnityEditor.Hardware.UsbDevice[]) (at /home/bokken/build/output/unity/unity/PlatformDependent/AndroidPlayer/Editor/Managed/ExtensionModule.cs:114)
UnityEditor.Android.TargetExtension:OnLoad () (at /home/bokken/build/output/unity/unity/PlatformDependent/AndroidPlayer/Editor/Managed/ExtensionModule.cs:75)
UnityEditor.Modules.ModuleManager:InitializePlatformSupportModules ()

(Filename: /home/bokken/build/output/unity/unity/PlatformDependent/AndroidPlayer/Editor/Managed/DeploymentTargets/AndroidDeploymentTargetsExtension.cs Line: 398)

Android Extension - Scanning For ADB Devices 4953 ms
Native extension for UWP target not found
Native extension for WindowsStandalone target not found
Mono: successfully reloaded assembly
- Finished resetting the current domain, in  8.861 seconds
Domain Reload Profiling: 15214ms
	BeginReloadAssembly (1780ms)
		ExecutionOrderSort (0ms)
		DisableScriptedObjects (0ms)
		BackupInstance (0ms)
		ReleaseScriptingObjects (0ms)
		CreateAndSetChildDomain (8ms)
	RebuildCommonClasses (236ms)
	RebuildNativeTypeToScriptingClass (54ms)
	initialDomainReloadingComplete (366ms)
	LoadAllAssembliesAndSetupDomain (3914ms)
		LoadAssemblies (1767ms)
		RebuildTransferFunctionScriptingTraits (0ms)
		AnalyzeDomain (3877ms)
			TypeCache.Refresh (3869ms)
				TypeCache.ScanAssembly (3779ms)
			BuildScriptInfoCaches (1ms)
			ResolveRequiredComponents (3ms)
	FinalizeReload (8863ms)
		ReleaseScriptCaches (0ms)
		RebuildScriptCaches (0ms)
		SetupLoadedEditorAssemblies (8263ms)
			LogAssemblyErrors (0ms)
			InitializePlatformSupportModulesInManaged (5822ms)
			SetLoadedEditorAssemblies (13ms)
			BeforeProcessingInitializeOnLoad (267ms)
			ProcessInitializeOnLoadAttributes (1376ms)
			ProcessInitializeOnLoadMethodAttributes (786ms)
			AfterProcessingInitializeOnLoad (0ms)
			EditorAssembliesLoaded (0ms)
		ExecutionOrderSort2 (0ms)
		AwakeInstancesAfterBackupRestoration (0ms)
========================================================================
Worker process is ready to serve import requests
Import Worker Mode flag is 0x00
Begin MonoManager ReloadAssembly
- Loaded All Assemblies, in  4.780 seconds
Refreshing native plugins compatible for Editor in 4.91 ms, found 4 plugins.
Native extension for Android target not found
Native extension for UWP target not found
Native extension for WindowsStandalone target not found
Mono: successfully reloaded assembly
- Finished resetting the current domain, in  6.535 seconds
Domain Reload Profiling: 11308ms
	BeginReloadAssembly (1100ms)
		ExecutionOrderSort (0ms)
		DisableScriptedObjects (33ms)
		BackupInstance (0ms)
		ReleaseScriptingObjects (0ms)
		CreateAndSetChildDomain (125ms)
	RebuildCommonClasses (221ms)
	RebuildNativeTypeToScriptingClass (63ms)
	initialDomainReloadingComplete (177ms)
	LoadAllAssembliesAndSetupDomain (3209ms)
		LoadAssemblies (2013ms)
		RebuildTransferFunctionScriptingTraits (0ms)
		AnalyzeDomain (1898ms)
			TypeCache.Refresh (1628ms)
				TypeCache.ScanAssembly (1558ms)
			BuildScriptInfoCaches (210ms)
			ResolveRequiredComponents (51ms)
	FinalizeReload (6538ms)
		ReleaseScriptCaches (0ms)
		RebuildScriptCaches (0ms)
		SetupLoadedEditorAssemblies (4570ms)
			LogAssemblyErrors (0ms)
			InitializePlatformSupportModulesInManaged (97ms)
			SetLoadedEditorAssemblies (39ms)
			BeforeProcessingInitializeOnLoad (746ms)
			ProcessInitializeOnLoadAttributes (2876ms)
			ProcessInitializeOnLoadMethodAttributes (773ms)
			AfterProcessingInitializeOnLoad (38ms)
			EditorAssembliesLoaded (1ms)
		ExecutionOrderSort2 (0ms)
		AwakeInstancesAfterBackupRestoration (41ms)
Launched and connected shader compiler UnityShaderCompiler.exe after 0.08 seconds
Refreshing native plugins compatible for Editor in 64.54 ms, found 4 plugins.
Preloading 1 native plugins for Editor in 5.73 ms.
Unloading 234 Unused Serialized files (Serialized files now loaded: 0)
Unloading 6155 unused Assets / (6.2 MB). Loaded Objects now: 6886.
Memory consumption went from 254.8 MB to 248.6 MB.
Total: 100.322800 ms (FindLiveObjects: 3.096100 ms CreateObjectMapping: 3.324300 ms MarkObjects: 72.819700 ms  DeleteObjects: 21.074900 ms)

========================================================================
Received Prepare
Refreshing native plugins compatible for Editor in 13.27 ms, found 4 plugins.
Preloading 1 native plugins for Editor in 0.56 ms.
Unloading 17 Unused Serialized files (Serialized files now loaded: 0)
Unloading 6142 unused Assets / (5.7 MB). Loaded Objects now: 6886.
Memory consumption went from 216.4 MB to 210.7 MB.
Total: 10937.085300 ms (FindLiveObjects: 4.440400 ms CreateObjectMapping: 2.584300 ms MarkObjects: 10902.273500 ms  DeleteObjects: 27.780300 ms)

Prepare: number of updated asset objects reloaded= 0
========================================================================
Received Import Request.
  Time since last request: 17461.663681 seconds.
  path: Assets/Prefab/Item/StyxRelique.prefab
  artifactKey: Guid(a1a742f8da800914487baa803b941ce6) Importer(815301076,1909f56bfc062723c751e8b465ee728b)
Start importing Assets/Prefab/Item/StyxRelique.prefab using Guid(a1a742f8da800914487baa803b941ce6) Importer(815301076,1909f56bfc062723c751e8b465ee728b) (PreviewImporter) -> (artifact id: 'a43db896f1d7f507b228bc84cfa4f1b9') in 22.2239541 seconds
Number of updated asset objects reloaded before import = 0Number of asset objects unloaded after import = 35

========================================================================
Received Prepare
Begin MonoManager ReloadAssembly
- Loaded All Assemblies, in 11.623 seconds
Refreshing native plugins compatible for Editor in 88.93 ms, found 4 plugins.
Native extension for Android target not found
Native extension for UWP target not found
Native extension for WindowsStandalone target not found
Mono: successfully reloaded assembly
- Finished resetting the current domain, in 14.946 seconds
Domain Reload Profiling: 26448ms
	BeginReloadAssembly (2906ms)
		ExecutionOrderSort (0ms)
		DisableScriptedObjects (125ms)
		BackupInstance (0ms)
		ReleaseScriptingObjects (2ms)
		CreateAndSetChildDomain (1405ms)
	RebuildCommonClasses (1336ms)
	RebuildNativeTypeToScriptingClass (876ms)
	initialDomainReloadingComplete (1301ms)
	LoadAllAssembliesAndSetupDomain (5080ms)
		LoadAssemblies (3449ms)
		RebuildTransferFunctionScriptingTraits (0ms)
		AnalyzeDomain (2598ms)
			TypeCache.Refresh (74ms)
				TypeCache.ScanAssembly (6ms)
			BuildScriptInfoCaches (2424ms)
			ResolveRequiredComponents (81ms)
	FinalizeReload (14948ms)
		ReleaseScriptCaches (0ms)
		RebuildScriptCaches (0ms)
		SetupLoadedEditorAssemblies (10766ms)
			LogAssemblyErrors (0ms)
			InitializePlatformSupportModulesInManaged (623ms)
			SetLoadedEditorAssemblies (80ms)
			BeforeProcessingInitializeOnLoad (2462ms)
			ProcessInitializeOnLoadAttributes (3931ms)
			ProcessInitializeOnLoadMethodAttributes (2109ms)
			AfterProcessingInitializeOnLoad (1560ms)
			EditorAssembliesLoaded (2ms)
		ExecutionOrderSort2 (0ms)
		AwakeInstancesAfterBackupRestoration (1003ms)
Refreshing native plugins compatible for Editor in 9.90 ms, found 4 plugins.
Preloading 1 native plugins for Editor in 0.54 ms.
Unloading 27 Unused Serialized files (Serialized files now loaded: 0)
Unloading 6154 unused Assets / (5.9 MB). Loaded Objects now: 6934.
Memory consumption went from 229.8 MB to 223.9 MB.
Total: 94.343000 ms (FindLiveObjects: 2.722800 ms CreateObjectMapping: 2.780200 ms MarkObjects: 69.255200 ms  DeleteObjects: 19.575600 ms)

Prepare: number of updated asset objects reloaded= 0
========================================================================
Received Prepare
Refreshing native plugins compatible for Editor in 9.73 ms, found 4 plugins.
Preloading 1 native plugins for Editor in 0.65 ms.
Unloading 17 Unused Serialized files (Serialized files now loaded: 0)
Unloading 6142 unused Assets / (5.7 MB). Loaded Objects now: 6934.
Memory consumption went from 228.0 MB to 222.3 MB.
Total: 77.644200 ms (FindLiveObjects: 2.414300 ms CreateObjectMapping: 3.259800 ms MarkObjects: 51.667300 ms  DeleteObjects: 20.293500 ms)

Prepare: number of updated asset objects reloaded= 0
========================================================================
Received Prepare
Begin MonoManager ReloadAssembly
- Loaded All Assemblies, in  4.128 seconds
Refreshing native plugins compatible for Editor in 3.88 ms, found 4 plugins.
Native extension for Android target not found
Native extension for UWP target not found
Native extension for WindowsStandalone target not found
Mono: successfully reloaded assembly
- Finished resetting the current domain, in  5.687 seconds
Domain Reload Profiling: 9817ms
	BeginReloadAssembly (1005ms)
		ExecutionOrderSort (0ms)
		DisableScriptedObjects (65ms)
		BackupInstance (0ms)
		ReleaseScriptingObjects (1ms)
		CreateAndSetChildDomain (185ms)
	RebuildCommonClasses (221ms)
	RebuildNativeTypeToScriptingClass (55ms)
	initialDomainReloadingComplete (127ms)
	LoadAllAssembliesAndSetupDomain (2720ms)
		LoadAssemblies (1687ms)
		RebuildTransferFunctionScriptingTraits (0ms)
		AnalyzeDomain (1535ms)
			TypeCache.Refresh (377ms)
				TypeCache.ScanAssembly (94ms)
			BuildScriptInfoCaches (1062ms)
			ResolveRequiredComponents (73ms)
	FinalizeReload (5689ms)
		ReleaseScriptCaches (0ms)
		RebuildScriptCaches (0ms)
		SetupLoadedEditorAssemblies (4234ms)
			LogAssemblyErrors (0ms)
			InitializePlatformSupportModulesInManaged (77ms)
			SetLoadedEditorAssemblies (67ms)
			BeforeProcessingInitializeOnLoad (794ms)
			ProcessInitializeOnLoadAttributes (2540ms)
			ProcessInitializeOnLoadMethodAttributes (609ms)
			AfterProcessingInitializeOnLoad (138ms)
			EditorAssembliesLoaded (7ms)
		ExecutionOrderSort2 (0ms)
		AwakeInstancesAfterBackupRestoration (462ms)
Refreshing native plugins compatible for Editor in 16.57 ms, found 4 plugins.
Preloading 1 native plugins for Editor in 0.65 ms.
Unloading 17 Unused Serialized files (Serialized files now loaded: 0)
Unloading 6153 unused Assets / (6.5 MB). Loaded Objects now: 6936.
Memory consumption went from 227.8 MB to 221.3 MB.
Total: 85.269400 ms (FindLiveObjects: 3.508600 ms CreateObjectMapping: 3.000000 ms MarkObjects: 41.994900 ms  DeleteObjects: 36.756900 ms)

Prepare: number of updated asset objects reloaded= 0
========================================================================
Received Import Request.
  Time since last request: 758.882352 seconds.
  path: Assets/Material/Item/ReliqueCharon 1.mat
  artifactKey: Guid(704cd8f7da1c85a43b3f43f08ad16b24) Importer(815301076,1909f56bfc062723c751e8b465ee728b)
Start importing Assets/Material/Item/ReliqueCharon 1.mat using Guid(704cd8f7da1c85a43b3f43f08ad16b24) Importer(815301076,1909f56bfc062723c751e8b465ee728b) (PreviewImporter) -> (artifact id: '030b802be67d5e393d6ab957b4348098') in 3.1219153 seconds
Number of updated asset objects reloaded before import = 0Number of asset objects unloaded after import = 6

========================================================================
Received Import Request.
  Time since last request: 4.139480 seconds.
  path: Assets/Material/Item/ReliqueScylla.mat
  artifactKey: Guid(704cd8f7da1c85a43b3f43f08ad16b24) Importer(815301076,1909f56bfc062723c751e8b465ee728b)
Start importing Assets/Material/Item/ReliqueScylla.mat using Guid(704cd8f7da1c85a43b3f43f08ad16b24) Importer(815301076,1909f56bfc062723c751e8b465ee728b) (PreviewImporter) -> (artifact id: '130f3e8aef6cc5d0eb4f1a2ecd6da728') in 0.3881719 seconds
Number of updated asset objects reloaded before import = 0Number of asset objects unloaded after import = 6

========================================================================
Received Import Request.
  Time since last request: 86.019417 seconds.
  path: Assets/TextMesh Pro/Sprites/EmojiOne.png
  artifactKey: Guid(dffef66376be4fa480fb02b19edbe903) Importer(815301076,1909f56bfc062723c751e8b465ee728b)
Start importing Assets/TextMesh Pro/Sprites/EmojiOne.png using Guid(dffef66376be4fa480fb02b19edbe903) Importer(815301076,1909f56bfc062723c751e8b465ee728b) (PreviewImporter) -> (artifact id: '2cb744b4fa365b0dfbec761cb7d47908') in 0.3616086 seconds
Number of updated asset objects reloaded before import = 0Number of asset objects unloaded after import = 2

========================================================================
Received Import Request.
  Time since last request: 1.730207 seconds.
  path: Assets/TextMesh Pro/Resources/Fonts & Materials/LiberationSans SDF - Fallback.asset
  artifactKey: Guid(2e498d1c8094910479dc3e1b768306a4) Importer(815301076,1909f56bfc062723c751e8b465ee728b)
Start importing Assets/TextMesh Pro/Resources/Fonts & Materials/LiberationSans SDF - Fallback.asset using Guid(2e498d1c8094910479dc3e1b768306a4) Importer(815301076,1909f56bfc062723c751e8b465ee728b) (PreviewImporter) -> (artifact id: '67438d78e73340cf0d471e32a630227a') in 1.8097493 seconds
Number of updated asset objects reloaded before import = 0Number of asset objects unloaded after import = 6

========================================================================
Received Import Request.
  Time since last request: 0.000116 seconds.
  path: Assets/Textures/ShopImages/Pl_4.png
  artifactKey: Guid(92b5913b2d480e14ea6dafb74cab848e) Importer(815301076,1909f56bfc062723c751e8b465ee728b)
Start importing Assets/Textures/ShopImages/Pl_4.png using Guid(92b5913b2d480e14ea6dafb74cab848e) Importer(815301076,1909f56bfc062723c751e8b465ee728b) (PreviewImporter) -> (artifact id: 'e3f07cff6ad1701ec00b62c98bf9cc7b') in 0.2330796 seconds
Number of updated asset objects reloaded before import = 0Number of asset objects unloaded after import = 3

========================================================================
Received Import Request.
  Time since last request: 0.000151 seconds.
  path: Assets/Textures/ShopImages/Pl_3.png
  artifactKey: Guid(11f204ac15a353a4a89b82d6b7ef3d54) Importer(815301076,1909f56bfc062723c751e8b465ee728b)
Start importing Assets/Textures/ShopImages/Pl_3.png using Guid(11f204ac15a353a4a89b82d6b7ef3d54) Importer(815301076,1909f56bfc062723c751e8b465ee728b) (PreviewImporter) -> (artifact id: '58c9134104e291b21bfe3d520ded9852') in 0.1784823 seconds
Number of updated asset objects reloaded before import = 0Number of asset objects unloaded after import = 3

========================================================================
Received Import Request.
  Time since last request: 0.000162 seconds.
  path: Assets/Textures/ShopImages/Sa_1.png
  artifactKey: Guid(45c1f8a3e538d484d9fea832df705032) Importer(815301076,1909f56bfc062723c751e8b465ee728b)
Start importing Assets/Textures/ShopImages/Sa_1.png using Guid(45c1f8a3e538d484d9fea832df705032) Importer(815301076,1909f56bfc062723c751e8b465ee728b) (PreviewImporter) -> (artifact id: '855cc33bfd0ac65db63c2f78b35aa60f') in 0.2518265 seconds
Number of updated asset objects reloaded before import = 0Number of asset objects unloaded after import = 3

========================================================================
Received Import Request.
  Time since last request: 0.000181 seconds.
  path: Assets/Textures/ShopImages/Sa3.png
  artifactKey: Guid(7e5f431f8174be149a242e60bab9e39f) Importer(815301076,1909f56bfc062723c751e8b465ee728b)
Start importing Assets/Textures/ShopImages/Sa3.png using Guid(7e5f431f8174be149a242e60bab9e39f) Importer(815301076,1909f56bfc062723c751e8b465ee728b) (PreviewImporter) -> (artifact id: '6f21f321c9acce0da0b5000adee191fd') in 0.092791 seconds
Number of updated asset objects reloaded before import = 0Number of asset objects unloaded after import = 3

========================================================================
Received Import Request.
  Time since last request: 0.000173 seconds.
  path: Assets/Textures/ShopImages/Pl_1.png
  artifactKey: Guid(3359dd708bec081439c14e5ce3a20a65) Importer(815301076,1909f56bfc062723c751e8b465ee728b)
Start importing Assets/Textures/ShopImages/Pl_1.png using Guid(3359dd708bec081439c14e5ce3a20a65) Importer(815301076,1909f56bfc062723c751e8b465ee728b) (PreviewImporter) -> (artifact id: '7704c129ec3ff4fbaf92f125aa01491d') in 0.2175454 seconds
Number of updated asset objects reloaded before import = 0Number of asset objects unloaded after import = 3

========================================================================
Received Import Request.
  Time since last request: 0.000302 seconds.
  path: Assets/Textures/ShopImages/Pl_2.png
  artifactKey: Guid(4ad894206e0800c4093dc967f8c40dc1) Importer(815301076,1909f56bfc062723c751e8b465ee728b)
Start importing Assets/Textures/ShopImages/Pl_2.png using Guid(4ad894206e0800c4093dc967f8c40dc1) Importer(815301076,1909f56bfc062723c751e8b465ee728b) (PreviewImporter) -> (artifact id: 'a33966924aa112e45d0c72b1f180e6eb') in 0.0868325 seconds
Number of updated asset objects reloaded before import = 0Number of asset objects unloaded after import = 3

Editor requested this worker to shutdown with reason: Scaling down because of idle timeout
AssetImportWorker is now disconnected from the server
Process exiting
Exiting without the bug reporter. Application will terminate with return code 0