Using pre-set license
Built from '6000.1/staging' branch; Version is '6000.1.7f1 (13a8ffad9172) revision 1288447'; Using compiler version '194234433'; Build Type 'Release'
OS: 'Windows 11  (10.0.26100) 64bit Core' Language: 'fr' Physical Memory: 48965 MB
BatchMode: 1, IsHumanControllingUs: 0, StartBugReporterOnCrash: 0, Is64bit: 1, IsPro: 1
Date: 2025-06-18T15:49:24Z

COMMAND LINE ARGUMENTS:
C:\Program Files\Unity\Hub\Editor\6000.1.7f1\Editor\Unity.exe
-adb2
-batchMode
-noUpm
-name
AssetImportWorker12
-projectPath
D:/Unity projects/InfiniteRunner
-logFile
Logs/AssetImportWorker12.log
-srvPort
58219
-job-worker-count
7
-background-job-worker-count
8
-gc-helper-count
1
-name
AssetImport
Successfully changed project path to: D:/Unity projects/InfiniteRunner
D:/Unity projects/InfiniteRunner
[UnityMemory] Configuration Parameters - Can be set up in boot.config
    "memorysetup-allocator-temp-initial-block-size-main=262144"
    "memorysetup-allocator-temp-initial-block-size-worker=262144"
    "memorysetup-bucket-allocator-granularity=16"
    "memorysetup-bucket-allocator-bucket-count=8"
    "memorysetup-bucket-allocator-block-size=33554432"
    "memorysetup-bucket-allocator-block-count=8"
    "memorysetup-main-allocator-block-size=16777216"
    "memorysetup-thread-allocator-block-size=16777216"
    "memorysetup-gfx-main-allocator-block-size=16777216"
    "memorysetup-gfx-thread-allocator-block-size=16777216"
    "memorysetup-cache-allocator-block-size=4194304"
    "memorysetup-typetree-allocator-block-size=2097152"
    "memorysetup-profiler-bucket-allocator-granularity=16"
    "memorysetup-profiler-bucket-allocator-bucket-count=8"
    "memorysetup-profiler-bucket-allocator-block-size=33554432"
    "memorysetup-profiler-bucket-allocator-block-count=8"
    "memorysetup-profiler-allocator-block-size=16777216"
    "memorysetup-profiler-editor-allocator-block-size=1048576"
    "memorysetup-temp-allocator-size-main=16777216"
    "memorysetup-job-temp-allocator-block-size=2097152"
    "memorysetup-job-temp-allocator-block-size-background=1048576"
    "memorysetup-job-temp-allocator-reduction-small-platforms=262144"
    "memorysetup-temp-allocator-size-background-worker=32768"
    "memorysetup-temp-allocator-size-job-worker=262144"
    "memorysetup-temp-allocator-size-preload-manager=33554432"
    "memorysetup-temp-allocator-size-nav-mesh-worker=65536"
    "memorysetup-temp-allocator-size-audio-worker=65536"
    "memorysetup-temp-allocator-size-cloud-worker=32768"
    "memorysetup-temp-allocator-size-gi-baking-worker=262144"
    "memorysetup-temp-allocator-size-gi-baking-worker=262144"
    "memorysetup-temp-allocator-size-gi-baking-worker=262144"
    "memorysetup-temp-allocator-size-gi-baking-worker=262144"
    "memorysetup-temp-allocator-size-gi-baking-worker=262144"
    "memorysetup-temp-allocator-size-gfx=262144"
Player connection [34644]  Target information:

Player connection [34644]  * "[IP] 192.168.1.62 [Port] 0 [Flags] 2 [Guid] 4125914751 [EditorId] 4125914751 [Version] 1048832 [Id] WindowsEditor(7,DESKTOP-3UTH55C) [Debug] 1 [PackageName] WindowsEditor [ProjectName] Editor" 

Player connection [34644]  * "[IP] 169.254.123.189 [Port] 0 [Flags] 2 [Guid] 4125914751 [EditorId] 4125914751 [Version] 1048832 [Id] WindowsEditor(7,DESKTOP-3UTH55C) [Debug] 1 [PackageName] WindowsEditor [ProjectName] Editor" 

Player connection [34644] Host joined multi-casting on [225.0.0.222:54997]...
Player connection [34644] Host joined alternative multi-casting on [225.0.0.222:34997]...
JobSystem: Creating JobQueue using job-worker-count value 7
Input System module state changed to: Initialized.
[Physics::Module] Initialized fallback backend.
[Physics::Module] Id: 0xdecafbad
Library Redirect Path: Library/
[Physics::Module] Selected backend.
[Physics::Module] Name: PhysX
[Physics::Module] Id: 0xf2b8ea05
[Physics::Module] SDK Version: 4.1.2
[Physics::Module] Integration Version: 1.0.0
[Physics::Module] Threading Mode: Multi-Threaded
Refreshing native plugins compatible for Editor in 20.57 ms, found 4 plugins.
Preloading 1 native plugins for Editor in 4.28 ms.
Initialize engine version: 6000.1.7f1 (13a8ffad9172)
[Subsystems] Discovering subsystems at path C:/Program Files/Unity/Hub/Editor/6000.1.7f1/Editor/Data/Resources/UnitySubsystems
[Subsystems] Discovering subsystems at path D:/Unity projects/InfiniteRunner/Assets
GfxDevice: creating device client; kGfxThreadingModeNonThreaded
Direct3D:
    Version:  Direct3D 11.0 [level 11.1]
    Renderer: NVIDIA GeForce RTX 2060 (ID=0x1f08)
    Vendor:   NVIDIA
    VRAM:     5955 MB
    Driver:   32.0.15.7652
Initialize mono
Mono path[0] = 'C:/Program Files/Unity/Hub/Editor/6000.1.7f1/Editor/Data/Managed'
Mono path[1] = 'C:/Program Files/Unity/Hub/Editor/6000.1.7f1/Editor/Data/MonoBleedingEdge/lib/mono/unityjit-win32'
Mono config path = 'C:/Program Files/Unity/Hub/Editor/6000.1.7f1/Editor/Data/MonoBleedingEdge/etc'
Using monoOptions --debugger-agent=transport=dt_socket,embedding=1,server=y,suspend=n,address=127.0.0.1:56740
Begin MonoManager ReloadAssembly
Registering precompiled unity dll's ...
Register platform support module: C:/Program Files/Unity/Hub/Editor/6000.1.7f1/Editor/Data/PlaybackEngines/WindowsStandaloneSupport/UnityEditor.WindowsStandalone.Extensions.dll
Register platform support module: C:/Program Files/Unity/Hub/Editor/6000.1.7f1/Editor/Data/PlaybackEngines/MetroSupport/UnityEditor.UWP.Extensions.dll
Register platform support module: C:/Program Files/Unity/Hub/Editor/6000.1.7f1/Editor/Data/PlaybackEngines/AndroidPlayer/UnityEditor.Android.Extensions.dll
Registered in 0.006948 seconds.
- Loaded All Assemblies, in  3.340 seconds
Native extension for Android target not found
Unauthorized device detected, Id: R38M20GQVNL, please add debug authorization and reconnect.
UnityEngine.Debug:ExtractStackTraceNoAlloc (byte*,int,string)
UnityEngine.StackTraceUtility:ExtractStackTrace ()
UnityEngine.DebugLogHandler:Internal_Log (UnityEngine.LogType,UnityEngine.LogOption,string,UnityEngine.Object)
UnityEngine.DebugLogHandler:LogFormat (UnityEngine.LogType,UnityEngine.Object,string,object[])
UnityEngine.Logger:LogFormat (UnityEngine.LogType,string,object[])
UnityEngine.Debug:LogFormat (string,object[])
UnityEditor.Android.AndroidDeploymentTargetsExtension:GetKnownTargets (UnityEditor.DeploymentTargets.IDeploymentTargetsMainThreadContext,UnityEditor.ProgressHandler) (at /home/bokken/build/output/unity/unity/PlatformDependent/AndroidPlayer/Editor/Managed/DeploymentTargets/AndroidDeploymentTargetsExtension.cs:398)
UnityEditor.Android.TargetScanWorker:ScanSync () (at /home/bokken/build/output/unity/unity/PlatformDependent/AndroidPlayer/Editor/Managed/TargetScanWorker.cs:164)
UnityEditor.Android.TargetExtension:OnUsbDevicesChanged (UnityEditor.Hardware.UsbDevice[]) (at /home/bokken/build/output/unity/unity/PlatformDependent/AndroidPlayer/Editor/Managed/ExtensionModule.cs:114)
UnityEditor.Android.TargetExtension:OnLoad () (at /home/bokken/build/output/unity/unity/PlatformDependent/AndroidPlayer/Editor/Managed/ExtensionModule.cs:75)
UnityEditor.Modules.ModuleManager:InitializePlatformSupportModules ()

(Filename: /home/bokken/build/output/unity/unity/PlatformDependent/AndroidPlayer/Editor/Managed/DeploymentTargets/AndroidDeploymentTargetsExtension.cs Line: 398)

Android Extension - Scanning For ADB Devices 945 ms
Native extension for UWP target not found
Native extension for WindowsStandalone target not found
Mono: successfully reloaded assembly
- Finished resetting the current domain, in  3.990 seconds
Domain Reload Profiling: 7232ms
	BeginReloadAssembly (973ms)
		ExecutionOrderSort (0ms)
		DisableScriptedObjects (0ms)
		BackupInstance (0ms)
		ReleaseScriptingObjects (0ms)
		CreateAndSetChildDomain (5ms)
	RebuildCommonClasses (373ms)
	RebuildNativeTypeToScriptingClass (62ms)
	initialDomainReloadingComplete (395ms)
	LoadAllAssembliesAndSetupDomain (1436ms)
		LoadAssemblies (992ms)
		RebuildTransferFunctionScriptingTraits (0ms)
		AnalyzeDomain (1374ms)
			TypeCache.Refresh (1370ms)
				TypeCache.ScanAssembly (1320ms)
			BuildScriptInfoCaches (0ms)
			ResolveRequiredComponents (1ms)
	FinalizeReload (3993ms)
		ReleaseScriptCaches (0ms)
		RebuildScriptCaches (0ms)
		SetupLoadedEditorAssemblies (3768ms)
			LogAssemblyErrors (0ms)
			InitializePlatformSupportModulesInManaged (1425ms)
			SetLoadedEditorAssemblies (24ms)
			BeforeProcessingInitializeOnLoad (333ms)
			ProcessInitializeOnLoadAttributes (1624ms)
			ProcessInitializeOnLoadMethodAttributes (362ms)
			AfterProcessingInitializeOnLoad (0ms)
			EditorAssembliesLoaded (0ms)
		ExecutionOrderSort2 (0ms)
		AwakeInstancesAfterBackupRestoration (0ms)
========================================================================
Worker process is ready to serve import requests
Import Worker Mode flag is 0x00
Begin MonoManager ReloadAssembly
- Loaded All Assemblies, in  5.054 seconds
Refreshing native plugins compatible for Editor in 3.67 ms, found 4 plugins.
Native extension for Android target not found
Native extension for UWP target not found
Native extension for WindowsStandalone target not found
Mono: successfully reloaded assembly
- Finished resetting the current domain, in  4.365 seconds
Domain Reload Profiling: 9410ms
	BeginReloadAssembly (865ms)
		ExecutionOrderSort (0ms)
		DisableScriptedObjects (28ms)
		BackupInstance (0ms)
		ReleaseScriptingObjects (0ms)
		CreateAndSetChildDomain (128ms)
	RebuildCommonClasses (431ms)
	RebuildNativeTypeToScriptingClass (192ms)
	initialDomainReloadingComplete (250ms)
	LoadAllAssembliesAndSetupDomain (3306ms)
		LoadAssemblies (1898ms)
		RebuildTransferFunctionScriptingTraits (0ms)
		AnalyzeDomain (1923ms)
			TypeCache.Refresh (1666ms)
				TypeCache.ScanAssembly (1601ms)
			BuildScriptInfoCaches (208ms)
			ResolveRequiredComponents (40ms)
	FinalizeReload (4367ms)
		ReleaseScriptCaches (0ms)
		RebuildScriptCaches (0ms)
		SetupLoadedEditorAssemblies (3543ms)
			LogAssemblyErrors (0ms)
			InitializePlatformSupportModulesInManaged (60ms)
			SetLoadedEditorAssemblies (25ms)
			BeforeProcessingInitializeOnLoad (692ms)
			ProcessInitializeOnLoadAttributes (2116ms)
			ProcessInitializeOnLoadMethodAttributes (632ms)
			AfterProcessingInitializeOnLoad (17ms)
			EditorAssembliesLoaded (1ms)
		ExecutionOrderSort2 (0ms)
		AwakeInstancesAfterBackupRestoration (30ms)
Launched and connected shader compiler UnityShaderCompiler.exe after 0.05 seconds
Refreshing native plugins compatible for Editor in 95.23 ms, found 4 plugins.
Preloading 1 native plugins for Editor in 0.56 ms.
Unloading 234 Unused Serialized files (Serialized files now loaded: 0)
Unloading 6155 unused Assets / (6.6 MB). Loaded Objects now: 6886.
Memory consumption went from 254.7 MB to 248.2 MB.
Total: 556.351600 ms (FindLiveObjects: 2.588300 ms CreateObjectMapping: 3.074800 ms MarkObjects: 524.966000 ms  DeleteObjects: 25.714500 ms)

========================================================================
Received Import Request.
  Time since last request: 18448.436609 seconds.
  path: Assets/Prefab/Patterns/Egee.asset
  artifactKey: Guid(06ac2a0ff16ba6f40bcd80d3c4c59075) Importer(815301076,1909f56bfc062723c751e8b465ee728b)
Start importing Assets/Prefab/Patterns/Egee.asset using Guid(06ac2a0ff16ba6f40bcd80d3c4c59075) Importer(815301076,1909f56bfc062723c751e8b465ee728b) (PreviewImporter) -> (artifact id: '0bed62c3cdbfba706550aeb345444f05') in 1.7496119 seconds
Number of updated asset objects reloaded before import = 0Number of asset objects unloaded after import = 1472

========================================================================
Received Prepare
Begin MonoManager ReloadAssembly
- Loaded All Assemblies, in  4.176 seconds
Refreshing native plugins compatible for Editor in 9.61 ms, found 4 plugins.
Native extension for Android target not found
Native extension for UWP target not found
Native extension for WindowsStandalone target not found
Mono: successfully reloaded assembly
- Finished resetting the current domain, in  4.902 seconds
Domain Reload Profiling: 9092ms
	BeginReloadAssembly (1272ms)
		ExecutionOrderSort (0ms)
		DisableScriptedObjects (27ms)
		BackupInstance (0ms)
		ReleaseScriptingObjects (1ms)
		CreateAndSetChildDomain (215ms)
	RebuildCommonClasses (293ms)
	RebuildNativeTypeToScriptingClass (312ms)
	initialDomainReloadingComplete (167ms)
	LoadAllAssembliesAndSetupDomain (2144ms)
		LoadAssemblies (1866ms)
		RebuildTransferFunctionScriptingTraits (0ms)
		AnalyzeDomain (1054ms)
			TypeCache.Refresh (32ms)
				TypeCache.ScanAssembly (0ms)
			BuildScriptInfoCaches (925ms)
			ResolveRequiredComponents (80ms)
	FinalizeReload (4904ms)
		ReleaseScriptCaches (0ms)
		RebuildScriptCaches (0ms)
		SetupLoadedEditorAssemblies (3806ms)
			LogAssemblyErrors (0ms)
			InitializePlatformSupportModulesInManaged (93ms)
			SetLoadedEditorAssemblies (48ms)
			BeforeProcessingInitializeOnLoad (1341ms)
			ProcessInitializeOnLoadAttributes (1877ms)
			ProcessInitializeOnLoadMethodAttributes (430ms)
			AfterProcessingInitializeOnLoad (17ms)
			EditorAssembliesLoaded (1ms)
		ExecutionOrderSort2 (0ms)
		AwakeInstancesAfterBackupRestoration (59ms)
Refreshing native plugins compatible for Editor in 12.07 ms, found 4 plugins.
Preloading 1 native plugins for Editor in 0.65 ms.
Unloading 27 Unused Serialized files (Serialized files now loaded: 0)
Unloading 6155 unused Assets / (6.5 MB). Loaded Objects now: 6904.
Memory consumption went from 224.9 MB to 218.3 MB.
Total: 75.789800 ms (FindLiveObjects: 4.386700 ms CreateObjectMapping: 3.452800 ms MarkObjects: 44.154000 ms  DeleteObjects: 23.758100 ms)

Prepare: number of updated asset objects reloaded= 0
========================================================================
Received Import Request.
  Time since last request: 616.032357 seconds.
  path: Assets/Prefab/Item/EgeeRelique.prefab
  artifactKey: Guid(64cce03307e399b468badbc2c21984d4) Importer(815301076,1909f56bfc062723c751e8b465ee728b)
Start importing Assets/Prefab/Item/EgeeRelique.prefab using Guid(64cce03307e399b468badbc2c21984d4) Importer(815301076,1909f56bfc062723c751e8b465ee728b) (PreviewImporter) -> (artifact id: '718b97617b9e6c40d223a6bc2f19571b') in 7.2319449 seconds
Number of updated asset objects reloaded before import = 0Number of asset objects unloaded after import = 36

========================================================================
Received Import Request.
  Time since last request: 38.203515 seconds.
  path: Assets/Prefab/Item/StyxRelique.prefab
  artifactKey: Guid(a1a742f8da800914487baa803b941ce6) Importer(815301076,1909f56bfc062723c751e8b465ee728b)
Start importing Assets/Prefab/Item/StyxRelique.prefab using Guid(a1a742f8da800914487baa803b941ce6) Importer(815301076,1909f56bfc062723c751e8b465ee728b) (PreviewImporter) -> (artifact id: '667612038256febdf781e0fac3f8f2b1') in 0.0411115 seconds
Number of updated asset objects reloaded before import = 0Number of asset objects unloaded after import = 35

========================================================================
Received Import Request.
  Time since last request: 4.110775 seconds.
  path: Assets/Prefab/Item/StyxRelique.prefab
  artifactKey: Guid(a1a742f8da800914487baa803b941ce6) Importer(815301076,1909f56bfc062723c751e8b465ee728b)
Start importing Assets/Prefab/Item/StyxRelique.prefab using Guid(a1a742f8da800914487baa803b941ce6) Importer(815301076,1909f56bfc062723c751e8b465ee728b) (PreviewImporter) -> (artifact id: '45f9a80f1dbf9be40efcc9c4182a5082') in 0.0374376 seconds
Number of updated asset objects reloaded before import = 0Number of asset objects unloaded after import = 35

========================================================================
Received Import Request.
  Time since last request: 12.092671 seconds.
  path: Assets/Prefab/Item/EgeeRelique.prefab
  artifactKey: Guid(64cce03307e399b468badbc2c21984d4) Importer(815301076,1909f56bfc062723c751e8b465ee728b)
Start importing Assets/Prefab/Item/EgeeRelique.prefab using Guid(64cce03307e399b468badbc2c21984d4) Importer(815301076,1909f56bfc062723c751e8b465ee728b) (PreviewImporter) -> (artifact id: '734dbb00f00d4c6f9053bde2435a6331') in 0.0354142 seconds
Number of updated asset objects reloaded before import = 0Number of asset objects unloaded after import = 36

========================================================================
Received Import Request.
  Time since last request: 3.774519 seconds.
  path: Assets/Prefab/Item/EgeeRelique.prefab
  artifactKey: Guid(64cce03307e399b468badbc2c21984d4) Importer(815301076,1909f56bfc062723c751e8b465ee728b)
Start importing Assets/Prefab/Item/EgeeRelique.prefab using Guid(64cce03307e399b468badbc2c21984d4) Importer(815301076,1909f56bfc062723c751e8b465ee728b) (PreviewImporter) -> (artifact id: 'b1ce1897b5fd2cf253d9512aab3c1c2d') in 0.0622376 seconds
Number of updated asset objects reloaded before import = 0Number of asset objects unloaded after import = 36

========================================================================
Received Import Request.
  Time since last request: 131.333689 seconds.
  path: Assets/Prefab/Item/EgeeRelique.prefab
  artifactKey: Guid(64cce03307e399b468badbc2c21984d4) Importer(815301076,1909f56bfc062723c751e8b465ee728b)
Start importing Assets/Prefab/Item/EgeeRelique.prefab using Guid(64cce03307e399b468badbc2c21984d4) Importer(815301076,1909f56bfc062723c751e8b465ee728b) (PreviewImporter) -> (artifact id: '486c28c0e2bbe68fc7756b4051b21ff1') in 0.7639453 seconds
Number of updated asset objects reloaded before import = 0Number of asset objects unloaded after import = 38

========================================================================
Received Import Request.
  Time since last request: 120.776448 seconds.
  path: Assets/Prefab/Item/EgeeRelique.prefab
  artifactKey: Guid(64cce03307e399b468badbc2c21984d4) Importer(815301076,1909f56bfc062723c751e8b465ee728b)
Start importing Assets/Prefab/Item/EgeeRelique.prefab using Guid(64cce03307e399b468badbc2c21984d4) Importer(815301076,1909f56bfc062723c751e8b465ee728b) (PreviewImporter) -> (artifact id: '011d152844f4e96d3ac7636455d5c4d4') in 0.1802892 seconds
Number of updated asset objects reloaded before import = 0Number of asset objects unloaded after import = 38

========================================================================
Received Import Request.
  Time since last request: 17.336654 seconds.
  path: Assets/Prefab/Item/StyxRelique.prefab
  artifactKey: Guid(a1a742f8da800914487baa803b941ce6) Importer(815301076,1909f56bfc062723c751e8b465ee728b)
Start importing Assets/Prefab/Item/StyxRelique.prefab using Guid(a1a742f8da800914487baa803b941ce6) Importer(815301076,1909f56bfc062723c751e8b465ee728b) (PreviewImporter) -> (artifact id: '8fcd289cf143f8f0ea0ed16e96ba7c69') in 0.3915061 seconds
Number of updated asset objects reloaded before import = 0Number of asset objects unloaded after import = 37

========================================================================
Received Prepare
Begin MonoManager ReloadAssembly
- Loaded All Assemblies, in  9.307 seconds
Refreshing native plugins compatible for Editor in 15.13 ms, found 4 plugins.
Native extension for Android target not found
Native extension for UWP target not found
Native extension for WindowsStandalone target not found
Mono: successfully reloaded assembly
- Finished resetting the current domain, in 12.477 seconds
Domain Reload Profiling: 21845ms
	BeginReloadAssembly (3362ms)
		ExecutionOrderSort (0ms)
		DisableScriptedObjects (303ms)
		BackupInstance (0ms)
		ReleaseScriptingObjects (1ms)
		CreateAndSetChildDomain (812ms)
	RebuildCommonClasses (357ms)
	RebuildNativeTypeToScriptingClass (205ms)
	initialDomainReloadingComplete (175ms)
	LoadAllAssembliesAndSetupDomain (5263ms)
		LoadAssemblies (4256ms)
		RebuildTransferFunctionScriptingTraits (0ms)
		AnalyzeDomain (2562ms)
			TypeCache.Refresh (58ms)
				TypeCache.ScanAssembly (0ms)
			BuildScriptInfoCaches (2365ms)
			ResolveRequiredComponents (115ms)
	FinalizeReload (12483ms)
		ReleaseScriptCaches (0ms)
		RebuildScriptCaches (0ms)
		SetupLoadedEditorAssemblies (8873ms)
			LogAssemblyErrors (0ms)
			InitializePlatformSupportModulesInManaged (149ms)
			SetLoadedEditorAssemblies (83ms)
			BeforeProcessingInitializeOnLoad (1325ms)
			ProcessInitializeOnLoadAttributes (6354ms)
			ProcessInitializeOnLoadMethodAttributes (921ms)
			AfterProcessingInitializeOnLoad (38ms)
			EditorAssembliesLoaded (1ms)
		ExecutionOrderSort2 (0ms)
		AwakeInstancesAfterBackupRestoration (186ms)
Refreshing native plugins compatible for Editor in 61.12 ms, found 4 plugins.
Preloading 1 native plugins for Editor in 1.62 ms.
Unloading 17 Unused Serialized files (Serialized files now loaded: 0)
Unloading 6154 unused Assets / (6.2 MB). Loaded Objects now: 6936.
Memory consumption went from 229.3 MB to 223.1 MB.
Total: 1355.003300 ms (FindLiveObjects: 3.999300 ms CreateObjectMapping: 3.308200 ms MarkObjects: 1321.674600 ms  DeleteObjects: 26.013300 ms)

Prepare: number of updated asset objects reloaded= 0
========================================================================
Received Import Request.
  Time since last request: 141.897829 seconds.
  path: Assets/Prefab/Item/EgeeRelique.prefab
  artifactKey: Guid(64cce03307e399b468badbc2c21984d4) Importer(815301076,1909f56bfc062723c751e8b465ee728b)
Start importing Assets/Prefab/Item/EgeeRelique.prefab using Guid(64cce03307e399b468badbc2c21984d4) Importer(815301076,1909f56bfc062723c751e8b465ee728b) (PreviewImporter) -> (artifact id: 'db18e36f6e2985325a2890e66c0e7d51') in 4.1176383 seconds
Number of updated asset objects reloaded before import = 0Number of asset objects unloaded after import = 38

========================================================================
Received Prepare
Refreshing native plugins compatible for Editor in 132.54 ms, found 4 plugins.
Preloading 1 native plugins for Editor in 0.68 ms.
Unloading 17 Unused Serialized files (Serialized files now loaded: 0)
Unloading 6143 unused Assets / (6.3 MB). Loaded Objects now: 7074.
Memory consumption went from 230.0 MB to 223.6 MB.
Total: 283.890800 ms (FindLiveObjects: 6.578200 ms CreateObjectMapping: 3.589100 ms MarkObjects: 247.017100 ms  DeleteObjects: 26.698600 ms)

Prepare: number of updated asset objects reloaded= 0
========================================================================
Received Import Request.
  Time since last request: 5.920591 seconds.
  path: Assets/Prefab/Item/StyxRelique.prefab
  artifactKey: Guid(a1a742f8da800914487baa803b941ce6) Importer(815301076,1909f56bfc062723c751e8b465ee728b)
Start importing Assets/Prefab/Item/StyxRelique.prefab using Guid(a1a742f8da800914487baa803b941ce6) Importer(815301076,1909f56bfc062723c751e8b465ee728b) (PreviewImporter) -> (artifact id: 'cf7e9187c16988a86d06458670003f7a') in 0.7156539 seconds
Number of updated asset objects reloaded before import = 0Number of asset objects unloaded after import = 37

========================================================================
Received Import Request.
  Time since last request: 0.000314 seconds.
  path: Assets/Prefab/Item/EgeeRelique.prefab
  artifactKey: Guid(64cce03307e399b468badbc2c21984d4) Importer(815301076,1909f56bfc062723c751e8b465ee728b)
Start importing Assets/Prefab/Item/EgeeRelique.prefab using Guid(64cce03307e399b468badbc2c21984d4) Importer(815301076,1909f56bfc062723c751e8b465ee728b) (PreviewImporter) -> (artifact id: 'db18e36f6e2985325a2890e66c0e7d51') in 0.1859532 seconds
Number of updated asset objects reloaded before import = 0Number of asset objects unloaded after import = 38

========================================================================
Received Prepare
Begin MonoManager ReloadAssembly
- Loaded All Assemblies, in  4.869 seconds
Refreshing native plugins compatible for Editor in 24.16 ms, found 4 plugins.
Native extension for Android target not found
Native extension for UWP target not found
Native extension for WindowsStandalone target not found
Mono: successfully reloaded assembly
- Finished resetting the current domain, in 13.621 seconds
Domain Reload Profiling: 18480ms
	BeginReloadAssembly (1138ms)
		ExecutionOrderSort (0ms)
		DisableScriptedObjects (133ms)
		BackupInstance (0ms)
		ReleaseScriptingObjects (1ms)
		CreateAndSetChildDomain (219ms)
	RebuildCommonClasses (253ms)
	RebuildNativeTypeToScriptingClass (82ms)
	initialDomainReloadingComplete (182ms)
	LoadAllAssembliesAndSetupDomain (3200ms)
		LoadAssemblies (2611ms)
		RebuildTransferFunctionScriptingTraits (0ms)
		AnalyzeDomain (1138ms)
			TypeCache.Refresh (47ms)
				TypeCache.ScanAssembly (5ms)
			BuildScriptInfoCaches (983ms)
			ResolveRequiredComponents (92ms)
	FinalizeReload (13625ms)
		ReleaseScriptCaches (0ms)
		RebuildScriptCaches (0ms)
		SetupLoadedEditorAssemblies (10791ms)
			LogAssemblyErrors (0ms)
			InitializePlatformSupportModulesInManaged (48ms)
			SetLoadedEditorAssemblies (29ms)
			BeforeProcessingInitializeOnLoad (1919ms)
			ProcessInitializeOnLoadAttributes (7139ms)
			ProcessInitializeOnLoadMethodAttributes (1586ms)
			AfterProcessingInitializeOnLoad (66ms)
			EditorAssembliesLoaded (3ms)
		ExecutionOrderSort2 (0ms)
		AwakeInstancesAfterBackupRestoration (561ms)
Refreshing native plugins compatible for Editor in 13.59 ms, found 4 plugins.
Preloading 1 native plugins for Editor in 0.82 ms.
Unloading 17 Unused Serialized files (Serialized files now loaded: 0)
Unloading 6154 unused Assets / (7.8 MB). Loaded Objects now: 6958.
Memory consumption went from 229.3 MB to 221.5 MB.
Total: 181.243300 ms (FindLiveObjects: 2.249300 ms CreateObjectMapping: 2.837300 ms MarkObjects: 148.399700 ms  DeleteObjects: 27.751700 ms)

Prepare: number of updated asset objects reloaded= 0
