Using pre-set license
Built from '6000.1/staging' branch; Version is '6000.1.7f1 (13a8ffad9172) revision 1288447'; Using compiler version '194234433'; Build Type 'Release'
OS: 'Windows 11  (10.0.26100) 64bit Core' Language: 'fr' Physical Memory: 48965 MB
BatchMode: 1, IsHumanControllingUs: 0, StartBugReporterOnCrash: 0, Is64bit: 1, IsPro: 1
Date: 2025-06-18T15:10:07Z

COMMAND LINE ARGUMENTS:
C:\Program Files\Unity\Hub\Editor\6000.1.7f1\Editor\Unity.exe
-adb2
-batchMode
-noUpm
-name
AssetImportWorker9
-projectPath
D:/Unity projects/InfiniteRunner
-logFile
Logs/AssetImportWorker9.log
-srvPort
58219
-job-worker-count
7
-background-job-worker-count
8
-gc-helper-count
1
-name
AssetImport
Successfully changed project path to: D:/Unity projects/InfiniteRunner
D:/Unity projects/InfiniteRunner
[UnityMemory] Configuration Parameters - Can be set up in boot.config
    "memorysetup-allocator-temp-initial-block-size-main=262144"
    "memorysetup-allocator-temp-initial-block-size-worker=262144"
    "memorysetup-bucket-allocator-granularity=16"
    "memorysetup-bucket-allocator-bucket-count=8"
    "memorysetup-bucket-allocator-block-size=33554432"
    "memorysetup-bucket-allocator-block-count=8"
    "memorysetup-main-allocator-block-size=16777216"
    "memorysetup-thread-allocator-block-size=16777216"
    "memorysetup-gfx-main-allocator-block-size=16777216"
    "memorysetup-gfx-thread-allocator-block-size=16777216"
    "memorysetup-cache-allocator-block-size=4194304"
    "memorysetup-typetree-allocator-block-size=2097152"
    "memorysetup-profiler-bucket-allocator-granularity=16"
    "memorysetup-profiler-bucket-allocator-bucket-count=8"
    "memorysetup-profiler-bucket-allocator-block-size=33554432"
    "memorysetup-profiler-bucket-allocator-block-count=8"
    "memorysetup-profiler-allocator-block-size=16777216"
    "memorysetup-profiler-editor-allocator-block-size=1048576"
    "memorysetup-temp-allocator-size-main=16777216"
    "memorysetup-job-temp-allocator-block-size=2097152"
    "memorysetup-job-temp-allocator-block-size-background=1048576"
    "memorysetup-job-temp-allocator-reduction-small-platforms=262144"
    "memorysetup-temp-allocator-size-background-worker=32768"
    "memorysetup-temp-allocator-size-job-worker=262144"
    "memorysetup-temp-allocator-size-preload-manager=33554432"
    "memorysetup-temp-allocator-size-nav-mesh-worker=65536"
    "memorysetup-temp-allocator-size-audio-worker=65536"
    "memorysetup-temp-allocator-size-cloud-worker=32768"
    "memorysetup-temp-allocator-size-gi-baking-worker=262144"
    "memorysetup-temp-allocator-size-gi-baking-worker=262144"
    "memorysetup-temp-allocator-size-gi-baking-worker=262144"
    "memorysetup-temp-allocator-size-gi-baking-worker=262144"
    "memorysetup-temp-allocator-size-gi-baking-worker=262144"
    "memorysetup-temp-allocator-size-gfx=262144"
Player connection [29608]  Target information:

Player connection [29608]  * "[IP] 192.168.1.62 [Port] 0 [Flags] 2 [Guid] 1971194546 [EditorId] 1971194546 [Version] 1048832 [Id] WindowsEditor(7,DESKTOP-3UTH55C) [Debug] 1 [PackageName] WindowsEditor [ProjectName] Editor" 

Player connection [29608]  * "[IP] 169.254.123.189 [Port] 0 [Flags] 2 [Guid] 1971194546 [EditorId] 1971194546 [Version] 1048832 [Id] WindowsEditor(7,DESKTOP-3UTH55C) [Debug] 1 [PackageName] WindowsEditor [ProjectName] Editor" 

Player connection [29608] Host joined multi-casting on [225.0.0.222:54997]...
Player connection [29608] Host joined alternative multi-casting on [225.0.0.222:34997]...
JobSystem: Creating JobQueue using job-worker-count value 7
Input System module state changed to: Initialized.
[Physics::Module] Initialized fallback backend.
[Physics::Module] Id: 0xdecafbad
Library Redirect Path: Library/
[Physics::Module] Selected backend.
[Physics::Module] Name: PhysX
[Physics::Module] Id: 0xf2b8ea05
[Physics::Module] SDK Version: 4.1.2
[Physics::Module] Integration Version: 1.0.0
[Physics::Module] Threading Mode: Multi-Threaded
Refreshing native plugins compatible for Editor in 13.91 ms, found 4 plugins.
Preloading 1 native plugins for Editor in 3.99 ms.
Initialize engine version: 6000.1.7f1 (13a8ffad9172)
[Subsystems] Discovering subsystems at path C:/Program Files/Unity/Hub/Editor/6000.1.7f1/Editor/Data/Resources/UnitySubsystems
[Subsystems] Discovering subsystems at path D:/Unity projects/InfiniteRunner/Assets
GfxDevice: creating device client; kGfxThreadingModeNonThreaded
Direct3D:
    Version:  Direct3D 11.0 [level 11.1]
    Renderer: NVIDIA GeForce RTX 2060 (ID=0x1f08)
    Vendor:   NVIDIA
    VRAM:     5955 MB
    Driver:   32.0.15.7652
Initialize mono
Mono path[0] = 'C:/Program Files/Unity/Hub/Editor/6000.1.7f1/Editor/Data/Managed'
Mono path[1] = 'C:/Program Files/Unity/Hub/Editor/6000.1.7f1/Editor/Data/MonoBleedingEdge/lib/mono/unityjit-win32'
Mono config path = 'C:/Program Files/Unity/Hub/Editor/6000.1.7f1/Editor/Data/MonoBleedingEdge/etc'
Using monoOptions --debugger-agent=transport=dt_socket,embedding=1,server=y,suspend=n,address=127.0.0.1:56156
Begin MonoManager ReloadAssembly
Registering precompiled unity dll's ...
Register platform support module: C:/Program Files/Unity/Hub/Editor/6000.1.7f1/Editor/Data/PlaybackEngines/WindowsStandaloneSupport/UnityEditor.WindowsStandalone.Extensions.dll
Register platform support module: C:/Program Files/Unity/Hub/Editor/6000.1.7f1/Editor/Data/PlaybackEngines/MetroSupport/UnityEditor.UWP.Extensions.dll
Register platform support module: C:/Program Files/Unity/Hub/Editor/6000.1.7f1/Editor/Data/PlaybackEngines/AndroidPlayer/UnityEditor.Android.Extensions.dll
Registered in 0.022098 seconds.
- Loaded All Assemblies, in  7.317 seconds
Native extension for Android target not found
Unauthorized device detected, Id: R38M20GQVNL, please add debug authorization and reconnect.
UnityEngine.Debug:ExtractStackTraceNoAlloc (byte*,int,string)
UnityEngine.StackTraceUtility:ExtractStackTrace ()
UnityEngine.DebugLogHandler:Internal_Log (UnityEngine.LogType,UnityEngine.LogOption,string,UnityEngine.Object)
UnityEngine.DebugLogHandler:LogFormat (UnityEngine.LogType,UnityEngine.Object,string,object[])
UnityEngine.Logger:LogFormat (UnityEngine.LogType,string,object[])
UnityEngine.Debug:LogFormat (string,object[])
UnityEditor.Android.AndroidDeploymentTargetsExtension:GetKnownTargets (UnityEditor.DeploymentTargets.IDeploymentTargetsMainThreadContext,UnityEditor.ProgressHandler) (at /home/bokken/build/output/unity/unity/PlatformDependent/AndroidPlayer/Editor/Managed/DeploymentTargets/AndroidDeploymentTargetsExtension.cs:398)
UnityEditor.Android.TargetScanWorker:ScanSync () (at /home/bokken/build/output/unity/unity/PlatformDependent/AndroidPlayer/Editor/Managed/TargetScanWorker.cs:164)
UnityEditor.Android.TargetExtension:OnUsbDevicesChanged (UnityEditor.Hardware.UsbDevice[]) (at /home/bokken/build/output/unity/unity/PlatformDependent/AndroidPlayer/Editor/Managed/ExtensionModule.cs:114)
UnityEditor.Android.TargetExtension:OnLoad () (at /home/bokken/build/output/unity/unity/PlatformDependent/AndroidPlayer/Editor/Managed/ExtensionModule.cs:75)
UnityEditor.Modules.ModuleManager:InitializePlatformSupportModules ()

(Filename: /home/bokken/build/output/unity/unity/PlatformDependent/AndroidPlayer/Editor/Managed/DeploymentTargets/AndroidDeploymentTargetsExtension.cs Line: 398)

Android Extension - Scanning For ADB Devices 2603 ms
Native extension for UWP target not found
Native extension for WindowsStandalone target not found
Mono: successfully reloaded assembly
- Finished resetting the current domain, in  8.212 seconds
Domain Reload Profiling: 15524ms
	BeginReloadAssembly (3959ms)
		ExecutionOrderSort (0ms)
		DisableScriptedObjects (0ms)
		BackupInstance (0ms)
		ReleaseScriptingObjects (0ms)
		CreateAndSetChildDomain (9ms)
	RebuildCommonClasses (412ms)
	RebuildNativeTypeToScriptingClass (139ms)
	initialDomainReloadingComplete (492ms)
	LoadAllAssembliesAndSetupDomain (2307ms)
		LoadAssemblies (3913ms)
		RebuildTransferFunctionScriptingTraits (0ms)
		AnalyzeDomain (2281ms)
			TypeCache.Refresh (2271ms)
				TypeCache.ScanAssembly (2133ms)
			BuildScriptInfoCaches (2ms)
			ResolveRequiredComponents (4ms)
	FinalizeReload (8216ms)
		ReleaseScriptCaches (0ms)
		RebuildScriptCaches (0ms)
		SetupLoadedEditorAssemblies (7698ms)
			LogAssemblyErrors (0ms)
			InitializePlatformSupportModulesInManaged (4507ms)
			SetLoadedEditorAssemblies (26ms)
			BeforeProcessingInitializeOnLoad (832ms)
			ProcessInitializeOnLoadAttributes (1529ms)
			ProcessInitializeOnLoadMethodAttributes (803ms)
			AfterProcessingInitializeOnLoad (0ms)
			EditorAssembliesLoaded (1ms)
		ExecutionOrderSort2 (0ms)
		AwakeInstancesAfterBackupRestoration (0ms)
========================================================================
Worker process is ready to serve import requests
Import Worker Mode flag is 0x00
Begin MonoManager ReloadAssembly
- Loaded All Assemblies, in  8.126 seconds
Refreshing native plugins compatible for Editor in 3.90 ms, found 4 plugins.
Native extension for Android target not found
Native extension for UWP target not found
Native extension for WindowsStandalone target not found
Mono: successfully reloaded assembly
- Finished resetting the current domain, in  7.182 seconds
Domain Reload Profiling: 15301ms
	BeginReloadAssembly (720ms)
		ExecutionOrderSort (0ms)
		DisableScriptedObjects (24ms)
		BackupInstance (0ms)
		ReleaseScriptingObjects (0ms)
		CreateAndSetChildDomain (100ms)
	RebuildCommonClasses (195ms)
	RebuildNativeTypeToScriptingClass (73ms)
	initialDomainReloadingComplete (496ms)
	LoadAllAssembliesAndSetupDomain (6633ms)
		LoadAssemblies (4899ms)
		RebuildTransferFunctionScriptingTraits (0ms)
		AnalyzeDomain (2133ms)
			TypeCache.Refresh (1752ms)
				TypeCache.ScanAssembly (1662ms)
			BuildScriptInfoCaches (313ms)
			ResolveRequiredComponents (52ms)
	FinalizeReload (7183ms)
		ReleaseScriptCaches (0ms)
		RebuildScriptCaches (0ms)
		SetupLoadedEditorAssemblies (3998ms)
			LogAssemblyErrors (0ms)
			InitializePlatformSupportModulesInManaged (69ms)
			SetLoadedEditorAssemblies (38ms)
			BeforeProcessingInitializeOnLoad (939ms)
			ProcessInitializeOnLoadAttributes (2607ms)
			ProcessInitializeOnLoadMethodAttributes (320ms)
			AfterProcessingInitializeOnLoad (24ms)
			EditorAssembliesLoaded (1ms)
		ExecutionOrderSort2 (0ms)
		AwakeInstancesAfterBackupRestoration (32ms)
Launched and connected shader compiler UnityShaderCompiler.exe after 0.08 seconds
Refreshing native plugins compatible for Editor in 17.92 ms, found 4 plugins.
Preloading 1 native plugins for Editor in 0.55 ms.
Unloading 234 Unused Serialized files (Serialized files now loaded: 0)
Unloading 6155 unused Assets / (6.2 MB). Loaded Objects now: 6886.
Memory consumption went from 254.7 MB to 248.5 MB.
Total: 210.998100 ms (FindLiveObjects: 3.514500 ms CreateObjectMapping: 3.900700 ms MarkObjects: 180.249500 ms  DeleteObjects: 23.326100 ms)

========================================================================
Received Import Request.
  Time since last request: 17232.276550 seconds.
  path: Assets/Prefab/Item/Plank.prefab
  artifactKey: Guid(0d3370ce4dd31974881ba6d1dc718c2b) Importer(815301076,1909f56bfc062723c751e8b465ee728b)
Start importing Assets/Prefab/Item/Plank.prefab using Guid(0d3370ce4dd31974881ba6d1dc718c2b) Importer(815301076,1909f56bfc062723c751e8b465ee728b) (PreviewImporter) -> (artifact id: 'f836ad01a1557182595969f8251e854b') in 7.1537749 seconds
Number of updated asset objects reloaded before import = 0Number of asset objects unloaded after import = 21

========================================================================
Received Import Request.
  Time since last request: 0.000148 seconds.
  path: Assets/Prefab/Boss/Scylla.prefab
  artifactKey: Guid(dd3f6468634d45e4d8fae9318043fceb) Importer(815301076,1909f56bfc062723c751e8b465ee728b)
Start importing Assets/Prefab/Boss/Scylla.prefab using Guid(dd3f6468634d45e4d8fae9318043fceb) Importer(815301076,1909f56bfc062723c751e8b465ee728b) (PreviewImporter) -> (artifact id: '94faaec4c5bfc17d40314ecb268862d2') in 6.1225381 seconds
Number of updated asset objects reloaded before import = 0Number of asset objects unloaded after import = 628

========================================================================
Received Import Request.
  Time since last request: 0.000503 seconds.
  path: Assets/Prefab/Obstacles/Hands.prefab
  artifactKey: Guid(0ef4c0f308fd19d488288d4938a81133) Importer(815301076,1909f56bfc062723c751e8b465ee728b)
Start importing Assets/Prefab/Obstacles/Hands.prefab using Guid(0ef4c0f308fd19d488288d4938a81133) Importer(815301076,1909f56bfc062723c751e8b465ee728b) (PreviewImporter) -> (artifact id: 'b04a4e83cfca3281018aa852a929a49b') in 1.3576423 seconds
Number of updated asset objects reloaded before import = 0Number of asset objects unloaded after import = 285

========================================================================
Received Import Request.
  Time since last request: 0.000119 seconds.
  path: Assets/Prefab/Patterns/Biome1/Pattern4.prefab
  artifactKey: Guid(c6b97acb497c2314c99a896c0f734c51) Importer(815301076,1909f56bfc062723c751e8b465ee728b)
Start importing Assets/Prefab/Patterns/Biome1/Pattern4.prefab using Guid(c6b97acb497c2314c99a896c0f734c51) Importer(815301076,1909f56bfc062723c751e8b465ee728b) (PreviewImporter) -> (artifact id: '198d3b43639dad2c6083f839a1313c90') in 1.9296573 seconds
Number of updated asset objects reloaded before import = 0Number of asset objects unloaded after import = 292

========================================================================
Received Import Request.
  Time since last request: 0.000239 seconds.
  path: Assets/Prefab/Obstacles/Mermaid.prefab
  artifactKey: Guid(5df4dce32207c214ea94e96260282300) Importer(815301076,1909f56bfc062723c751e8b465ee728b)
Start importing Assets/Prefab/Obstacles/Mermaid.prefab using Guid(5df4dce32207c214ea94e96260282300) Importer(815301076,1909f56bfc062723c751e8b465ee728b) (PreviewImporter) -> (artifact id: 'e2b762e316779b5eb74d6780d2a2582a') in 0.2037011 seconds
Number of updated asset objects reloaded before import = 0Number of asset objects unloaded after import = 80

========================================================================
Received Import Request.
  Time since last request: 0.000118 seconds.
  path: Assets/Prefab/Obstacles/spectre.prefab
  artifactKey: Guid(763ecfc3907aa7b48957cfae99eb90ad) Importer(815301076,1909f56bfc062723c751e8b465ee728b)
Start importing Assets/Prefab/Obstacles/spectre.prefab using Guid(763ecfc3907aa7b48957cfae99eb90ad) Importer(815301076,1909f56bfc062723c751e8b465ee728b) (PreviewImporter) -> (artifact id: 'eac111956642d629a97782a7d0ecfeb2') in 1.5529612 seconds
Number of updated asset objects reloaded before import = 0Number of asset objects unloaded after import = 246

========================================================================
Received Import Request.
  Time since last request: 0.000114 seconds.
  path: Assets/Prefab/Patterns/Biome2/Pattern1.prefab
  artifactKey: Guid(70b7f0c63c6d19a4f801b31de71307ba) Importer(815301076,1909f56bfc062723c751e8b465ee728b)
Start importing Assets/Prefab/Patterns/Biome2/Pattern1.prefab using Guid(70b7f0c63c6d19a4f801b31de71307ba) Importer(815301076,1909f56bfc062723c751e8b465ee728b) (PreviewImporter) -> (artifact id: '2d9a7be284d0408c4930345aa78331d7') in 2.7715743 seconds
Number of updated asset objects reloaded before import = 0Number of asset objects unloaded after import = 1030

========================================================================
Received Import Request.
  Time since last request: 0.000235 seconds.
  path: Assets/Prefab/Patterns/Biome2/Pattern3.prefab
  artifactKey: Guid(45c1659c81ddaa34d85a058d755c0742) Importer(815301076,1909f56bfc062723c751e8b465ee728b)
Start importing Assets/Prefab/Patterns/Biome2/Pattern3.prefab using Guid(45c1659c81ddaa34d85a058d755c0742) Importer(815301076,1909f56bfc062723c751e8b465ee728b) (PreviewImporter) -> (artifact id: 'dc0ffe5c0278dabeecb8f84dd5805f3e') in 0.8164134 seconds
Number of updated asset objects reloaded before import = 0Number of asset objects unloaded after import = 694

========================================================================
Received Import Request.
  Time since last request: 0.000246 seconds.
  path: Assets/Prefab/Patterns/Biome1/Pattern7.prefab
  artifactKey: Guid(1a429f143f5e4244e873a37dd1acf37e) Importer(815301076,1909f56bfc062723c751e8b465ee728b)
Start importing Assets/Prefab/Patterns/Biome1/Pattern7.prefab using Guid(1a429f143f5e4244e873a37dd1acf37e) Importer(815301076,1909f56bfc062723c751e8b465ee728b) (PreviewImporter) -> (artifact id: '84fdd96499330b2a89a08f6be0367159') in 0.3736243 seconds
Number of updated asset objects reloaded before import = 0Number of asset objects unloaded after import = 256

========================================================================
Received Import Request.
  Time since last request: 0.000102 seconds.
  path: Assets/Prefab/Obstacles/Log.prefab
  artifactKey: Guid(a179e58154652f34e9f4e07307a126d0) Importer(815301076,1909f56bfc062723c751e8b465ee728b)
Start importing Assets/Prefab/Obstacles/Log.prefab using Guid(a179e58154652f34e9f4e07307a126d0) Importer(815301076,1909f56bfc062723c751e8b465ee728b) (PreviewImporter) -> (artifact id: '5f900290b92901dafc2633a35c380703') in 0.0783152 seconds
Number of updated asset objects reloaded before import = 0Number of asset objects unloaded after import = 34

========================================================================
Received Import Request.
  Time since last request: 0.000105 seconds.
  path: Assets/Prefab/Obstacles/Wreck.prefab
  artifactKey: Guid(f4522736cac93d547869aab4acb49a58) Importer(815301076,1909f56bfc062723c751e8b465ee728b)
Start importing Assets/Prefab/Obstacles/Wreck.prefab using Guid(f4522736cac93d547869aab4acb49a58) Importer(815301076,1909f56bfc062723c751e8b465ee728b) (PreviewImporter) -> (artifact id: '0e5ff5949692372a7cef7f1f062f623a') in 0.0793695 seconds
Number of updated asset objects reloaded before import = 0Number of asset objects unloaded after import = 51

========================================================================
Received Import Request.
  Time since last request: 0.000302 seconds.
  path: Assets/Prefab/Patterns/Biome2/Pattern2.prefab
  artifactKey: Guid(8664afdee4292eb42b2d5eff32e85e07) Importer(815301076,1909f56bfc062723c751e8b465ee728b)
Start importing Assets/Prefab/Patterns/Biome2/Pattern2.prefab using Guid(8664afdee4292eb42b2d5eff32e85e07) Importer(815301076,1909f56bfc062723c751e8b465ee728b) (PreviewImporter) -> (artifact id: 'b2b86de7cb11a7b75fb50db3966a46b1') in 1.6162214 seconds
Number of updated asset objects reloaded before import = 0Number of asset objects unloaded after import = 654

========================================================================
Received Import Request.
  Time since last request: 0.000120 seconds.
  path: Assets/Prefab/Patterns/Biome1/Pattern5.prefab
  artifactKey: Guid(f7780dfeafd16c84882e51998fef5e3a) Importer(815301076,1909f56bfc062723c751e8b465ee728b)
Start importing Assets/Prefab/Patterns/Biome1/Pattern5.prefab using Guid(f7780dfeafd16c84882e51998fef5e3a) Importer(815301076,1909f56bfc062723c751e8b465ee728b) (PreviewImporter) -> (artifact id: 'c80085040d56653fd88e36e88d9bbb3f') in 0.9064183 seconds
Number of updated asset objects reloaded before import = 0Number of asset objects unloaded after import = 377

========================================================================
Received Import Request.
  Time since last request: 0.000102 seconds.
  path: Assets/Prefab/Patterns/Biome1/Pattern3.prefab
  artifactKey: Guid(2308b1fd1a78a9e408cfb7cd920174c6) Importer(815301076,1909f56bfc062723c751e8b465ee728b)
Start importing Assets/Prefab/Patterns/Biome1/Pattern3.prefab using Guid(2308b1fd1a78a9e408cfb7cd920174c6) Importer(815301076,1909f56bfc062723c751e8b465ee728b) (PreviewImporter) -> (artifact id: 'fe73c175065a9e00c433afe6a1d8fce4') in 0.1512148 seconds
Number of updated asset objects reloaded before import = 0Number of asset objects unloaded after import = 290

========================================================================
Received Import Request.
  Time since last request: 0.000145 seconds.
  path: Assets/Prefab/Patterns/Biome1/Pattern6.prefab
  artifactKey: Guid(a4889f9fe885703419ed52d6672ef72a) Importer(815301076,1909f56bfc062723c751e8b465ee728b)
Start importing Assets/Prefab/Patterns/Biome1/Pattern6.prefab using Guid(a4889f9fe885703419ed52d6672ef72a) Importer(815301076,1909f56bfc062723c751e8b465ee728b) (PreviewImporter) -> (artifact id: '52e9a0d0f63a9807114c9e74e640583f') in 0.1205266 seconds
Number of updated asset objects reloaded before import = 0Number of asset objects unloaded after import = 283

Editor requested this worker to shutdown with reason: Scaling down because of idle timeout
AssetImportWorkerClient::OnTransportError - code=2 error=End of file
AssetImportWorker is now disconnected from the server
Process exiting
Exiting without the bug reporter. Application will terminate with return code 0