Using pre-set license
Built from '6000.1/staging' branch; Version is '6000.1.7f1 (13a8ffad9172) revision 1288447'; Using compiler version '194234433'; Build Type 'Release'
OS: 'Windows 11  (10.0.26100) 64bit Core' Language: 'fr' Physical Memory: 48965 MB
BatchMode: 1, IsHumanControllingUs: 0, StartBugReporterOnCrash: 0, Is64bit: 1, IsPro: 1
Date: 2025-06-18T15:49:24Z

COMMAND LINE ARGUMENTS:
C:\Program Files\Unity\Hub\Editor\6000.1.7f1\Editor\Unity.exe
-adb2
-batchMode
-noUpm
-name
AssetImportWorker13
-projectPath
D:/Unity projects/InfiniteRunner
-logFile
Logs/AssetImportWorker13.log
-srvPort
58219
-job-worker-count
7
-background-job-worker-count
8
-gc-helper-count
1
-name
AssetImport
Successfully changed project path to: D:/Unity projects/InfiniteRunner
D:/Unity projects/InfiniteRunner
[UnityMemory] Configuration Parameters - Can be set up in boot.config
    "memorysetup-allocator-temp-initial-block-size-main=262144"
    "memorysetup-allocator-temp-initial-block-size-worker=262144"
    "memorysetup-bucket-allocator-granularity=16"
    "memorysetup-bucket-allocator-bucket-count=8"
    "memorysetup-bucket-allocator-block-size=33554432"
    "memorysetup-bucket-allocator-block-count=8"
    "memorysetup-main-allocator-block-size=16777216"
    "memorysetup-thread-allocator-block-size=16777216"
    "memorysetup-gfx-main-allocator-block-size=16777216"
    "memorysetup-gfx-thread-allocator-block-size=16777216"
    "memorysetup-cache-allocator-block-size=4194304"
    "memorysetup-typetree-allocator-block-size=2097152"
    "memorysetup-profiler-bucket-allocator-granularity=16"
    "memorysetup-profiler-bucket-allocator-bucket-count=8"
    "memorysetup-profiler-bucket-allocator-block-size=33554432"
    "memorysetup-profiler-bucket-allocator-block-count=8"
    "memorysetup-profiler-allocator-block-size=16777216"
    "memorysetup-profiler-editor-allocator-block-size=1048576"
    "memorysetup-temp-allocator-size-main=16777216"
    "memorysetup-job-temp-allocator-block-size=2097152"
    "memorysetup-job-temp-allocator-block-size-background=1048576"
    "memorysetup-job-temp-allocator-reduction-small-platforms=262144"
    "memorysetup-temp-allocator-size-background-worker=32768"
    "memorysetup-temp-allocator-size-job-worker=262144"
    "memorysetup-temp-allocator-size-preload-manager=33554432"
    "memorysetup-temp-allocator-size-nav-mesh-worker=65536"
    "memorysetup-temp-allocator-size-audio-worker=65536"
    "memorysetup-temp-allocator-size-cloud-worker=32768"
    "memorysetup-temp-allocator-size-gi-baking-worker=262144"
    "memorysetup-temp-allocator-size-gi-baking-worker=262144"
    "memorysetup-temp-allocator-size-gi-baking-worker=262144"
    "memorysetup-temp-allocator-size-gi-baking-worker=262144"
    "memorysetup-temp-allocator-size-gi-baking-worker=262144"
    "memorysetup-temp-allocator-size-gfx=262144"
Player connection [33212]  Target information:

Player connection [33212]  * "[IP] 192.168.1.62 [Port] 0 [Flags] 2 [Guid] 1162977610 [EditorId] 1162977610 [Version] 1048832 [Id] WindowsEditor(7,DESKTOP-3UTH55C) [Debug] 1 [PackageName] WindowsEditor [ProjectName] Editor" 

Player connection [33212]  * "[IP] 169.254.123.189 [Port] 0 [Flags] 2 [Guid] 1162977610 [EditorId] 1162977610 [Version] 1048832 [Id] WindowsEditor(7,DESKTOP-3UTH55C) [Debug] 1 [PackageName] WindowsEditor [ProjectName] Editor" 

Player connection [33212] Host joined multi-casting on [225.0.0.222:54997]...
Player connection [33212] Host joined alternative multi-casting on [225.0.0.222:34997]...
JobSystem: Creating JobQueue using job-worker-count value 7
Input System module state changed to: Initialized.
[Physics::Module] Initialized fallback backend.
[Physics::Module] Id: 0xdecafbad
Library Redirect Path: Library/
[Physics::Module] Selected backend.
[Physics::Module] Name: PhysX
[Physics::Module] Id: 0xf2b8ea05
[Physics::Module] SDK Version: 4.1.2
[Physics::Module] Integration Version: 1.0.0
[Physics::Module] Threading Mode: Multi-Threaded
Refreshing native plugins compatible for Editor in 20.73 ms, found 4 plugins.
Preloading 1 native plugins for Editor in 5.80 ms.
Initialize engine version: 6000.1.7f1 (13a8ffad9172)
[Subsystems] Discovering subsystems at path C:/Program Files/Unity/Hub/Editor/6000.1.7f1/Editor/Data/Resources/UnitySubsystems
[Subsystems] Discovering subsystems at path D:/Unity projects/InfiniteRunner/Assets
GfxDevice: creating device client; kGfxThreadingModeNonThreaded
Direct3D:
    Version:  Direct3D 11.0 [level 11.1]
    Renderer: NVIDIA GeForce RTX 2060 (ID=0x1f08)
    Vendor:   NVIDIA
    VRAM:     5955 MB
    Driver:   32.0.15.7652
Initialize mono
Mono path[0] = 'C:/Program Files/Unity/Hub/Editor/6000.1.7f1/Editor/Data/Managed'
Mono path[1] = 'C:/Program Files/Unity/Hub/Editor/6000.1.7f1/Editor/Data/MonoBleedingEdge/lib/mono/unityjit-win32'
Mono config path = 'C:/Program Files/Unity/Hub/Editor/6000.1.7f1/Editor/Data/MonoBleedingEdge/etc'
Using monoOptions --debugger-agent=transport=dt_socket,embedding=1,server=y,suspend=n,address=127.0.0.1:56496
Begin MonoManager ReloadAssembly
Registering precompiled unity dll's ...
Register platform support module: C:/Program Files/Unity/Hub/Editor/6000.1.7f1/Editor/Data/PlaybackEngines/WindowsStandaloneSupport/UnityEditor.WindowsStandalone.Extensions.dll
Register platform support module: C:/Program Files/Unity/Hub/Editor/6000.1.7f1/Editor/Data/PlaybackEngines/MetroSupport/UnityEditor.UWP.Extensions.dll
Register platform support module: C:/Program Files/Unity/Hub/Editor/6000.1.7f1/Editor/Data/PlaybackEngines/AndroidPlayer/UnityEditor.Android.Extensions.dll
Registered in 0.007613 seconds.
- Loaded All Assemblies, in  3.336 seconds
Native extension for Android target not found
Unauthorized device detected, Id: R38M20GQVNL, please add debug authorization and reconnect.
UnityEngine.Debug:ExtractStackTraceNoAlloc (byte*,int,string)
UnityEngine.StackTraceUtility:ExtractStackTrace ()
UnityEngine.DebugLogHandler:Internal_Log (UnityEngine.LogType,UnityEngine.LogOption,string,UnityEngine.Object)
UnityEngine.DebugLogHandler:LogFormat (UnityEngine.LogType,UnityEngine.Object,string,object[])
UnityEngine.Logger:LogFormat (UnityEngine.LogType,string,object[])
UnityEngine.Debug:LogFormat (string,object[])
UnityEditor.Android.AndroidDeploymentTargetsExtension:GetKnownTargets (UnityEditor.DeploymentTargets.IDeploymentTargetsMainThreadContext,UnityEditor.ProgressHandler) (at /home/bokken/build/output/unity/unity/PlatformDependent/AndroidPlayer/Editor/Managed/DeploymentTargets/AndroidDeploymentTargetsExtension.cs:398)
UnityEditor.Android.TargetScanWorker:ScanSync () (at /home/bokken/build/output/unity/unity/PlatformDependent/AndroidPlayer/Editor/Managed/TargetScanWorker.cs:164)
UnityEditor.Android.TargetExtension:OnUsbDevicesChanged (UnityEditor.Hardware.UsbDevice[]) (at /home/bokken/build/output/unity/unity/PlatformDependent/AndroidPlayer/Editor/Managed/ExtensionModule.cs:114)
UnityEditor.Android.TargetExtension:OnLoad () (at /home/bokken/build/output/unity/unity/PlatformDependent/AndroidPlayer/Editor/Managed/ExtensionModule.cs:75)
UnityEditor.Modules.ModuleManager:InitializePlatformSupportModules ()

(Filename: /home/bokken/build/output/unity/unity/PlatformDependent/AndroidPlayer/Editor/Managed/DeploymentTargets/AndroidDeploymentTargetsExtension.cs Line: 398)

Android Extension - Scanning For ADB Devices 1036 ms
Native extension for UWP target not found
Native extension for WindowsStandalone target not found
Mono: successfully reloaded assembly
- Finished resetting the current domain, in  4.077 seconds
Domain Reload Profiling: 7347ms
	BeginReloadAssembly (893ms)
		ExecutionOrderSort (0ms)
		DisableScriptedObjects (0ms)
		BackupInstance (0ms)
		ReleaseScriptingObjects (0ms)
		CreateAndSetChildDomain (5ms)
	RebuildCommonClasses (456ms)
	RebuildNativeTypeToScriptingClass (61ms)
	initialDomainReloadingComplete (357ms)
	LoadAllAssembliesAndSetupDomain (1501ms)
		LoadAssemblies (929ms)
		RebuildTransferFunctionScriptingTraits (0ms)
		AnalyzeDomain (1376ms)
			TypeCache.Refresh (1370ms)
				TypeCache.ScanAssembly (1309ms)
			BuildScriptInfoCaches (1ms)
			ResolveRequiredComponents (2ms)
	FinalizeReload (4078ms)
		ReleaseScriptCaches (0ms)
		RebuildScriptCaches (0ms)
		SetupLoadedEditorAssemblies (3860ms)
			LogAssemblyErrors (0ms)
			InitializePlatformSupportModulesInManaged (1528ms)
			SetLoadedEditorAssemblies (24ms)
			BeforeProcessingInitializeOnLoad (537ms)
			ProcessInitializeOnLoadAttributes (1471ms)
			ProcessInitializeOnLoadMethodAttributes (300ms)
			AfterProcessingInitializeOnLoad (0ms)
			EditorAssembliesLoaded (0ms)
		ExecutionOrderSort2 (0ms)
		AwakeInstancesAfterBackupRestoration (0ms)
========================================================================
Worker process is ready to serve import requests
Import Worker Mode flag is 0x00
Begin MonoManager ReloadAssembly
- Loaded All Assemblies, in  5.052 seconds
Refreshing native plugins compatible for Editor in 3.15 ms, found 4 plugins.
Native extension for Android target not found
Native extension for UWP target not found
Native extension for WindowsStandalone target not found
Mono: successfully reloaded assembly
- Finished resetting the current domain, in  4.349 seconds
Domain Reload Profiling: 9365ms
	BeginReloadAssembly (904ms)
		ExecutionOrderSort (0ms)
		DisableScriptedObjects (29ms)
		BackupInstance (0ms)
		ReleaseScriptingObjects (0ms)
		CreateAndSetChildDomain (125ms)
	RebuildCommonClasses (550ms)
	RebuildNativeTypeToScriptingClass (72ms)
	initialDomainReloadingComplete (276ms)
	LoadAllAssembliesAndSetupDomain (3213ms)
		LoadAssemblies (1819ms)
		RebuildTransferFunctionScriptingTraits (0ms)
		AnalyzeDomain (1923ms)
			TypeCache.Refresh (1669ms)
				TypeCache.ScanAssembly (1600ms)
			BuildScriptInfoCaches (202ms)
			ResolveRequiredComponents (41ms)
	FinalizeReload (4351ms)
		ReleaseScriptCaches (0ms)
		RebuildScriptCaches (0ms)
		SetupLoadedEditorAssemblies (3502ms)
			LogAssemblyErrors (0ms)
			InitializePlatformSupportModulesInManaged (52ms)
			SetLoadedEditorAssemblies (29ms)
			BeforeProcessingInitializeOnLoad (740ms)
			ProcessInitializeOnLoadAttributes (2038ms)
			ProcessInitializeOnLoadMethodAttributes (628ms)
			AfterProcessingInitializeOnLoad (15ms)
			EditorAssembliesLoaded (1ms)
		ExecutionOrderSort2 (0ms)
		AwakeInstancesAfterBackupRestoration (31ms)
Launched and connected shader compiler UnityShaderCompiler.exe after 0.03 seconds
Refreshing native plugins compatible for Editor in 83.00 ms, found 4 plugins.
Preloading 1 native plugins for Editor in 0.77 ms.
Unloading 234 Unused Serialized files (Serialized files now loaded: 0)
Unloading 6155 unused Assets / (6.2 MB). Loaded Objects now: 6886.
Memory consumption went from 254.9 MB to 248.7 MB.
Total: 582.017500 ms (FindLiveObjects: 2.380100 ms CreateObjectMapping: 2.965300 ms MarkObjects: 554.833600 ms  DeleteObjects: 21.832500 ms)

========================================================================
Received Import Request.
  Time since last request: 18448.440157 seconds.
  path: Assets/Prefab/Patterns/Styx.asset
  artifactKey: Guid(8b137cd3508f22d4c9081da4c5134bff) Importer(815301076,1909f56bfc062723c751e8b465ee728b)
Start importing Assets/Prefab/Patterns/Styx.asset using Guid(8b137cd3508f22d4c9081da4c5134bff) Importer(815301076,1909f56bfc062723c751e8b465ee728b) (PreviewImporter) -> (artifact id: '06b8f87be9012e48e17856ad3629282c') in 2.0878529 seconds
Number of updated asset objects reloaded before import = 0Number of asset objects unloaded after import = 2949

========================================================================
Received Prepare
Begin MonoManager ReloadAssembly
- Loaded All Assemblies, in  4.182 seconds
Refreshing native plugins compatible for Editor in 6.84 ms, found 4 plugins.
Native extension for Android target not found
Native extension for UWP target not found
Native extension for WindowsStandalone target not found
Mono: successfully reloaded assembly
- Finished resetting the current domain, in  4.871 seconds
Domain Reload Profiling: 9058ms
	BeginReloadAssembly (1310ms)
		ExecutionOrderSort (0ms)
		DisableScriptedObjects (24ms)
		BackupInstance (0ms)
		ReleaseScriptingObjects (1ms)
		CreateAndSetChildDomain (257ms)
	RebuildCommonClasses (399ms)
	RebuildNativeTypeToScriptingClass (227ms)
	initialDomainReloadingComplete (133ms)
	LoadAllAssembliesAndSetupDomain (2116ms)
		LoadAssemblies (1817ms)
		RebuildTransferFunctionScriptingTraits (0ms)
		AnalyzeDomain (1078ms)
			TypeCache.Refresh (34ms)
				TypeCache.ScanAssembly (0ms)
			BuildScriptInfoCaches (908ms)
			ResolveRequiredComponents (111ms)
	FinalizeReload (4873ms)
		ReleaseScriptCaches (0ms)
		RebuildScriptCaches (0ms)
		SetupLoadedEditorAssemblies (3784ms)
			LogAssemblyErrors (0ms)
			InitializePlatformSupportModulesInManaged (97ms)
			SetLoadedEditorAssemblies (53ms)
			BeforeProcessingInitializeOnLoad (1327ms)
			ProcessInitializeOnLoadAttributes (1863ms)
			ProcessInitializeOnLoadMethodAttributes (420ms)
			AfterProcessingInitializeOnLoad (22ms)
			EditorAssembliesLoaded (1ms)
		ExecutionOrderSort2 (0ms)
		AwakeInstancesAfterBackupRestoration (67ms)
Refreshing native plugins compatible for Editor in 10.32 ms, found 4 plugins.
Preloading 1 native plugins for Editor in 0.66 ms.
Unloading 27 Unused Serialized files (Serialized files now loaded: 0)
Unloading 6153 unused Assets / (6.2 MB). Loaded Objects now: 6904.
Memory consumption went from 225.2 MB to 219.1 MB.
Total: 88.175100 ms (FindLiveObjects: 2.517100 ms CreateObjectMapping: 3.235300 ms MarkObjects: 58.191600 ms  DeleteObjects: 24.222300 ms)

Prepare: number of updated asset objects reloaded= 0
========================================================================
Received Prepare
Begin MonoManager ReloadAssembly
- Loaded All Assemblies, in  9.132 seconds
Refreshing native plugins compatible for Editor in 12.64 ms, found 4 plugins.
Native extension for Android target not found
Native extension for UWP target not found
Native extension for WindowsStandalone target not found
Mono: successfully reloaded assembly
- Finished resetting the current domain, in 12.714 seconds
Domain Reload Profiling: 21849ms
	BeginReloadAssembly (3070ms)
		ExecutionOrderSort (5ms)
		DisableScriptedObjects (90ms)
		BackupInstance (0ms)
		ReleaseScriptingObjects (1ms)
		CreateAndSetChildDomain (350ms)
	RebuildCommonClasses (427ms)
	RebuildNativeTypeToScriptingClass (127ms)
	initialDomainReloadingComplete (331ms)
	LoadAllAssembliesAndSetupDomain (5175ms)
		LoadAssemblies (4549ms)
		RebuildTransferFunctionScriptingTraits (0ms)
		AnalyzeDomain (2556ms)
			TypeCache.Refresh (37ms)
				TypeCache.ScanAssembly (0ms)
			BuildScriptInfoCaches (2394ms)
			ResolveRequiredComponents (102ms)
	FinalizeReload (12719ms)
		ReleaseScriptCaches (0ms)
		RebuildScriptCaches (0ms)
		SetupLoadedEditorAssemblies (9002ms)
			LogAssemblyErrors (0ms)
			InitializePlatformSupportModulesInManaged (121ms)
			SetLoadedEditorAssemblies (120ms)
			BeforeProcessingInitializeOnLoad (1465ms)
			ProcessInitializeOnLoadAttributes (6275ms)
			ProcessInitializeOnLoadMethodAttributes (950ms)
			AfterProcessingInitializeOnLoad (70ms)
			EditorAssembliesLoaded (2ms)
		ExecutionOrderSort2 (0ms)
		AwakeInstancesAfterBackupRestoration (178ms)
Refreshing native plugins compatible for Editor in 82.81 ms, found 4 plugins.
Preloading 1 native plugins for Editor in 2.58 ms.
Unloading 17 Unused Serialized files (Serialized files now loaded: 0)
Unloading 6153 unused Assets / (4.9 MB). Loaded Objects now: 6906.
Memory consumption went from 223.5 MB to 218.6 MB.
Total: 1535.307100 ms (FindLiveObjects: 6.907700 ms CreateObjectMapping: 4.081600 ms MarkObjects: 1503.272200 ms  DeleteObjects: 21.035700 ms)

Prepare: number of updated asset objects reloaded= 0
========================================================================
Received Import Request.
  Time since last request: 1098.119679 seconds.
  path: Assets/Prefab/Item/StyxRelique.prefab
  artifactKey: Guid(a1a742f8da800914487baa803b941ce6) Importer(815301076,1909f56bfc062723c751e8b465ee728b)
Start importing Assets/Prefab/Item/StyxRelique.prefab using Guid(a1a742f8da800914487baa803b941ce6) Importer(815301076,1909f56bfc062723c751e8b465ee728b) (PreviewImporter) -> (artifact id: 'cf7e9187c16988a86d06458670003f7a') in 4.4504457 seconds
Number of updated asset objects reloaded before import = 0Number of asset objects unloaded after import = 37

========================================================================
Received Prepare
Refreshing native plugins compatible for Editor in 16.12 ms, found 4 plugins.
Preloading 1 native plugins for Editor in 0.43 ms.
Unloading 17 Unused Serialized files (Serialized files now loaded: 0)
Unloading 6143 unused Assets / (4.4 MB). Loaded Objects now: 7054.
Memory consumption went from 230.6 MB to 226.2 MB.
Total: 1331.447200 ms (FindLiveObjects: 1.973100 ms CreateObjectMapping: 2.236300 ms MarkObjects: 1288.287400 ms  DeleteObjects: 38.944700 ms)

Prepare: number of updated asset objects reloaded= 0
========================================================================
Received Prepare
Begin MonoManager ReloadAssembly
- Loaded All Assemblies, in  4.971 seconds
Refreshing native plugins compatible for Editor in 10.26 ms, found 4 plugins.
Native extension for Android target not found
Native extension for UWP target not found
Native extension for WindowsStandalone target not found
Mono: successfully reloaded assembly
- Finished resetting the current domain, in 13.714 seconds
Domain Reload Profiling: 18678ms
	BeginReloadAssembly (1199ms)
		ExecutionOrderSort (0ms)
		DisableScriptedObjects (170ms)
		BackupInstance (0ms)
		ReleaseScriptingObjects (1ms)
		CreateAndSetChildDomain (224ms)
	RebuildCommonClasses (258ms)
	RebuildNativeTypeToScriptingClass (71ms)
	initialDomainReloadingComplete (198ms)
	LoadAllAssembliesAndSetupDomain (3234ms)
		LoadAssemblies (2587ms)
		RebuildTransferFunctionScriptingTraits (0ms)
		AnalyzeDomain (1211ms)
			TypeCache.Refresh (45ms)
				TypeCache.ScanAssembly (4ms)
			BuildScriptInfoCaches (1081ms)
			ResolveRequiredComponents (64ms)
	FinalizeReload (13719ms)
		ReleaseScriptCaches (0ms)
		RebuildScriptCaches (0ms)
		SetupLoadedEditorAssemblies (11309ms)
			LogAssemblyErrors (0ms)
			InitializePlatformSupportModulesInManaged (52ms)
			SetLoadedEditorAssemblies (39ms)
			BeforeProcessingInitializeOnLoad (3050ms)
			ProcessInitializeOnLoadAttributes (6453ms)
			ProcessInitializeOnLoadMethodAttributes (1681ms)
			AfterProcessingInitializeOnLoad (33ms)
			EditorAssembliesLoaded (1ms)
		ExecutionOrderSort2 (0ms)
		AwakeInstancesAfterBackupRestoration (135ms)
Refreshing native plugins compatible for Editor in 10.95 ms, found 4 plugins.
Preloading 1 native plugins for Editor in 0.42 ms.
Unloading 17 Unused Serialized files (Serialized files now loaded: 0)
Unloading 6153 unused Assets / (6.3 MB). Loaded Objects now: 6938.
Memory consumption went from 229.7 MB to 223.5 MB.
Total: 89.719400 ms (FindLiveObjects: 1.892500 ms CreateObjectMapping: 2.652900 ms MarkObjects: 66.194200 ms  DeleteObjects: 18.973800 ms)

Prepare: number of updated asset objects reloaded= 0
