Using pre-set license
Built from '6000.1/staging' branch; Version is '6000.1.7f1 (13a8ffad9172) revision 1288447'; Using compiler version '194234433'; Build Type 'Release'
OS: 'Windows 11  (10.0.26100) 64bit Core' Language: 'fr' Physical Memory: 48965 MB
BatchMode: 1, IsHumanControllingUs: 0, StartBugReporterOnCrash: 0, Is64bit: 1, IsPro: 1
Date: 2025-06-18T14:00:39Z

COMMAND LINE ARGUMENTS:
C:\Program Files\Unity\Hub\Editor\6000.1.7f1\Editor\Unity.exe
-adb2
-batchMode
-noUpm
-name
AssetImportWorker2
-projectPath
D:/Unity projects/InfiniteRunner
-logFile
Logs/AssetImportWorker2.log
-srvPort
58219
-job-worker-count
7
-background-job-worker-count
8
-gc-helper-count
1
-name
AssetImport
Successfully changed project path to: D:/Unity projects/InfiniteRunner
D:/Unity projects/InfiniteRunner
[UnityMemory] Configuration Parameters - Can be set up in boot.config
    "memorysetup-allocator-temp-initial-block-size-main=262144"
    "memorysetup-allocator-temp-initial-block-size-worker=262144"
    "memorysetup-bucket-allocator-granularity=16"
    "memorysetup-bucket-allocator-bucket-count=8"
    "memorysetup-bucket-allocator-block-size=33554432"
    "memorysetup-bucket-allocator-block-count=8"
    "memorysetup-main-allocator-block-size=16777216"
    "memorysetup-thread-allocator-block-size=16777216"
    "memorysetup-gfx-main-allocator-block-size=16777216"
    "memorysetup-gfx-thread-allocator-block-size=16777216"
    "memorysetup-cache-allocator-block-size=4194304"
    "memorysetup-typetree-allocator-block-size=2097152"
    "memorysetup-profiler-bucket-allocator-granularity=16"
    "memorysetup-profiler-bucket-allocator-bucket-count=8"
    "memorysetup-profiler-bucket-allocator-block-size=33554432"
    "memorysetup-profiler-bucket-allocator-block-count=8"
    "memorysetup-profiler-allocator-block-size=16777216"
    "memorysetup-profiler-editor-allocator-block-size=1048576"
    "memorysetup-temp-allocator-size-main=16777216"
    "memorysetup-job-temp-allocator-block-size=2097152"
    "memorysetup-job-temp-allocator-block-size-background=1048576"
    "memorysetup-job-temp-allocator-reduction-small-platforms=262144"
    "memorysetup-temp-allocator-size-background-worker=32768"
    "memorysetup-temp-allocator-size-job-worker=262144"
    "memorysetup-temp-allocator-size-preload-manager=33554432"
    "memorysetup-temp-allocator-size-nav-mesh-worker=65536"
    "memorysetup-temp-allocator-size-audio-worker=65536"
    "memorysetup-temp-allocator-size-cloud-worker=32768"
    "memorysetup-temp-allocator-size-gi-baking-worker=262144"
    "memorysetup-temp-allocator-size-gi-baking-worker=262144"
    "memorysetup-temp-allocator-size-gi-baking-worker=262144"
    "memorysetup-temp-allocator-size-gi-baking-worker=262144"
    "memorysetup-temp-allocator-size-gi-baking-worker=262144"
    "memorysetup-temp-allocator-size-gfx=262144"
Player connection [28580]  Target information:

Player connection [28580]  * "[IP] 192.168.1.62 [Port] 0 [Flags] 2 [Guid] 2841949069 [EditorId] 2841949069 [Version] 1048832 [Id] WindowsEditor(7,DESKTOP-3UTH55C) [Debug] 1 [PackageName] WindowsEditor [ProjectName] Editor" 

Player connection [28580]  * "[IP] 169.254.123.170 [Port] 0 [Flags] 2 [Guid] 2841949069 [EditorId] 2841949069 [Version] 1048832 [Id] WindowsEditor(7,DESKTOP-3UTH55C) [Debug] 1 [PackageName] WindowsEditor [ProjectName] Editor" 

Player connection [28580] Host joined multi-casting on [225.0.0.222:54997]...
Player connection [28580] Host joined alternative multi-casting on [225.0.0.222:34997]...
JobSystem: Creating JobQueue using job-worker-count value 7
Input System module state changed to: Initialized.
[Physics::Module] Initialized fallback backend.
[Physics::Module] Id: 0xdecafbad
Library Redirect Path: Library/
[Physics::Module] Selected backend.
[Physics::Module] Name: PhysX
[Physics::Module] Id: 0xf2b8ea05
[Physics::Module] SDK Version: 4.1.2
[Physics::Module] Integration Version: 1.0.0
[Physics::Module] Threading Mode: Multi-Threaded
Refreshing native plugins compatible for Editor in 16.33 ms, found 4 plugins.
Preloading 1 native plugins for Editor in 4.84 ms.
Initialize engine version: 6000.1.7f1 (13a8ffad9172)
[Subsystems] Discovering subsystems at path C:/Program Files/Unity/Hub/Editor/6000.1.7f1/Editor/Data/Resources/UnitySubsystems
[Subsystems] Discovering subsystems at path D:/Unity projects/InfiniteRunner/Assets
GfxDevice: creating device client; kGfxThreadingModeNonThreaded
Direct3D:
    Version:  Direct3D 11.0 [level 11.1]
    Renderer: NVIDIA GeForce RTX 2060 (ID=0x1f08)
    Vendor:   NVIDIA
    VRAM:     5955 MB
    Driver:   32.0.15.7652
Initialize mono
Mono path[0] = 'C:/Program Files/Unity/Hub/Editor/6000.1.7f1/Editor/Data/Managed'
Mono path[1] = 'C:/Program Files/Unity/Hub/Editor/6000.1.7f1/Editor/Data/MonoBleedingEdge/lib/mono/unityjit-win32'
Mono config path = 'C:/Program Files/Unity/Hub/Editor/6000.1.7f1/Editor/Data/MonoBleedingEdge/etc'
Using monoOptions --debugger-agent=transport=dt_socket,embedding=1,server=y,suspend=n,address=127.0.0.1:56544
Begin MonoManager ReloadAssembly
Registering precompiled unity dll's ...
Register platform support module: C:/Program Files/Unity/Hub/Editor/6000.1.7f1/Editor/Data/PlaybackEngines/WindowsStandaloneSupport/UnityEditor.WindowsStandalone.Extensions.dll
Register platform support module: C:/Program Files/Unity/Hub/Editor/6000.1.7f1/Editor/Data/PlaybackEngines/MetroSupport/UnityEditor.UWP.Extensions.dll
Register platform support module: C:/Program Files/Unity/Hub/Editor/6000.1.7f1/Editor/Data/PlaybackEngines/AndroidPlayer/UnityEditor.Android.Extensions.dll
Registered in 0.013335 seconds.
- Loaded All Assemblies, in  5.402 seconds
Native extension for Android target not found
Unauthorized device detected, Id: R38M20GQVNL, please add debug authorization and reconnect.
UnityEngine.Debug:ExtractStackTraceNoAlloc (byte*,int,string)
UnityEngine.StackTraceUtility:ExtractStackTrace ()
UnityEngine.DebugLogHandler:Internal_Log (UnityEngine.LogType,UnityEngine.LogOption,string,UnityEngine.Object)
UnityEngine.DebugLogHandler:LogFormat (UnityEngine.LogType,UnityEngine.Object,string,object[])
UnityEngine.Logger:LogFormat (UnityEngine.LogType,string,object[])
UnityEngine.Debug:LogFormat (string,object[])
UnityEditor.Android.AndroidDeploymentTargetsExtension:GetKnownTargets (UnityEditor.DeploymentTargets.IDeploymentTargetsMainThreadContext,UnityEditor.ProgressHandler) (at /home/bokken/build/output/unity/unity/PlatformDependent/AndroidPlayer/Editor/Managed/DeploymentTargets/AndroidDeploymentTargetsExtension.cs:398)
UnityEditor.Android.TargetScanWorker:ScanSync () (at /home/bokken/build/output/unity/unity/PlatformDependent/AndroidPlayer/Editor/Managed/TargetScanWorker.cs:164)
UnityEditor.Android.TargetExtension:OnUsbDevicesChanged (UnityEditor.Hardware.UsbDevice[]) (at /home/bokken/build/output/unity/unity/PlatformDependent/AndroidPlayer/Editor/Managed/ExtensionModule.cs:114)
UnityEditor.Android.TargetExtension:OnLoad () (at /home/bokken/build/output/unity/unity/PlatformDependent/AndroidPlayer/Editor/Managed/ExtensionModule.cs:75)
UnityEditor.Modules.ModuleManager:InitializePlatformSupportModules ()

(Filename: /home/bokken/build/output/unity/unity/PlatformDependent/AndroidPlayer/Editor/Managed/DeploymentTargets/AndroidDeploymentTargetsExtension.cs Line: 398)

Android Extension - Scanning For ADB Devices 1433 ms
Native extension for UWP target not found
Native extension for WindowsStandalone target not found
Mono: successfully reloaded assembly
- Finished resetting the current domain, in  5.661 seconds
Domain Reload Profiling: 11054ms
	BeginReloadAssembly (2488ms)
		ExecutionOrderSort (0ms)
		DisableScriptedObjects (0ms)
		BackupInstance (0ms)
		ReleaseScriptingObjects (0ms)
		CreateAndSetChildDomain (306ms)
	RebuildCommonClasses (739ms)
	RebuildNativeTypeToScriptingClass (121ms)
	initialDomainReloadingComplete (322ms)
	LoadAllAssembliesAndSetupDomain (1720ms)
		LoadAssemblies (2019ms)
		RebuildTransferFunctionScriptingTraits (0ms)
		AnalyzeDomain (1693ms)
			TypeCache.Refresh (1677ms)
				TypeCache.ScanAssembly (1576ms)
			BuildScriptInfoCaches (1ms)
			ResolveRequiredComponents (5ms)
	FinalizeReload (5663ms)
		ReleaseScriptCaches (0ms)
		RebuildScriptCaches (0ms)
		SetupLoadedEditorAssemblies (5294ms)
			LogAssemblyErrors (0ms)
			InitializePlatformSupportModulesInManaged (2782ms)
			SetLoadedEditorAssemblies (23ms)
			BeforeProcessingInitializeOnLoad (498ms)
			ProcessInitializeOnLoadAttributes (1522ms)
			ProcessInitializeOnLoadMethodAttributes (468ms)
			AfterProcessingInitializeOnLoad (0ms)
			EditorAssembliesLoaded (1ms)
		ExecutionOrderSort2 (0ms)
		AwakeInstancesAfterBackupRestoration (0ms)
========================================================================
Worker process is ready to serve import requests
Import Worker Mode flag is 0x00
Begin MonoManager ReloadAssembly
- Loaded All Assemblies, in  7.715 seconds
Refreshing native plugins compatible for Editor in 5.99 ms, found 4 plugins.
Native extension for Android target not found
Native extension for UWP target not found
Native extension for WindowsStandalone target not found
Mono: successfully reloaded assembly
- Finished resetting the current domain, in 10.231 seconds
Domain Reload Profiling: 17923ms
	BeginReloadAssembly (879ms)
		ExecutionOrderSort (0ms)
		DisableScriptedObjects (32ms)
		BackupInstance (0ms)
		ReleaseScriptingObjects (0ms)
		CreateAndSetChildDomain (78ms)
	RebuildCommonClasses (787ms)
	RebuildNativeTypeToScriptingClass (135ms)
	initialDomainReloadingComplete (1136ms)
	LoadAllAssembliesAndSetupDomain (4753ms)
		LoadAssemblies (3702ms)
		RebuildTransferFunctionScriptingTraits (0ms)
		AnalyzeDomain (1651ms)
			TypeCache.Refresh (1149ms)
				TypeCache.ScanAssembly (1089ms)
			BuildScriptInfoCaches (270ms)
			ResolveRequiredComponents (196ms)
	FinalizeReload (10233ms)
		ReleaseScriptCaches (0ms)
		RebuildScriptCaches (0ms)
		SetupLoadedEditorAssemblies (7821ms)
			LogAssemblyErrors (0ms)
			InitializePlatformSupportModulesInManaged (94ms)
			SetLoadedEditorAssemblies (33ms)
			BeforeProcessingInitializeOnLoad (2686ms)
			ProcessInitializeOnLoadAttributes (4088ms)
			ProcessInitializeOnLoadMethodAttributes (870ms)
			AfterProcessingInitializeOnLoad (47ms)
			EditorAssembliesLoaded (2ms)
		ExecutionOrderSort2 (0ms)
		AwakeInstancesAfterBackupRestoration (56ms)
Launched and connected shader compiler UnityShaderCompiler.exe after 0.13 seconds
Refreshing native plugins compatible for Editor in 20.23 ms, found 4 plugins.
Preloading 1 native plugins for Editor in 0.59 ms.
Unloading 233 Unused Serialized files (Serialized files now loaded: 0)
Unloading 6155 unused Assets / (7.8 MB). Loaded Objects now: 6885.
Memory consumption went from 253.9 MB to 246.1 MB.
Total: 235.831600 ms (FindLiveObjects: 2.433000 ms CreateObjectMapping: 2.867100 ms MarkObjects: 121.621700 ms  DeleteObjects: 108.900300 ms)

========================================================================
Received Import Request.
  Time since last request: 12612.498890 seconds.
  path: Assets/Models/Relique.blend
  artifactKey: Guid(57b2858dc2146504dae1d5dd9f31ffb0) Importer(815301076,1909f56bfc062723c751e8b465ee728b)
Start importing Assets/Models/Relique.blend using Guid(57b2858dc2146504dae1d5dd9f31ffb0) Importer(815301076,1909f56bfc062723c751e8b465ee728b) (PreviewImporter) -> (artifact id: 'a00b5d5b5380934ff41c32c056e93736') in 4.6861805 seconds
Number of updated asset objects reloaded before import = 0Number of asset objects unloaded after import = 9

========================================================================
Received Import Request.
  Time since last request: 987.837960 seconds.
  path: Assets/Shaders/ReliqueFace.shadergraph
  artifactKey: Guid(5c38e53b6f30fd547972d6c6ed352553) Importer(815301076,1909f56bfc062723c751e8b465ee728b)
Start importing Assets/Shaders/ReliqueFace.shadergraph using Guid(5c38e53b6f30fd547972d6c6ed352553) Importer(815301076,1909f56bfc062723c751e8b465ee728b) (PreviewImporter) -> (artifact id: 'a95d91963720a250780153182576bb58') in 2.1718505 seconds
Number of updated asset objects reloaded before import = 0Number of asset objects unloaded after import = 5

========================================================================
Received Import Request.
  Time since last request: 1316.346890 seconds.
  path: Assets/Shaders/Particles.shadergraph
  artifactKey: Guid(7e147ed946a8a194bb3ddad3800f33b8) Importer(815301076,1909f56bfc062723c751e8b465ee728b)
Start importing Assets/Shaders/Particles.shadergraph using Guid(7e147ed946a8a194bb3ddad3800f33b8) Importer(815301076,1909f56bfc062723c751e8b465ee728b) (PreviewImporter) -> (artifact id: '84c7c4f122c74667a55090c239de2257') in 2.1182274 seconds
Number of updated asset objects reloaded before import = 0Number of asset objects unloaded after import = 4

========================================================================
Received Import Request.
  Time since last request: 86.179255 seconds.
  path: Assets/Textures/backLogo.png
  artifactKey: Guid(95d7d1a8a23a22b4fb961e0ce5a4ed67) Importer(815301076,1909f56bfc062723c751e8b465ee728b)
Start importing Assets/Textures/backLogo.png using Guid(95d7d1a8a23a22b4fb961e0ce5a4ed67) Importer(815301076,1909f56bfc062723c751e8b465ee728b) (PreviewImporter) -> (artifact id: 'a20c4e91c05d51fbc7d739ea068ccdf3') in 0.406362 seconds
Number of updated asset objects reloaded before import = 0Number of asset objects unloaded after import = 3

========================================================================
Received Import Request.
  Time since last request: 0.000222 seconds.
  path: Assets/Textures/BoardElement.png
  artifactKey: Guid(3af35987cb901904b998502b41760fad) Importer(815301076,1909f56bfc062723c751e8b465ee728b)
Start importing Assets/Textures/BoardElement.png using Guid(3af35987cb901904b998502b41760fad) Importer(815301076,1909f56bfc062723c751e8b465ee728b) (PreviewImporter) -> (artifact id: 'b45012bafb3578ed64dc8e16436239f3') in 0.0587255 seconds
Number of updated asset objects reloaded before import = 0Number of asset objects unloaded after import = 3

========================================================================
Received Import Request.
  Time since last request: 0.000157 seconds.
  path: Assets/Textures/charon.png
  artifactKey: Guid(5c5f9bfd03cd04746babf518415a6c3b) Importer(815301076,1909f56bfc062723c751e8b465ee728b)
Start importing Assets/Textures/charon.png using Guid(5c5f9bfd03cd04746babf518415a6c3b) Importer(815301076,1909f56bfc062723c751e8b465ee728b) (PreviewImporter) -> (artifact id: '56675389670240366f63830d18c419ee') in 0.129781 seconds
Number of updated asset objects reloaded before import = 0Number of asset objects unloaded after import = 3

========================================================================
Received Import Request.
  Time since last request: 0.000130 seconds.
  path: Assets/Textures/opaqueBubble.png
  artifactKey: Guid(aca3d7166dd753147b151043ac1ee510) Importer(815301076,1909f56bfc062723c751e8b465ee728b)
Start importing Assets/Textures/opaqueBubble.png using Guid(aca3d7166dd753147b151043ac1ee510) Importer(815301076,1909f56bfc062723c751e8b465ee728b) (PreviewImporter) -> (artifact id: '0a100dee219f13d8e8f6c104ea125897') in 0.1756663 seconds
Number of updated asset objects reloaded before import = 0Number of asset objects unloaded after import = 3

========================================================================
Received Import Request.
  Time since last request: 0.000095 seconds.
  path: Assets/Textures/button_up.png
  artifactKey: Guid(c845fb2c476067944a0621415aad85e8) Importer(815301076,1909f56bfc062723c751e8b465ee728b)
Start importing Assets/Textures/button_up.png using Guid(c845fb2c476067944a0621415aad85e8) Importer(815301076,1909f56bfc062723c751e8b465ee728b) (PreviewImporter) -> (artifact id: '991ee0b963416d8d7a497608066d701a') in 0.0676657 seconds
Number of updated asset objects reloaded before import = 0Number of asset objects unloaded after import = 3

========================================================================
Received Import Request.
  Time since last request: 0.000076 seconds.
  path: Assets/Textures/parchemin.png
  artifactKey: Guid(8d544fe65dd0c104d90b5b812be7ee9d) Importer(815301076,1909f56bfc062723c751e8b465ee728b)
Start importing Assets/Textures/parchemin.png using Guid(8d544fe65dd0c104d90b5b812be7ee9d) Importer(815301076,1909f56bfc062723c751e8b465ee728b) (PreviewImporter) -> (artifact id: '40a8f35688f3bd0e4581494550a27061') in 0.0871215 seconds
Number of updated asset objects reloaded before import = 0Number of asset objects unloaded after import = 3

========================================================================
Received Import Request.
  Time since last request: 0.000066 seconds.
  path: Assets/Textures/boatLogo.png
  artifactKey: Guid(9d125007c3fc0884aadbe8d3f54ebcb3) Importer(815301076,1909f56bfc062723c751e8b465ee728b)
Start importing Assets/Textures/boatLogo.png using Guid(9d125007c3fc0884aadbe8d3f54ebcb3) Importer(815301076,1909f56bfc062723c751e8b465ee728b) (PreviewImporter) -> (artifact id: '3386c202f5dd916e2922fbeeeb3faac2') in 0.0380249 seconds
Number of updated asset objects reloaded before import = 0Number of asset objects unloaded after import = 3

========================================================================
Received Import Request.
  Time since last request: 0.000121 seconds.
  path: Assets/Textures/littleSnake.png
  artifactKey: Guid(bbc333816a167f44dbf8350c0765b065) Importer(815301076,1909f56bfc062723c751e8b465ee728b)
Start importing Assets/Textures/littleSnake.png using Guid(bbc333816a167f44dbf8350c0765b065) Importer(815301076,1909f56bfc062723c751e8b465ee728b) (PreviewImporter) -> (artifact id: '46d9692352291ebf5ec7d55d80dd01bf') in 0.1514015 seconds
Number of updated asset objects reloaded before import = 0Number of asset objects unloaded after import = 3

========================================================================
Received Import Request.
  Time since last request: 0.000130 seconds.
  path: Assets/Textures/foam.png
  artifactKey: Guid(e8cbdc16ba4917d4683541c238673463) Importer(815301076,1909f56bfc062723c751e8b465ee728b)
Start importing Assets/Textures/foam.png using Guid(e8cbdc16ba4917d4683541c238673463) Importer(815301076,1909f56bfc062723c751e8b465ee728b) (PreviewImporter) -> (artifact id: '2c8e6a5c3f073d9caf0e36f925218f3e') in 0.1514319 seconds
Number of updated asset objects reloaded before import = 0Number of asset objects unloaded after import = 3

========================================================================
Received Import Request.
  Time since last request: 0.000229 seconds.
  path: Assets/Textures/plank.png
  artifactKey: Guid(b9a1e52427bd803478a9f4f333f68402) Importer(815301076,1909f56bfc062723c751e8b465ee728b)
Start importing Assets/Textures/plank.png using Guid(b9a1e52427bd803478a9f4f333f68402) Importer(815301076,1909f56bfc062723c751e8b465ee728b) (PreviewImporter) -> (artifact id: 'b06a47bf0e42521302dbfce76418320b') in 0.2245109 seconds
Number of updated asset objects reloaded before import = 0Number of asset objects unloaded after import = 3

========================================================================
Received Import Request.
  Time since last request: 0.000252 seconds.
  path: Assets/Textures/water 0340normal.jpg
  artifactKey: Guid(ddc66a7bf40e89448b5c7ff4983fcb52) Importer(815301076,1909f56bfc062723c751e8b465ee728b)
Start importing Assets/Textures/water 0340normal.jpg using Guid(ddc66a7bf40e89448b5c7ff4983fcb52) Importer(815301076,1909f56bfc062723c751e8b465ee728b) (PreviewImporter) -> (artifact id: 'd51c899fbe90fe4fbddb5bdb2ac5a18f') in 0.2072282 seconds
Number of updated asset objects reloaded before import = 0Number of asset objects unloaded after import = 2

========================================================================
Received Import Request.
  Time since last request: 0.000452 seconds.
  path: Assets/Textures/water 0342normal.jpg
  artifactKey: Guid(92c08578e7d71194c937a525d36bf110) Importer(815301076,1909f56bfc062723c751e8b465ee728b)
Start importing Assets/Textures/water 0342normal.jpg using Guid(92c08578e7d71194c937a525d36bf110) Importer(815301076,1909f56bfc062723c751e8b465ee728b) (PreviewImporter) -> (artifact id: '8be94696eefe7e2330f7653369ba1f06') in 0.0941986 seconds
Number of updated asset objects reloaded before import = 0Number of asset objects unloaded after import = 2

========================================================================
Received Import Request.
  Time since last request: 0.000100 seconds.
  path: Assets/Textures/FacePaint.png
  artifactKey: Guid(95bc75d6f83534c4cb34d412984c7917) Importer(815301076,1909f56bfc062723c751e8b465ee728b)
Start importing Assets/Textures/FacePaint.png using Guid(95bc75d6f83534c4cb34d412984c7917) Importer(815301076,1909f56bfc062723c751e8b465ee728b) (PreviewImporter) -> (artifact id: '0fff115b3d7125d7634031ffd8d3d74b') in 0.0843505 seconds
Number of updated asset objects reloaded before import = 0Number of asset objects unloaded after import = 2

========================================================================
Received Import Request.
  Time since last request: 0.000633 seconds.
  path: Assets/Textures/CharonLife.png
  artifactKey: Guid(4e38d21125dbf804388d6ab555a66ba7) Importer(815301076,1909f56bfc062723c751e8b465ee728b)
Start importing Assets/Textures/CharonLife.png using Guid(4e38d21125dbf804388d6ab555a66ba7) Importer(815301076,1909f56bfc062723c751e8b465ee728b) (PreviewImporter) -> (artifact id: 'e25817865fe16aaf9e0299a7b750048c') in 0.141018 seconds
Number of updated asset objects reloaded before import = 0Number of asset objects unloaded after import = 3

========================================================================
Received Import Request.
  Time since last request: 0.000300 seconds.
  path: Assets/Textures/ScyllaLife.png
  artifactKey: Guid(4db03ffac9844fd4c965e242f8c2348c) Importer(815301076,1909f56bfc062723c751e8b465ee728b)
Start importing Assets/Textures/ScyllaLife.png using Guid(4db03ffac9844fd4c965e242f8c2348c) Importer(815301076,1909f56bfc062723c751e8b465ee728b) (PreviewImporter) -> (artifact id: '0ef95e40b7fe84fc11c3313022b9b44c') in 0.912838 seconds
Number of updated asset objects reloaded before import = 0Number of asset objects unloaded after import = 3

========================================================================
Received Import Request.
  Time since last request: 0.000946 seconds.
  path: Assets/Textures/compass_pointer.png
  artifactKey: Guid(5d2fa6c863dec2c4caca9a22c7eb3f5e) Importer(815301076,1909f56bfc062723c751e8b465ee728b)
Start importing Assets/Textures/compass_pointer.png using Guid(5d2fa6c863dec2c4caca9a22c7eb3f5e) Importer(815301076,1909f56bfc062723c751e8b465ee728b) (PreviewImporter) -> (artifact id: '31259219e7a454b5b2b8df48c6540b65') in 0.7853587 seconds
Number of updated asset objects reloaded before import = 0Number of asset objects unloaded after import = 3

========================================================================
Received Import Request.
  Time since last request: 0.000091 seconds.
  path: Assets/Textures/cercle.png
  artifactKey: Guid(ac6a4268fc7deef4b842d4a38ca277ba) Importer(815301076,1909f56bfc062723c751e8b465ee728b)
Start importing Assets/Textures/cercle.png using Guid(ac6a4268fc7deef4b842d4a38ca277ba) Importer(815301076,1909f56bfc062723c751e8b465ee728b) (PreviewImporter) -> (artifact id: '9277ae6ebd95a90d8c6f62989ac4a89d') in 0.0962917 seconds
Number of updated asset objects reloaded before import = 0Number of asset objects unloaded after import = 3

========================================================================
Received Import Request.
  Time since last request: 0.000423 seconds.
  path: Assets/Textures/speaker.png
  artifactKey: Guid(11c6c09a13865a94ba72070298754ebf) Importer(815301076,1909f56bfc062723c751e8b465ee728b)
Start importing Assets/Textures/speaker.png using Guid(11c6c09a13865a94ba72070298754ebf) Importer(815301076,1909f56bfc062723c751e8b465ee728b) (PreviewImporter) -> (artifact id: '7536209e36fdf20f9ffac722157d404c') in 0.8192234 seconds
Number of updated asset objects reloaded before import = 0Number of asset objects unloaded after import = 3

========================================================================
Received Import Request.
  Time since last request: 0.000065 seconds.
  path: Assets/Textures/Triangle.png
  artifactKey: Guid(30d4552270920cc4781784115e8de51f) Importer(815301076,1909f56bfc062723c751e8b465ee728b)
Start importing Assets/Textures/Triangle.png using Guid(30d4552270920cc4781784115e8de51f) Importer(815301076,1909f56bfc062723c751e8b465ee728b) (PreviewImporter) -> (artifact id: '5bc66a59ca8adad7d330cac9ce779187') in 0.4255908 seconds
Number of updated asset objects reloaded before import = 0Number of asset objects unloaded after import = 3

========================================================================
Received Import Request.
  Time since last request: 0.001146 seconds.
  path: Assets/Textures/button_down.png
  artifactKey: Guid(5018028bf4f602f48813dcb08b04899b) Importer(815301076,1909f56bfc062723c751e8b465ee728b)
Start importing Assets/Textures/button_down.png using Guid(5018028bf4f602f48813dcb08b04899b) Importer(815301076,1909f56bfc062723c751e8b465ee728b) (PreviewImporter) -> (artifact id: 'cd63790ea09a770edf5c0ca9e1ed5097') in 0.5483332 seconds
Number of updated asset objects reloaded before import = 0Number of asset objects unloaded after import = 3

========================================================================
Received Import Request.
  Time since last request: 0.000281 seconds.
  path: Assets/Textures/jaugeBar.png
  artifactKey: Guid(0c871e082ef98ba448a908c448fd8608) Importer(815301076,1909f56bfc062723c751e8b465ee728b)
Start importing Assets/Textures/jaugeBar.png using Guid(0c871e082ef98ba448a908c448fd8608) Importer(815301076,1909f56bfc062723c751e8b465ee728b) (PreviewImporter) -> (artifact id: 'aafe07a7b873604fd7cd737940a377ba') in 0.1345438 seconds
Number of updated asset objects reloaded before import = 0Number of asset objects unloaded after import = 3

========================================================================
Received Import Request.
  Time since last request: 0.000112 seconds.
  path: Assets/Textures/helpLogo.png
  artifactKey: Guid(b70c443899d111843a22f175a828f51e) Importer(815301076,1909f56bfc062723c751e8b465ee728b)
Start importing Assets/Textures/helpLogo.png using Guid(b70c443899d111843a22f175a828f51e) Importer(815301076,1909f56bfc062723c751e8b465ee728b) (PreviewImporter) -> (artifact id: 'd70ff51e13861521b673bc3cad32ce39') in 0.0756128 seconds
Number of updated asset objects reloaded before import = 0Number of asset objects unloaded after import = 3

Editor requested this worker to shutdown with reason: Scaling down because of idle timeout
AssetImportWorker is now disconnected from the server
Process exiting
Exiting without the bug reporter. Application will terminate with return code 0