Using pre-set license
Built from '6000.1/staging' branch; Version is '6000.1.7f1 (13a8ffad9172) revision 1288447'; Using compiler version '194234433'; Build Type 'Release'
OS: 'Windows 11  (10.0.26100) 64bit Core' Language: 'fr' Physical Memory: 48965 MB
BatchMode: 1, IsHumanControllingUs: 0, StartBugReporterOnCrash: 0, Is64bit: 1, IsPro: 1
Date: 2025-06-20T08:35:07Z

COMMAND LINE ARGUMENTS:
C:\Program Files\Unity\Hub\Editor\6000.1.7f1\Editor\Unity.exe
-adb2
-batchMode
-noUpm
-name
AssetImportWorker4
-projectPath
D:/Unity projects/InfiniteRunner
-logFile
Logs/AssetImportWorker4.log
-srvPort
46301
-job-worker-count
7
-background-job-worker-count
8
-gc-helper-count
1
-name
AssetImport
Successfully changed project path to: D:/Unity projects/InfiniteRunner
D:/Unity projects/InfiniteRunner
[UnityMemory] Configuration Parameters - Can be set up in boot.config
    "memorysetup-allocator-temp-initial-block-size-main=262144"
    "memorysetup-allocator-temp-initial-block-size-worker=262144"
    "memorysetup-bucket-allocator-granularity=16"
    "memorysetup-bucket-allocator-bucket-count=8"
    "memorysetup-bucket-allocator-block-size=33554432"
    "memorysetup-bucket-allocator-block-count=8"
    "memorysetup-main-allocator-block-size=16777216"
    "memorysetup-thread-allocator-block-size=16777216"
    "memorysetup-gfx-main-allocator-block-size=16777216"
    "memorysetup-gfx-thread-allocator-block-size=16777216"
    "memorysetup-cache-allocator-block-size=4194304"
    "memorysetup-typetree-allocator-block-size=2097152"
    "memorysetup-profiler-bucket-allocator-granularity=16"
    "memorysetup-profiler-bucket-allocator-bucket-count=8"
    "memorysetup-profiler-bucket-allocator-block-size=33554432"
    "memorysetup-profiler-bucket-allocator-block-count=8"
    "memorysetup-profiler-allocator-block-size=16777216"
    "memorysetup-profiler-editor-allocator-block-size=1048576"
    "memorysetup-temp-allocator-size-main=16777216"
    "memorysetup-job-temp-allocator-block-size=2097152"
    "memorysetup-job-temp-allocator-block-size-background=1048576"
    "memorysetup-job-temp-allocator-reduction-small-platforms=262144"
    "memorysetup-temp-allocator-size-background-worker=32768"
    "memorysetup-temp-allocator-size-job-worker=262144"
    "memorysetup-temp-allocator-size-preload-manager=33554432"
    "memorysetup-temp-allocator-size-nav-mesh-worker=65536"
    "memorysetup-temp-allocator-size-audio-worker=65536"
    "memorysetup-temp-allocator-size-cloud-worker=32768"
    "memorysetup-temp-allocator-size-gi-baking-worker=262144"
    "memorysetup-temp-allocator-size-gi-baking-worker=262144"
    "memorysetup-temp-allocator-size-gi-baking-worker=262144"
    "memorysetup-temp-allocator-size-gi-baking-worker=262144"
    "memorysetup-temp-allocator-size-gi-baking-worker=262144"
    "memorysetup-temp-allocator-size-gfx=262144"
Player connection [8464]  Target information:

Player connection [8464]  * "[IP] 192.168.1.62 [Port] 0 [Flags] 2 [Guid] 1323806222 [EditorId] 1323806222 [Version] 1048832 [Id] WindowsEditor(7,DESKTOP-3UTH55C) [Debug] 1 [PackageName] WindowsEditor [ProjectName] Editor" 

Player connection [8464]  * "[IP] 169.254.123.107 [Port] 0 [Flags] 2 [Guid] 1323806222 [EditorId] 1323806222 [Version] 1048832 [Id] WindowsEditor(7,DESKTOP-3UTH55C) [Debug] 1 [PackageName] WindowsEditor [ProjectName] Editor" 

Player connection [8464] Host joined multi-casting on [225.0.0.222:54997]...
Player connection [8464] Host joined alternative multi-casting on [225.0.0.222:34997]...
JobSystem: Creating JobQueue using job-worker-count value 7
Input System module state changed to: Initialized.
[Physics::Module] Initialized fallback backend.
[Physics::Module] Id: 0xdecafbad
Library Redirect Path: Library/
[Physics::Module] Selected backend.
[Physics::Module] Name: PhysX
[Physics::Module] Id: 0xf2b8ea05
[Physics::Module] SDK Version: 4.1.2
[Physics::Module] Integration Version: 1.0.0
[Physics::Module] Threading Mode: Multi-Threaded
Refreshing native plugins compatible for Editor in 2945.54 ms, found 4 plugins.
Preloading 1 native plugins for Editor in 54.39 ms.
Initialize engine version: 6000.1.7f1 (13a8ffad9172)
[Subsystems] Discovering subsystems at path C:/Program Files/Unity/Hub/Editor/6000.1.7f1/Editor/Data/Resources/UnitySubsystems
[Subsystems] Discovering subsystems at path D:/Unity projects/InfiniteRunner/Assets
GfxDevice: creating device client; kGfxThreadingModeNonThreaded
Direct3D:
    Version:  Direct3D 11.0 [level 11.1]
    Renderer: NVIDIA GeForce RTX 2060 (ID=0x1f08)
    Vendor:   NVIDIA
    VRAM:     5955 MB
    Driver:   32.0.15.7652
Initialize mono
Mono path[0] = 'C:/Program Files/Unity/Hub/Editor/6000.1.7f1/Editor/Data/Managed'
Mono path[1] = 'C:/Program Files/Unity/Hub/Editor/6000.1.7f1/Editor/Data/MonoBleedingEdge/lib/mono/unityjit-win32'
Mono config path = 'C:/Program Files/Unity/Hub/Editor/6000.1.7f1/Editor/Data/MonoBleedingEdge/etc'
Using monoOptions --debugger-agent=transport=dt_socket,embedding=1,server=y,suspend=n,address=127.0.0.1:56108
Begin MonoManager ReloadAssembly
Registering precompiled unity dll's ...
Register platform support module: C:/Program Files/Unity/Hub/Editor/6000.1.7f1/Editor/Data/PlaybackEngines/WindowsStandaloneSupport/UnityEditor.WindowsStandalone.Extensions.dll
Register platform support module: C:/Program Files/Unity/Hub/Editor/6000.1.7f1/Editor/Data/PlaybackEngines/MetroSupport/UnityEditor.UWP.Extensions.dll
Register platform support module: C:/Program Files/Unity/Hub/Editor/6000.1.7f1/Editor/Data/PlaybackEngines/AndroidPlayer/UnityEditor.Android.Extensions.dll
Registered in 0.061617 seconds.
- Loaded All Assemblies, in 107.527 seconds
Native extension for Android target not found
Android Extension - Scanning For ADB Devices 8993 ms
Native extension for UWP target not found
Native extension for WindowsStandalone target not found
Mono: successfully reloaded assembly
- Finished resetting the current domain, in 29.033 seconds
Domain Reload Profiling: 136494ms
	BeginReloadAssembly (62673ms)
		ExecutionOrderSort (0ms)
		DisableScriptedObjects (0ms)
		BackupInstance (0ms)
		ReleaseScriptingObjects (0ms)
		CreateAndSetChildDomain (19ms)
	RebuildCommonClasses (8359ms)
	RebuildNativeTypeToScriptingClass (764ms)
	initialDomainReloadingComplete (2438ms)
	LoadAllAssembliesAndSetupDomain (33206ms)
		LoadAssemblies (62484ms)
		RebuildTransferFunctionScriptingTraits (0ms)
		AnalyzeDomain (32960ms)
			TypeCache.Refresh (32926ms)
				TypeCache.ScanAssembly (23283ms)
			BuildScriptInfoCaches (8ms)
			ResolveRequiredComponents (4ms)
	FinalizeReload (29054ms)
		ReleaseScriptCaches (0ms)
		RebuildScriptCaches (0ms)
		SetupLoadedEditorAssemblies (24689ms)
			LogAssemblyErrors (0ms)
			InitializePlatformSupportModulesInManaged (16575ms)
			SetLoadedEditorAssemblies (103ms)
			BeforeProcessingInitializeOnLoad (2463ms)
			ProcessInitializeOnLoadAttributes (3978ms)
			ProcessInitializeOnLoadMethodAttributes (1569ms)
			AfterProcessingInitializeOnLoad (0ms)
			EditorAssembliesLoaded (1ms)
		ExecutionOrderSort2 (0ms)
		AwakeInstancesAfterBackupRestoration (0ms)
========================================================================
Worker process is ready to serve import requests
Import Worker Mode flag is 0x00
Begin MonoManager ReloadAssembly
- Loaded All Assemblies, in 121.618 seconds
Refreshing native plugins compatible for Editor in 41.14 ms, found 4 plugins.
Native extension for Android target not found
Native extension for UWP target not found
Native extension for WindowsStandalone target not found
Mono: successfully reloaded assembly
- Finished resetting the current domain, in 42.978 seconds
Domain Reload Profiling: 164457ms
	BeginReloadAssembly (11333ms)
		ExecutionOrderSort (0ms)
		DisableScriptedObjects (647ms)
		BackupInstance (0ms)
		ReleaseScriptingObjects (0ms)
		CreateAndSetChildDomain (1387ms)
	RebuildCommonClasses (1883ms)
	RebuildNativeTypeToScriptingClass (1039ms)
	initialDomainReloadingComplete (2376ms)
	LoadAllAssembliesAndSetupDomain (104829ms)
		LoadAssemblies (75722ms)
		RebuildTransferFunctionScriptingTraits (0ms)
		AnalyzeDomain (36014ms)
			TypeCache.Refresh (33516ms)
				TypeCache.ScanAssembly (32140ms)
			BuildScriptInfoCaches (1897ms)
			ResolveRequiredComponents (544ms)
	FinalizeReload (42997ms)
		ReleaseScriptCaches (0ms)
		RebuildScriptCaches (0ms)
		SetupLoadedEditorAssemblies (35340ms)
			LogAssemblyErrors (0ms)
			InitializePlatformSupportModulesInManaged (473ms)
			SetLoadedEditorAssemblies (483ms)
			BeforeProcessingInitializeOnLoad (8382ms)
			ProcessInitializeOnLoadAttributes (22653ms)
			ProcessInitializeOnLoadMethodAttributes (3213ms)
			AfterProcessingInitializeOnLoad (135ms)
			EditorAssembliesLoaded (1ms)
		ExecutionOrderSort2 (0ms)
		AwakeInstancesAfterBackupRestoration (185ms)
Launched and connected shader compiler UnityShaderCompiler.exe after 0.53 seconds
Refreshing native plugins compatible for Editor in 60.30 ms, found 4 plugins.
Preloading 1 native plugins for Editor in 0.43 ms.
Unloading 234 Unused Serialized files (Serialized files now loaded: 0)
Unloading 6156 unused Assets / (5.2 MB). Loaded Objects now: 6887.
Memory consumption went from 255.1 MB to 249.9 MB.
Total: 543.776900 ms (FindLiveObjects: 2.388500 ms CreateObjectMapping: 9.885800 ms MarkObjects: 462.177400 ms  DeleteObjects: 69.318300 ms)

========================================================================
Received Prepare
Begin MonoManager ReloadAssembly
- Loaded All Assemblies, in 78.884 seconds
Refreshing native plugins compatible for Editor in 35.10 ms, found 4 plugins.
Native extension for Android target not found
Native extension for UWP target not found
Native extension for WindowsStandalone target not found
Mono: successfully reloaded assembly
- Finished resetting the current domain, in 70.741 seconds
Domain Reload Profiling: 149648ms
	BeginReloadAssembly (13825ms)
		ExecutionOrderSort (0ms)
		DisableScriptedObjects (530ms)
		BackupInstance (0ms)
		ReleaseScriptingObjects (5ms)
		CreateAndSetChildDomain (1777ms)
	RebuildCommonClasses (2107ms)
	RebuildNativeTypeToScriptingClass (1180ms)
	initialDomainReloadingComplete (3313ms)
	LoadAllAssembliesAndSetupDomain (58370ms)
		LoadAssemblies (42540ms)
		RebuildTransferFunctionScriptingTraits (0ms)
		AnalyzeDomain (20414ms)
			TypeCache.Refresh (907ms)
				TypeCache.ScanAssembly (0ms)
			BuildScriptInfoCaches (18516ms)
			ResolveRequiredComponents (852ms)
	FinalizeReload (70852ms)
		ReleaseScriptCaches (0ms)
		RebuildScriptCaches (0ms)
		SetupLoadedEditorAssemblies (58573ms)
			LogAssemblyErrors (0ms)
			InitializePlatformSupportModulesInManaged (859ms)
			SetLoadedEditorAssemblies (242ms)
			BeforeProcessingInitializeOnLoad (13664ms)
			ProcessInitializeOnLoadAttributes (35685ms)
			ProcessInitializeOnLoadMethodAttributes (7623ms)
			AfterProcessingInitializeOnLoad (471ms)
			EditorAssembliesLoaded (29ms)
		ExecutionOrderSort2 (0ms)
		AwakeInstancesAfterBackupRestoration (1174ms)
Refreshing native plugins compatible for Editor in 154.54 ms, found 4 plugins.
Preloading 1 native plugins for Editor in 0.58 ms.
Unloading 27 Unused Serialized files (Serialized files now loaded: 0)
Unloading 6154 unused Assets / (3.1 MB). Loaded Objects now: 6902.
Memory consumption went from 224.3 MB to 221.2 MB.
Total: 4090.343900 ms (FindLiveObjects: 8.956800 ms CreateObjectMapping: 12.980500 ms MarkObjects: 3920.017000 ms  DeleteObjects: 148.383200 ms)

Prepare: number of updated asset objects reloaded= 0
========================================================================
Received Prepare
Refreshing native plugins compatible for Editor in 91.28 ms, found 4 plugins.
Preloading 1 native plugins for Editor in 4.65 ms.
Unloading 17 Unused Serialized files (Serialized files now loaded: 0)
Unloading 6143 unused Assets / (4.7 MB). Loaded Objects now: 6902.
Memory consumption went from 222.7 MB to 218.0 MB.
Total: 9067.296800 ms (FindLiveObjects: 73.837100 ms CreateObjectMapping: 37.409300 ms MarkObjects: 8747.322000 ms  DeleteObjects: 208.720700 ms)

Prepare: number of updated asset objects reloaded= 0
========================================================================
Received Prepare
Begin MonoManager ReloadAssembly
- Loaded All Assemblies, in 95.092 seconds
Refreshing native plugins compatible for Editor in 82.44 ms, found 4 plugins.
Native extension for Android target not found
Native extension for UWP target not found
Native extension for WindowsStandalone target not found
Mono: successfully reloaded assembly
- Finished resetting the current domain, in 31.474 seconds
Domain Reload Profiling: 126622ms
	BeginReloadAssembly (52621ms)
		ExecutionOrderSort (0ms)
		DisableScriptedObjects (337ms)
		BackupInstance (0ms)
		ReleaseScriptingObjects (7ms)
		CreateAndSetChildDomain (28478ms)
	RebuildCommonClasses (7241ms)
	RebuildNativeTypeToScriptingClass (1591ms)
	initialDomainReloadingComplete (2041ms)
	LoadAllAssembliesAndSetupDomain (31593ms)
		LoadAssemblies (37455ms)
		RebuildTransferFunctionScriptingTraits (0ms)
		AnalyzeDomain (13698ms)
			TypeCache.Refresh (567ms)
				TypeCache.ScanAssembly (32ms)
			BuildScriptInfoCaches (11932ms)
			ResolveRequiredComponents (1025ms)
	FinalizeReload (31536ms)
		ReleaseScriptCaches (0ms)
		RebuildScriptCaches (0ms)
		SetupLoadedEditorAssemblies (22743ms)
			LogAssemblyErrors (0ms)
			InitializePlatformSupportModulesInManaged (401ms)
			SetLoadedEditorAssemblies (314ms)
			BeforeProcessingInitializeOnLoad (5044ms)
			ProcessInitializeOnLoadAttributes (14370ms)
			ProcessInitializeOnLoadMethodAttributes (2396ms)
			AfterProcessingInitializeOnLoad (213ms)
			EditorAssembliesLoaded (5ms)
		ExecutionOrderSort2 (0ms)
		AwakeInstancesAfterBackupRestoration (566ms)
Refreshing native plugins compatible for Editor in 34.82 ms, found 4 plugins.
Preloading 1 native plugins for Editor in 2.86 ms.
Unloading 17 Unused Serialized files (Serialized files now loaded: 0)
Unloading 6154 unused Assets / (4.2 MB). Loaded Objects now: 6904.
Memory consumption went from 224.5 MB to 220.3 MB.
Total: 226.157000 ms (FindLiveObjects: 4.108000 ms CreateObjectMapping: 25.853400 ms MarkObjects: 123.637100 ms  DeleteObjects: 72.554100 ms)

Prepare: number of updated asset objects reloaded= 0
========================================================================
Received Prepare
Begin MonoManager ReloadAssembly
- Loaded All Assemblies, in 67.450 seconds
Refreshing native plugins compatible for Editor in 107.31 ms, found 4 plugins.
Native extension for Android target not found
Native extension for UWP target not found
Native extension for WindowsStandalone target not found
Mono: successfully reloaded assembly
- Finished resetting the current domain, in 95.443 seconds
Domain Reload Profiling: 164006ms
	BeginReloadAssembly (12438ms)
		ExecutionOrderSort (0ms)
		DisableScriptedObjects (323ms)
		BackupInstance (0ms)
		ReleaseScriptingObjects (1ms)
		CreateAndSetChildDomain (3430ms)
	RebuildCommonClasses (4086ms)
	RebuildNativeTypeToScriptingClass (608ms)
	initialDomainReloadingComplete (1938ms)
	LoadAllAssembliesAndSetupDomain (48978ms)
		LoadAssemblies (21267ms)
		RebuildTransferFunctionScriptingTraits (0ms)
		AnalyzeDomain (33609ms)
			TypeCache.Refresh (848ms)
				TypeCache.ScanAssembly (0ms)
			BuildScriptInfoCaches (28095ms)
			ResolveRequiredComponents (4271ms)
	FinalizeReload (95958ms)
		ReleaseScriptCaches (0ms)
		RebuildScriptCaches (0ms)
		SetupLoadedEditorAssemblies (76672ms)
			LogAssemblyErrors (0ms)
			InitializePlatformSupportModulesInManaged (1304ms)
			SetLoadedEditorAssemblies (595ms)
			BeforeProcessingInitializeOnLoad (15952ms)
			ProcessInitializeOnLoadAttributes (49078ms)
			ProcessInitializeOnLoadMethodAttributes (9596ms)
			AfterProcessingInitializeOnLoad (135ms)
			EditorAssembliesLoaded (12ms)
		ExecutionOrderSort2 (0ms)
		AwakeInstancesAfterBackupRestoration (2452ms)
Refreshing native plugins compatible for Editor in 98.00 ms, found 4 plugins.
Preloading 1 native plugins for Editor in 11.02 ms.
Unloading 17 Unused Serialized files (Serialized files now loaded: 0)
Unloading 6154 unused Assets / (4.7 MB). Loaded Objects now: 6906.
Memory consumption went from 224.5 MB to 219.8 MB.
Total: 952.221100 ms (FindLiveObjects: 94.796500 ms CreateObjectMapping: 73.434700 ms MarkObjects: 417.703600 ms  DeleteObjects: 366.278700 ms)

Prepare: number of updated asset objects reloaded= 0
========================================================================
Received Prepare
Begin MonoManager ReloadAssembly
- Loaded All Assemblies, in 108.889 seconds
Refreshing native plugins compatible for Editor in 39.62 ms, found 4 plugins.
Native extension for Android target not found
Native extension for UWP target not found
Native extension for WindowsStandalone target not found
Mono: successfully reloaded assembly
- Finished resetting the current domain, in 63.729 seconds
Domain Reload Profiling: 173236ms
	BeginReloadAssembly (28667ms)
		ExecutionOrderSort (0ms)
		DisableScriptedObjects (746ms)
		BackupInstance (0ms)
		ReleaseScriptingObjects (5ms)
		CreateAndSetChildDomain (3694ms)
	RebuildCommonClasses (3490ms)
	RebuildNativeTypeToScriptingClass (1361ms)
	initialDomainReloadingComplete (2796ms)
	LoadAllAssembliesAndSetupDomain (72795ms)
		LoadAssemblies (41781ms)
		RebuildTransferFunctionScriptingTraits (0ms)
		AnalyzeDomain (48036ms)
			TypeCache.Refresh (1168ms)
				TypeCache.ScanAssembly (174ms)
			BuildScriptInfoCaches (45518ms)
			ResolveRequiredComponents (986ms)
	FinalizeReload (64126ms)
		ReleaseScriptCaches (0ms)
		RebuildScriptCaches (0ms)
		SetupLoadedEditorAssemblies (52849ms)
			LogAssemblyErrors (0ms)
			InitializePlatformSupportModulesInManaged (787ms)
			SetLoadedEditorAssemblies (433ms)
			BeforeProcessingInitializeOnLoad (11938ms)
			ProcessInitializeOnLoadAttributes (34156ms)
			ProcessInitializeOnLoadMethodAttributes (4911ms)
			AfterProcessingInitializeOnLoad (622ms)
			EditorAssembliesLoaded (2ms)
		ExecutionOrderSort2 (0ms)
		AwakeInstancesAfterBackupRestoration (1435ms)
Refreshing native plugins compatible for Editor in 40.74 ms, found 4 plugins.
Preloading 1 native plugins for Editor in 0.46 ms.
Unloading 17 Unused Serialized files (Serialized files now loaded: 0)
Unloading 6154 unused Assets / (5.2 MB). Loaded Objects now: 6908.
Memory consumption went from 224.6 MB to 219.3 MB.
Total: 494.360800 ms (FindLiveObjects: 6.864100 ms CreateObjectMapping: 8.363200 ms MarkObjects: 364.864700 ms  DeleteObjects: 114.262700 ms)

Prepare: number of updated asset objects reloaded= 0
========================================================================
Received Prepare
Begin MonoManager ReloadAssembly
- Loaded All Assemblies, in 66.938 seconds
Refreshing native plugins compatible for Editor in 196.64 ms, found 4 plugins.
Native extension for Android target not found
Native extension for UWP target not found
Native extension for WindowsStandalone target not found
Mono: successfully reloaded assembly
- Finished resetting the current domain, in 93.546 seconds
Domain Reload Profiling: 160180ms
	BeginReloadAssembly (10745ms)
		ExecutionOrderSort (0ms)
		DisableScriptedObjects (214ms)
		BackupInstance (0ms)
		ReleaseScriptingObjects (16ms)
		CreateAndSetChildDomain (1567ms)
	RebuildCommonClasses (3374ms)
	RebuildNativeTypeToScriptingClass (1243ms)
	initialDomainReloadingComplete (2252ms)
	LoadAllAssembliesAndSetupDomain (49007ms)
		LoadAssemblies (34894ms)
		RebuildTransferFunctionScriptingTraits (0ms)
		AnalyzeDomain (20873ms)
			TypeCache.Refresh (654ms)
				TypeCache.ScanAssembly (37ms)
			BuildScriptInfoCaches (18291ms)
			ResolveRequiredComponents (1639ms)
	FinalizeReload (93559ms)
		ReleaseScriptCaches (0ms)
		RebuildScriptCaches (0ms)
		SetupLoadedEditorAssemblies (68414ms)
			LogAssemblyErrors (0ms)
			InitializePlatformSupportModulesInManaged (2005ms)
			SetLoadedEditorAssemblies (1056ms)
			BeforeProcessingInitializeOnLoad (14631ms)
			ProcessInitializeOnLoadAttributes (41871ms)
			ProcessInitializeOnLoadMethodAttributes (8529ms)
			AfterProcessingInitializeOnLoad (320ms)
			EditorAssembliesLoaded (2ms)
		ExecutionOrderSort2 (0ms)
		AwakeInstancesAfterBackupRestoration (949ms)
Refreshing native plugins compatible for Editor in 97.33 ms, found 4 plugins.
Preloading 1 native plugins for Editor in 4.09 ms.
Unloading 17 Unused Serialized files (Serialized files now loaded: 0)
Unloading 6154 unused Assets / (3.3 MB). Loaded Objects now: 6910.
Memory consumption went from 226.5 MB to 223.2 MB.
Total: 8797.618600 ms (FindLiveObjects: 2.401300 ms CreateObjectMapping: 30.764500 ms MarkObjects: 8698.842200 ms  DeleteObjects: 65.605000 ms)

Prepare: number of updated asset objects reloaded= 0
========================================================================
Received Prepare
Refreshing native plugins compatible for Editor in 65.99 ms, found 4 plugins.
Preloading 1 native plugins for Editor in 0.49 ms.
Unloading 17 Unused Serialized files (Serialized files now loaded: 0)
Unloading 6143 unused Assets / (3.1 MB). Loaded Objects now: 6910.
Memory consumption went from 226.6 MB to 223.5 MB.
Total: 506.996900 ms (FindLiveObjects: 17.178600 ms CreateObjectMapping: 22.431100 ms MarkObjects: 282.984300 ms  DeleteObjects: 184.391300 ms)

Prepare: number of updated asset objects reloaded= 0
========================================================================
Received Prepare
Begin MonoManager ReloadAssembly
- Loaded All Assemblies, in 61.327 seconds
Refreshing native plugins compatible for Editor in 117.11 ms, found 4 plugins.
Native extension for Android target not found
Native extension for UWP target not found
Native extension for WindowsStandalone target not found
Mono: successfully reloaded assembly
- Finished resetting the current domain, in 57.069 seconds
Domain Reload Profiling: 118406ms
	BeginReloadAssembly (8620ms)
		ExecutionOrderSort (0ms)
		DisableScriptedObjects (216ms)
		BackupInstance (0ms)
		ReleaseScriptingObjects (1ms)
		CreateAndSetChildDomain (1235ms)
	RebuildCommonClasses (1386ms)
	RebuildNativeTypeToScriptingClass (1134ms)
	initialDomainReloadingComplete (1787ms)
	LoadAllAssembliesAndSetupDomain (48352ms)
		LoadAssemblies (29039ms)
		RebuildTransferFunctionScriptingTraits (0ms)
		AnalyzeDomain (24541ms)
			TypeCache.Refresh (629ms)
				TypeCache.ScanAssembly (87ms)
			BuildScriptInfoCaches (21793ms)
			ResolveRequiredComponents (1919ms)
	FinalizeReload (57127ms)
		ReleaseScriptCaches (0ms)
		RebuildScriptCaches (0ms)
		SetupLoadedEditorAssemblies (44591ms)
			LogAssemblyErrors (0ms)
			InitializePlatformSupportModulesInManaged (952ms)
			SetLoadedEditorAssemblies (1554ms)
			BeforeProcessingInitializeOnLoad (12360ms)
			ProcessInitializeOnLoadAttributes (24798ms)
			ProcessInitializeOnLoadMethodAttributes (4642ms)
			AfterProcessingInitializeOnLoad (270ms)
			EditorAssembliesLoaded (14ms)
		ExecutionOrderSort2 (0ms)
		AwakeInstancesAfterBackupRestoration (1078ms)
Refreshing native plugins compatible for Editor in 88.51 ms, found 4 plugins.
Preloading 1 native plugins for Editor in 0.56 ms.
Unloading 17 Unused Serialized files (Serialized files now loaded: 0)
Unloading 6154 unused Assets / (6.6 MB). Loaded Objects now: 6912.
Memory consumption went from 226.6 MB to 220.0 MB.
Total: 511.661600 ms (FindLiveObjects: 10.332300 ms CreateObjectMapping: 10.530200 ms MarkObjects: 378.834000 ms  DeleteObjects: 111.960000 ms)

Prepare: number of updated asset objects reloaded= 0
========================================================================
Received Prepare
Begin MonoManager ReloadAssembly
- Loaded All Assemblies, in 93.114 seconds
Refreshing native plugins compatible for Editor in 112.28 ms, found 4 plugins.
Native extension for Android target not found
Native extension for UWP target not found
Native extension for WindowsStandalone target not found
Mono: successfully reloaded assembly
- Finished resetting the current domain, in 203.224 seconds
Domain Reload Profiling: 296172ms
	BeginReloadAssembly (40704ms)
		ExecutionOrderSort (0ms)
		DisableScriptedObjects (308ms)
		BackupInstance (0ms)
		ReleaseScriptingObjects (1ms)
		CreateAndSetChildDomain (5356ms)
	RebuildCommonClasses (7159ms)
	RebuildNativeTypeToScriptingClass (1132ms)
	initialDomainReloadingComplete (3457ms)
	LoadAllAssembliesAndSetupDomain (40397ms)
		LoadAssemblies (54125ms)
		RebuildTransferFunctionScriptingTraits (0ms)
		AnalyzeDomain (16156ms)
			TypeCache.Refresh (609ms)
				TypeCache.ScanAssembly (0ms)
			BuildScriptInfoCaches (14123ms)
			ResolveRequiredComponents (1248ms)
	FinalizeReload (203323ms)
		ReleaseScriptCaches (0ms)
		RebuildScriptCaches (0ms)
		SetupLoadedEditorAssemblies (162824ms)
			LogAssemblyErrors (0ms)
			InitializePlatformSupportModulesInManaged (2909ms)
			SetLoadedEditorAssemblies (2321ms)
			BeforeProcessingInitializeOnLoad (48336ms)
			ProcessInitializeOnLoadAttributes (92314ms)
			ProcessInitializeOnLoadMethodAttributes (16510ms)
			AfterProcessingInitializeOnLoad (410ms)
			EditorAssembliesLoaded (25ms)
		ExecutionOrderSort2 (0ms)
		AwakeInstancesAfterBackupRestoration (3361ms)
Refreshing native plugins compatible for Editor in 190.01 ms, found 4 plugins.
Preloading 1 native plugins for Editor in 13.99 ms.
Unloading 17 Unused Serialized files (Serialized files now loaded: 0)
Unloading 6154 unused Assets / (3.1 MB). Loaded Objects now: 6914.
Memory consumption went from 226.6 MB to 223.5 MB.
Total: 1831.701800 ms (FindLiveObjects: 33.586500 ms CreateObjectMapping: 2.504600 ms MarkObjects: 1341.666800 ms  DeleteObjects: 453.936300 ms)

Prepare: number of updated asset objects reloaded= 0
========================================================================
Received Import Request.
  Time since last request: 5313.868933 seconds.
  path: Assets/Prefab/Player/Bullet.prefab
  artifactKey: Guid(d3ee3e2ef2572f140a3767c694712a2f) Importer(815301076,1909f56bfc062723c751e8b465ee728b)
Start importing Assets/Prefab/Player/Bullet.prefab using Guid(d3ee3e2ef2572f140a3767c694712a2f) Importer(815301076,1909f56bfc062723c751e8b465ee728b) (PreviewImporter) -> (artifact id: 'ebd48164504d2d949ebd874e75cc96b4') in 99.18685170000001 seconds
Number of updated asset objects reloaded before import = 0Number of asset objects unloaded after import = 55

