Using pre-set license
Built from '6000.1/staging' branch; Version is '6000.1.7f1 (13a8ffad9172) revision 1288447'; Using compiler version '194234433'; Build Type 'Release'
OS: 'Windows 11  (10.0.26100) 64bit Core' Language: 'fr' Physical Memory: 48965 MB
BatchMode: 1, IsHumanControllingUs: 0, StartBugReporterOnCrash: 0, Is64bit: 1, IsPro: 1
Date: 2025-06-18T14:00:34Z

COMMAND LINE ARGUMENTS:
C:\Program Files\Unity\Hub\Editor\6000.1.7f1\Editor\Unity.exe
-adb2
-batchMode
-noUpm
-name
AssetImportWorker3
-projectPath
D:/Unity projects/InfiniteRunner
-logFile
Logs/AssetImportWorker3.log
-srvPort
58219
-job-worker-count
7
-background-job-worker-count
8
-gc-helper-count
1
-name
AssetImport
Successfully changed project path to: D:/Unity projects/InfiniteRunner
D:/Unity projects/InfiniteRunner
[UnityMemory] Configuration Parameters - Can be set up in boot.config
    "memorysetup-allocator-temp-initial-block-size-main=262144"
    "memorysetup-allocator-temp-initial-block-size-worker=262144"
    "memorysetup-bucket-allocator-granularity=16"
    "memorysetup-bucket-allocator-bucket-count=8"
    "memorysetup-bucket-allocator-block-size=33554432"
    "memorysetup-bucket-allocator-block-count=8"
    "memorysetup-main-allocator-block-size=16777216"
    "memorysetup-thread-allocator-block-size=16777216"
    "memorysetup-gfx-main-allocator-block-size=16777216"
    "memorysetup-gfx-thread-allocator-block-size=16777216"
    "memorysetup-cache-allocator-block-size=4194304"
    "memorysetup-typetree-allocator-block-size=2097152"
    "memorysetup-profiler-bucket-allocator-granularity=16"
    "memorysetup-profiler-bucket-allocator-bucket-count=8"
    "memorysetup-profiler-bucket-allocator-block-size=33554432"
    "memorysetup-profiler-bucket-allocator-block-count=8"
    "memorysetup-profiler-allocator-block-size=16777216"
    "memorysetup-profiler-editor-allocator-block-size=1048576"
    "memorysetup-temp-allocator-size-main=16777216"
    "memorysetup-job-temp-allocator-block-size=2097152"
    "memorysetup-job-temp-allocator-block-size-background=1048576"
    "memorysetup-job-temp-allocator-reduction-small-platforms=262144"
    "memorysetup-temp-allocator-size-background-worker=32768"
    "memorysetup-temp-allocator-size-job-worker=262144"
    "memorysetup-temp-allocator-size-preload-manager=33554432"
    "memorysetup-temp-allocator-size-nav-mesh-worker=65536"
    "memorysetup-temp-allocator-size-audio-worker=65536"
    "memorysetup-temp-allocator-size-cloud-worker=32768"
    "memorysetup-temp-allocator-size-gi-baking-worker=262144"
    "memorysetup-temp-allocator-size-gi-baking-worker=262144"
    "memorysetup-temp-allocator-size-gi-baking-worker=262144"
    "memorysetup-temp-allocator-size-gi-baking-worker=262144"
    "memorysetup-temp-allocator-size-gi-baking-worker=262144"
    "memorysetup-temp-allocator-size-gfx=262144"
Player connection [12568]  Target information:

Player connection [12568]  * "[IP] 192.168.1.62 [Port] 0 [Flags] 2 [Guid] 750154062 [EditorId] 750154062 [Version] 1048832 [Id] WindowsEditor(7,DESKTOP-3UTH55C) [Debug] 1 [PackageName] WindowsEditor [ProjectName] Editor" 

Player connection [12568]  * "[IP] 169.254.123.170 [Port] 0 [Flags] 2 [Guid] 750154062 [EditorId] 750154062 [Version] 1048832 [Id] WindowsEditor(7,DESKTOP-3UTH55C) [Debug] 1 [PackageName] WindowsEditor [ProjectName] Editor" 

Player connection [12568] Host joined multi-casting on [225.0.0.222:54997]...
Player connection [12568] Host joined alternative multi-casting on [225.0.0.222:34997]...
JobSystem: Creating JobQueue using job-worker-count value 7
Input System module state changed to: Initialized.
[Physics::Module] Initialized fallback backend.
[Physics::Module] Id: 0xdecafbad
Library Redirect Path: Library/
[Physics::Module] Selected backend.
[Physics::Module] Name: PhysX
[Physics::Module] Id: 0xf2b8ea05
[Physics::Module] SDK Version: 4.1.2
[Physics::Module] Integration Version: 1.0.0
[Physics::Module] Threading Mode: Multi-Threaded
Refreshing native plugins compatible for Editor in 208.02 ms, found 4 plugins.
Preloading 1 native plugins for Editor in 156.86 ms.
Initialize engine version: 6000.1.7f1 (13a8ffad9172)
[Subsystems] Discovering subsystems at path C:/Program Files/Unity/Hub/Editor/6000.1.7f1/Editor/Data/Resources/UnitySubsystems
[Subsystems] Discovering subsystems at path D:/Unity projects/InfiniteRunner/Assets
GfxDevice: creating device client; kGfxThreadingModeNonThreaded
Direct3D:
    Version:  Direct3D 11.0 [level 11.1]
    Renderer: NVIDIA GeForce RTX 2060 (ID=0x1f08)
    Vendor:   NVIDIA
    VRAM:     5955 MB
    Driver:   32.0.15.7652
Initialize mono
Mono path[0] = 'C:/Program Files/Unity/Hub/Editor/6000.1.7f1/Editor/Data/Managed'
Mono path[1] = 'C:/Program Files/Unity/Hub/Editor/6000.1.7f1/Editor/Data/MonoBleedingEdge/lib/mono/unityjit-win32'
Mono config path = 'C:/Program Files/Unity/Hub/Editor/6000.1.7f1/Editor/Data/MonoBleedingEdge/etc'
Using monoOptions --debugger-agent=transport=dt_socket,embedding=1,server=y,suspend=n,address=127.0.0.1:56116
Begin MonoManager ReloadAssembly
Registering precompiled unity dll's ...
Register platform support module: C:/Program Files/Unity/Hub/Editor/6000.1.7f1/Editor/Data/PlaybackEngines/WindowsStandaloneSupport/UnityEditor.WindowsStandalone.Extensions.dll
Register platform support module: C:/Program Files/Unity/Hub/Editor/6000.1.7f1/Editor/Data/PlaybackEngines/MetroSupport/UnityEditor.UWP.Extensions.dll
Register platform support module: C:/Program Files/Unity/Hub/Editor/6000.1.7f1/Editor/Data/PlaybackEngines/AndroidPlayer/UnityEditor.Android.Extensions.dll
Registered in 0.094537 seconds.
- Loaded All Assemblies, in  5.908 seconds
Native extension for Android target not found
Unauthorized device detected, Id: R38M20GQVNL, please add debug authorization and reconnect.
UnityEngine.Debug:ExtractStackTraceNoAlloc (byte*,int,string)
UnityEngine.StackTraceUtility:ExtractStackTrace ()
UnityEngine.DebugLogHandler:Internal_Log (UnityEngine.LogType,UnityEngine.LogOption,string,UnityEngine.Object)
UnityEngine.DebugLogHandler:LogFormat (UnityEngine.LogType,UnityEngine.Object,string,object[])
UnityEngine.Logger:LogFormat (UnityEngine.LogType,string,object[])
UnityEngine.Debug:LogFormat (string,object[])
UnityEditor.Android.AndroidDeploymentTargetsExtension:GetKnownTargets (UnityEditor.DeploymentTargets.IDeploymentTargetsMainThreadContext,UnityEditor.ProgressHandler) (at /home/bokken/build/output/unity/unity/PlatformDependent/AndroidPlayer/Editor/Managed/DeploymentTargets/AndroidDeploymentTargetsExtension.cs:398)
UnityEditor.Android.TargetScanWorker:ScanSync () (at /home/bokken/build/output/unity/unity/PlatformDependent/AndroidPlayer/Editor/Managed/TargetScanWorker.cs:164)
UnityEditor.Android.TargetExtension:OnUsbDevicesChanged (UnityEditor.Hardware.UsbDevice[]) (at /home/bokken/build/output/unity/unity/PlatformDependent/AndroidPlayer/Editor/Managed/ExtensionModule.cs:114)
UnityEditor.Android.TargetExtension:OnLoad () (at /home/bokken/build/output/unity/unity/PlatformDependent/AndroidPlayer/Editor/Managed/ExtensionModule.cs:75)
UnityEditor.Modules.ModuleManager:InitializePlatformSupportModules ()

(Filename: /home/bokken/build/output/unity/unity/PlatformDependent/AndroidPlayer/Editor/Managed/DeploymentTargets/AndroidDeploymentTargetsExtension.cs Line: 398)

Android Extension - Scanning For ADB Devices 2437 ms
Native extension for UWP target not found
Native extension for WindowsStandalone target not found
Mono: successfully reloaded assembly
- Finished resetting the current domain, in  6.783 seconds
Domain Reload Profiling: 12662ms
	BeginReloadAssembly (2510ms)
		ExecutionOrderSort (0ms)
		DisableScriptedObjects (0ms)
		BackupInstance (0ms)
		ReleaseScriptingObjects (0ms)
		CreateAndSetChildDomain (7ms)
	RebuildCommonClasses (528ms)
	RebuildNativeTypeToScriptingClass (168ms)
	initialDomainReloadingComplete (1099ms)
	LoadAllAssembliesAndSetupDomain (1571ms)
		LoadAssemblies (2519ms)
		RebuildTransferFunctionScriptingTraits (0ms)
		AnalyzeDomain (1499ms)
			TypeCache.Refresh (1491ms)
				TypeCache.ScanAssembly (1407ms)
			BuildScriptInfoCaches (1ms)
			ResolveRequiredComponents (3ms)
	FinalizeReload (6785ms)
		ReleaseScriptCaches (0ms)
		RebuildScriptCaches (0ms)
		SetupLoadedEditorAssemblies (6583ms)
			LogAssemblyErrors (0ms)
			InitializePlatformSupportModulesInManaged (3987ms)
			SetLoadedEditorAssemblies (42ms)
			BeforeProcessingInitializeOnLoad (451ms)
			ProcessInitializeOnLoadAttributes (1395ms)
			ProcessInitializeOnLoadMethodAttributes (708ms)
			AfterProcessingInitializeOnLoad (0ms)
			EditorAssembliesLoaded (0ms)
		ExecutionOrderSort2 (0ms)
		AwakeInstancesAfterBackupRestoration (0ms)
========================================================================
Worker process is ready to serve import requests
Import Worker Mode flag is 0x00
Begin MonoManager ReloadAssembly
- Loaded All Assemblies, in  7.529 seconds
Refreshing native plugins compatible for Editor in 5.07 ms, found 4 plugins.
Native extension for Android target not found
Native extension for UWP target not found
Native extension for WindowsStandalone target not found
Mono: successfully reloaded assembly
- Finished resetting the current domain, in 10.279 seconds
Domain Reload Profiling: 17785ms
	BeginReloadAssembly (786ms)
		ExecutionOrderSort (0ms)
		DisableScriptedObjects (37ms)
		BackupInstance (0ms)
		ReleaseScriptingObjects (0ms)
		CreateAndSetChildDomain (88ms)
	RebuildCommonClasses (572ms)
	RebuildNativeTypeToScriptingClass (234ms)
	initialDomainReloadingComplete (422ms)
	LoadAllAssembliesAndSetupDomain (5489ms)
		LoadAssemblies (4401ms)
		RebuildTransferFunctionScriptingTraits (0ms)
		AnalyzeDomain (1533ms)
			TypeCache.Refresh (1267ms)
				TypeCache.ScanAssembly (1195ms)
			BuildScriptInfoCaches (190ms)
			ResolveRequiredComponents (63ms)
	FinalizeReload (10282ms)
		ReleaseScriptCaches (0ms)
		RebuildScriptCaches (0ms)
		SetupLoadedEditorAssemblies (7766ms)
			LogAssemblyErrors (0ms)
			InitializePlatformSupportModulesInManaged (168ms)
			SetLoadedEditorAssemblies (36ms)
			BeforeProcessingInitializeOnLoad (1949ms)
			ProcessInitializeOnLoadAttributes (4951ms)
			ProcessInitializeOnLoadMethodAttributes (559ms)
			AfterProcessingInitializeOnLoad (97ms)
			EditorAssembliesLoaded (6ms)
		ExecutionOrderSort2 (0ms)
		AwakeInstancesAfterBackupRestoration (222ms)
Launched and connected shader compiler UnityShaderCompiler.exe after 0.08 seconds
Refreshing native plugins compatible for Editor in 23.66 ms, found 4 plugins.
Preloading 1 native plugins for Editor in 1.79 ms.
Unloading 233 Unused Serialized files (Serialized files now loaded: 0)
Unloading 6155 unused Assets / (3.1 MB). Loaded Objects now: 6885.
Memory consumption went from 255.9 MB to 252.8 MB.
Total: 224.759400 ms (FindLiveObjects: 6.720800 ms CreateObjectMapping: 3.816200 ms MarkObjects: 183.021400 ms  DeleteObjects: 31.185600 ms)

========================================================================
Received Import Request.
  Time since last request: 15027.771597 seconds.
  path: Assets/Textures/blue_checker.png
  artifactKey: Guid(c1c1211a6c2e9f44ba8d258d901cf4b2) Importer(815301076,1909f56bfc062723c751e8b465ee728b)
Start importing Assets/Textures/blue_checker.png using Guid(c1c1211a6c2e9f44ba8d258d901cf4b2) Importer(815301076,1909f56bfc062723c751e8b465ee728b) (PreviewImporter) -> (artifact id: 'f71b12f6e2a05a095cf17cee40b1995a') in 0.81261 seconds
Number of updated asset objects reloaded before import = 0Number of asset objects unloaded after import = 2

========================================================================
Received Import Request.
  Time since last request: 0.000275 seconds.
  path: Assets/Textures/compass_base.png
  artifactKey: Guid(d4191e30cb87bdb4fa817df8f71d5c2e) Importer(815301076,1909f56bfc062723c751e8b465ee728b)
Start importing Assets/Textures/compass_base.png using Guid(d4191e30cb87bdb4fa817df8f71d5c2e) Importer(815301076,1909f56bfc062723c751e8b465ee728b) (PreviewImporter) -> (artifact id: '92915fc0a6e972c54aa1aa926124d2dc') in 0.809581 seconds
Number of updated asset objects reloaded before import = 0Number of asset objects unloaded after import = 3

========================================================================
Received Import Request.
  Time since last request: 0.000103 seconds.
  path: Assets/Textures/Odyssee_tutorial.png
  artifactKey: Guid(f6d6d4128dbfb4640927d2cc5d993da1) Importer(815301076,1909f56bfc062723c751e8b465ee728b)
Start importing Assets/Textures/Odyssee_tutorial.png using Guid(f6d6d4128dbfb4640927d2cc5d993da1) Importer(815301076,1909f56bfc062723c751e8b465ee728b) (PreviewImporter) -> (artifact id: '9950298c5ab453f8813936645c7fd630') in 0.0673373 seconds
Number of updated asset objects reloaded before import = 0Number of asset objects unloaded after import = 3

========================================================================
Received Import Request.
  Time since last request: 0.000047 seconds.
  path: Assets/Textures/scyllaWarning.png
  artifactKey: Guid(2da3072b82417094e87234f6272fe98f) Importer(815301076,1909f56bfc062723c751e8b465ee728b)
Start importing Assets/Textures/scyllaWarning.png using Guid(2da3072b82417094e87234f6272fe98f) Importer(815301076,1909f56bfc062723c751e8b465ee728b) (PreviewImporter) -> (artifact id: 'a66b0dbd31be82e7357658470d7d903a') in 0.0690403 seconds
Number of updated asset objects reloaded before import = 0Number of asset objects unloaded after import = 3

========================================================================
Received Import Request.
  Time since last request: 0.000046 seconds.
  path: Assets/Textures/BodyPaint.png
  artifactKey: Guid(19d8b0b143f856f46a4a4742bc605fcd) Importer(815301076,1909f56bfc062723c751e8b465ee728b)
Start importing Assets/Textures/BodyPaint.png using Guid(19d8b0b143f856f46a4a4742bc605fcd) Importer(815301076,1909f56bfc062723c751e8b465ee728b) (PreviewImporter) -> (artifact id: '31b8bb7e9c21b8df8cd479e86e4a58b2') in 0.0929844 seconds
Number of updated asset objects reloaded before import = 0Number of asset objects unloaded after import = 2

========================================================================
Received Import Request.
  Time since last request: 0.000186 seconds.
  path: Assets/Textures/Smoke.png
  artifactKey: Guid(6b1a8fd390ef03b458bd0803d3b7382f) Importer(815301076,1909f56bfc062723c751e8b465ee728b)
Start importing Assets/Textures/Smoke.png using Guid(6b1a8fd390ef03b458bd0803d3b7382f) Importer(815301076,1909f56bfc062723c751e8b465ee728b) (PreviewImporter) -> (artifact id: 'd48c2bfea784ebe0ebb140712a761fc3') in 0.1082057 seconds
Number of updated asset objects reloaded before import = 0Number of asset objects unloaded after import = 3

========================================================================
Received Import Request.
  Time since last request: 0.000075 seconds.
  path: Assets/Textures/compass_pointe.png
  artifactKey: Guid(4cb8566c13655e54aa08dc6add80cc6b) Importer(815301076,1909f56bfc062723c751e8b465ee728b)
Start importing Assets/Textures/compass_pointe.png using Guid(4cb8566c13655e54aa08dc6add80cc6b) Importer(815301076,1909f56bfc062723c751e8b465ee728b) (PreviewImporter) -> (artifact id: '0ab399a3c13134e5efc7d84d12750c88') in 0.1571821 seconds
Number of updated asset objects reloaded before import = 0Number of asset objects unloaded after import = 3

========================================================================
Received Import Request.
  Time since last request: 0.000131 seconds.
  path: Assets/Textures/gateMask.png
  artifactKey: Guid(deca456c78a2e2647be70076cadabe24) Importer(815301076,1909f56bfc062723c751e8b465ee728b)
Start importing Assets/Textures/gateMask.png using Guid(deca456c78a2e2647be70076cadabe24) Importer(815301076,1909f56bfc062723c751e8b465ee728b) (PreviewImporter) -> (artifact id: '8b650badc9094881b193a41ffa257a7e') in 0.1618829 seconds
Number of updated asset objects reloaded before import = 0Number of asset objects unloaded after import = 3

========================================================================
Received Import Request.
  Time since last request: 0.000252 seconds.
  path: Assets/Textures/Water 0339normal.jpg
  artifactKey: Guid(e31194b8c7ef2e64f8c1e24312e95242) Importer(815301076,1909f56bfc062723c751e8b465ee728b)
Start importing Assets/Textures/Water 0339normal.jpg using Guid(e31194b8c7ef2e64f8c1e24312e95242) Importer(815301076,1909f56bfc062723c751e8b465ee728b) (PreviewImporter) -> (artifact id: 'de1a63428bc565842570684c3ab9b18b') in 0.127644 seconds
Number of updated asset objects reloaded before import = 0Number of asset objects unloaded after import = 2

========================================================================
Received Import Request.
  Time since last request: 0.000172 seconds.
  path: Assets/Textures/WreckText.png
  artifactKey: Guid(b6beaee1a15d36143b6e9aa76a350f66) Importer(815301076,1909f56bfc062723c751e8b465ee728b)
Start importing Assets/Textures/WreckText.png using Guid(b6beaee1a15d36143b6e9aa76a350f66) Importer(815301076,1909f56bfc062723c751e8b465ee728b) (PreviewImporter) -> (artifact id: '76242b2f7cdd443687d75a01a6301eb5') in 0.2954648 seconds
Number of updated asset objects reloaded before import = 0Number of asset objects unloaded after import = 2

========================================================================
Received Import Request.
  Time since last request: 0.000097 seconds.
  path: Assets/Textures/bullet.png
  artifactKey: Guid(c1bda6326a40e2c41bb5b6d2e2f88f4a) Importer(815301076,1909f56bfc062723c751e8b465ee728b)
Start importing Assets/Textures/bullet.png using Guid(c1bda6326a40e2c41bb5b6d2e2f88f4a) Importer(815301076,1909f56bfc062723c751e8b465ee728b) (PreviewImporter) -> (artifact id: '5cc9eafd8ecaf710de506c4a56ea2334') in 0.1583355 seconds
Number of updated asset objects reloaded before import = 0Number of asset objects unloaded after import = 3

========================================================================
Received Import Request.
  Time since last request: 0.000127 seconds.
  path: Assets/Textures/spectreText.png
  artifactKey: Guid(5b1c82b5eedc7ca4f8416957908d2d9f) Importer(815301076,1909f56bfc062723c751e8b465ee728b)
Start importing Assets/Textures/spectreText.png using Guid(5b1c82b5eedc7ca4f8416957908d2d9f) Importer(815301076,1909f56bfc062723c751e8b465ee728b) (PreviewImporter) -> (artifact id: 'c9cf658501b2a8cb96fc94925b1f48c5') in 0.1262321 seconds
Number of updated asset objects reloaded before import = 0Number of asset objects unloaded after import = 2

========================================================================
Received Import Request.
  Time since last request: 0.000144 seconds.
  path: Assets/Textures/ScyllaLogo.png
  artifactKey: Guid(e8711e0c3c06cb744af72fd41a01ac27) Importer(815301076,1909f56bfc062723c751e8b465ee728b)
Start importing Assets/Textures/ScyllaLogo.png using Guid(e8711e0c3c06cb744af72fd41a01ac27) Importer(815301076,1909f56bfc062723c751e8b465ee728b) (PreviewImporter) -> (artifact id: 'e0e5f718ba19eef70d2a80844e2a8ede') in 0.4865411 seconds
Number of updated asset objects reloaded before import = 0Number of asset objects unloaded after import = 3

========================================================================
Received Import Request.
  Time since last request: 0.000155 seconds.
  path: Assets/Textures/Trunk_particules.png
  artifactKey: Guid(315b943fab37a29409b5c1b98a9f82c2) Importer(815301076,1909f56bfc062723c751e8b465ee728b)
Start importing Assets/Textures/Trunk_particules.png using Guid(315b943fab37a29409b5c1b98a9f82c2) Importer(815301076,1909f56bfc062723c751e8b465ee728b) (PreviewImporter) -> (artifact id: '92653254e8a72620725c8b5801a85958') in 0.7535159 seconds
Number of updated asset objects reloaded before import = 0Number of asset objects unloaded after import = 2

========================================================================
Received Import Request.
  Time since last request: 0.000066 seconds.
  path: Assets/Textures/croche.png
  artifactKey: Guid(9f9df3d3dc7134245be6fda854e120b4) Importer(815301076,1909f56bfc062723c751e8b465ee728b)
Start importing Assets/Textures/croche.png using Guid(9f9df3d3dc7134245be6fda854e120b4) Importer(815301076,1909f56bfc062723c751e8b465ee728b) (PreviewImporter) -> (artifact id: 'd07d6828229a825a8d6fedf1ec03e8a4') in 0.0767555 seconds
Number of updated asset objects reloaded before import = 0Number of asset objects unloaded after import = 3

========================================================================
Received Import Request.
  Time since last request: 0.000325 seconds.
  path: Assets/Textures/filtreAlerte.png
  artifactKey: Guid(b2568dd2beac84944a121c0775094c39) Importer(815301076,1909f56bfc062723c751e8b465ee728b)
Start importing Assets/Textures/filtreAlerte.png using Guid(b2568dd2beac84944a121c0775094c39) Importer(815301076,1909f56bfc062723c751e8b465ee728b) (PreviewImporter) -> (artifact id: '035960877c38569546117a4c2b9c49c3') in 1.227667 seconds
Number of updated asset objects reloaded before import = 0Number of asset objects unloaded after import = 3

========================================================================
Received Import Request.
  Time since last request: 0.000060 seconds.
  path: Assets/Textures/obole.png
  artifactKey: Guid(226b7da450f6c544498ab8da87fa0866) Importer(815301076,1909f56bfc062723c751e8b465ee728b)
Start importing Assets/Textures/obole.png using Guid(226b7da450f6c544498ab8da87fa0866) Importer(815301076,1909f56bfc062723c751e8b465ee728b) (PreviewImporter) -> (artifact id: '887c300039d49ff3e15ceb02d4f9526a') in 0.4891217 seconds
Number of updated asset objects reloaded before import = 0Number of asset objects unloaded after import = 3

========================================================================
Received Import Request.
  Time since last request: 0.000150 seconds.
  path: Assets/Textures/leaderBoardLogo.png
  artifactKey: Guid(5b49dcf5e0d58974399d7d2f0776bed1) Importer(815301076,1909f56bfc062723c751e8b465ee728b)
Start importing Assets/Textures/leaderBoardLogo.png using Guid(5b49dcf5e0d58974399d7d2f0776bed1) Importer(815301076,1909f56bfc062723c751e8b465ee728b) (PreviewImporter) -> (artifact id: 'a6d40b80e0b98e06a2707944e0c41884') in 0.3990923 seconds
Number of updated asset objects reloaded before import = 0Number of asset objects unloaded after import = 3

========================================================================
Received Import Request.
  Time since last request: 0.000215 seconds.
  path: Assets/Textures/simpleParticle.png
  artifactKey: Guid(0bc83136f148d124a9ee5d3995eb3ae8) Importer(815301076,1909f56bfc062723c751e8b465ee728b)
Start importing Assets/Textures/simpleParticle.png using Guid(0bc83136f148d124a9ee5d3995eb3ae8) Importer(815301076,1909f56bfc062723c751e8b465ee728b) (PreviewImporter) -> (artifact id: 'edb57ff1935f22618b89d1143176d420') in 0.111721 seconds
Number of updated asset objects reloaded before import = 0Number of asset objects unloaded after import = 3

========================================================================
Received Import Request.
  Time since last request: 0.000112 seconds.
  path: Assets/Textures/FacePaint 1.png
  artifactKey: Guid(e4a9a0ad9d0f5164a8dcadfbbe18b57f) Importer(815301076,1909f56bfc062723c751e8b465ee728b)
Start importing Assets/Textures/FacePaint 1.png using Guid(e4a9a0ad9d0f5164a8dcadfbbe18b57f) Importer(815301076,1909f56bfc062723c751e8b465ee728b) (PreviewImporter) -> (artifact id: 'cc31e6914eb0f86222168bced3c31634') in 0.0269552 seconds
Number of updated asset objects reloaded before import = 0Number of asset objects unloaded after import = 2

Editor requested this worker to shutdown with reason: Scaling down because of idle timeout
AssetImportWorker is now disconnected from the server
Process exiting
Exiting without the bug reporter. Application will terminate with return code 0