Using pre-set license
Built from '6000.0/staging' branch; Version is '6000.0.39f1 (15ea7ed0b100) revision 1436286'; Using compiler version '193933523'; Build Type 'Release'
OS: 'Windows 11  (10.0.26100) 64bit Core' Language: 'fr' Physical Memory: 48965 MB
BatchMode: 1, IsHumanControllingUs: 0, StartBugReporterOnCrash: 0, Is64bit: 1, IsPro: 1

COMMAND LINE ARGUMENTS:
C:\Program Files\Unity\Hub\Editor\6000.0.39f1\Editor\Unity.exe
-adb2
-batchMode
-noUpm
-name
AssetImportWorker0
-projectPath
D:/Unity projects/InfiniteRunner
-logFile
Logs/AssetImportWorker0.log
-srvPort
50521
-job-worker-count
7
-background-job-worker-count
8
-gc-helper-count
1
Successfully changed project path to: D:/Unity projects/InfiniteRunner
D:/Unity projects/InfiniteRunner
[UnityMemory] Configuration Parameters - Can be set up in boot.config
    "memorysetup-bucket-allocator-granularity=16"
    "memorysetup-bucket-allocator-bucket-count=8"
    "memorysetup-bucket-allocator-block-size=33554432"
    "memorysetup-bucket-allocator-block-count=8"
    "memorysetup-main-allocator-block-size=16777216"
    "memorysetup-thread-allocator-block-size=16777216"
    "memorysetup-gfx-main-allocator-block-size=16777216"
    "memorysetup-gfx-thread-allocator-block-size=16777216"
    "memorysetup-cache-allocator-block-size=4194304"
    "memorysetup-typetree-allocator-block-size=2097152"
    "memorysetup-profiler-bucket-allocator-granularity=16"
    "memorysetup-profiler-bucket-allocator-bucket-count=8"
    "memorysetup-profiler-bucket-allocator-block-size=33554432"
    "memorysetup-profiler-bucket-allocator-block-count=8"
    "memorysetup-profiler-allocator-block-size=16777216"
    "memorysetup-profiler-editor-allocator-block-size=1048576"
    "memorysetup-temp-allocator-size-main=16777216"
    "memorysetup-job-temp-allocator-block-size=2097152"
    "memorysetup-job-temp-allocator-block-size-background=1048576"
    "memorysetup-job-temp-allocator-reduction-small-platforms=262144"
    "memorysetup-allocator-temp-initial-block-size-main=262144"
    "memorysetup-allocator-temp-initial-block-size-worker=262144"
    "memorysetup-temp-allocator-size-background-worker=32768"
    "memorysetup-temp-allocator-size-job-worker=262144"
    "memorysetup-temp-allocator-size-preload-manager=33554432"
    "memorysetup-temp-allocator-size-nav-mesh-worker=65536"
    "memorysetup-temp-allocator-size-audio-worker=65536"
    "memorysetup-temp-allocator-size-cloud-worker=32768"
    "memorysetup-temp-allocator-size-gi-baking-worker=262144"
    "memorysetup-temp-allocator-size-gi-baking-worker=262144"
    "memorysetup-temp-allocator-size-gi-baking-worker=262144"
    "memorysetup-temp-allocator-size-gi-baking-worker=262144"
    "memorysetup-temp-allocator-size-gi-baking-worker=262144"
    "memorysetup-temp-allocator-size-gfx=262144"
Player connection [20256]  Target information:

Player connection [20256]  * "[IP] 192.168.1.62 [Port] 0 [Flags] 2 [Guid] 3440845692 [EditorId] 3440845692 [Version] 1048832 [Id] WindowsEditor(7,DESKTOP-3UTH55C) [Debug] 1 [PackageName] WindowsEditor [ProjectName] Editor" 

Player connection [20256]  * "[IP] 169.254.123.170 [Port] 0 [Flags] 2 [Guid] 3440845692 [EditorId] 3440845692 [Version] 1048832 [Id] WindowsEditor(7,DESKTOP-3UTH55C) [Debug] 1 [PackageName] WindowsEditor [ProjectName] Editor" 

Player connection [20256] Host joined multi-casting on [225.0.0.222:54997]...
Player connection [20256] Host joined alternative multi-casting on [225.0.0.222:34997]...
JobSystem: Creating JobQueue using job-worker-count value 7
Input System module state changed to: Initialized.
[Physics::Module] Initialized fallback backend.
[Physics::Module] Id: 0xdecafbad
Library Redirect Path: Library/
[Physics::Module] Selected backend.
[Physics::Module] Name: PhysX
[Physics::Module] Id: 0xf2b8ea05
[Physics::Module] SDK Version: 4.1.2
[Physics::Module] Integration Version: 1.0.0
[Physics::Module] Threading Mode: Multi-Threaded
Refreshing native plugins compatible for Editor in 0.73 ms, found 3 plugins.
Preloading 0 native plugins for Editor in 0.00 ms.
Initialize engine version: 6000.0.39f1 (15ea7ed0b100)
[Subsystems] Discovering subsystems at path C:/Program Files/Unity/Hub/Editor/6000.0.39f1/Editor/Data/Resources/UnitySubsystems
[Subsystems] Discovering subsystems at path D:/Unity projects/InfiniteRunner/Assets
GfxDevice: creating device client; kGfxThreadingModeNonThreaded
Direct3D:
    Version:  Direct3D 11.0 [level 11.1]
    Renderer: NVIDIA GeForce RTX 2060 (ID=0x1f08)
    Vendor:   NVIDIA
    VRAM:     5955 MB
    Driver:   32.0.15.7270
Initialize mono
Mono path[0] = 'C:/Program Files/Unity/Hub/Editor/6000.0.39f1/Editor/Data/Managed'
Mono path[1] = 'C:/Program Files/Unity/Hub/Editor/6000.0.39f1/Editor/Data/MonoBleedingEdge/lib/mono/unityjit-win32'
Mono config path = 'C:/Program Files/Unity/Hub/Editor/6000.0.39f1/Editor/Data/MonoBleedingEdge/etc'
Using monoOptions --debugger-agent=transport=dt_socket,embedding=1,server=y,suspend=n,address=127.0.0.1:56964
Begin MonoManager ReloadAssembly
Registering precompiled unity dll's ...
Register platform support module: C:/Program Files/Unity/Hub/Editor/6000.0.39f1/Editor/Data/PlaybackEngines/WebGLSupport/UnityEditor.WebGL.Extensions.dll
Register platform support module: C:/Program Files/Unity/Hub/Editor/6000.0.39f1/Editor/Data/PlaybackEngines/WindowsStandaloneSupport/UnityEditor.WindowsStandalone.Extensions.dll
Register platform support module: C:/Program Files/Unity/Hub/Editor/6000.0.39f1/Editor/Data/PlaybackEngines/MetroSupport/UnityEditor.UWP.Extensions.dll
Register platform support module: C:/Program Files/Unity/Hub/Editor/6000.0.39f1/Editor/Data/PlaybackEngines/AndroidPlayer/UnityEditor.Android.Extensions.dll
Registered in 0.003796 seconds.
- Loaded All Assemblies, in  0.344 seconds
Native extension for Android target not found
Android Extension - Scanning For ADB Devices 199 ms
Native extension for UWP target not found
Native extension for WindowsStandalone target not found
Native extension for WebGL target not found
Mono: successfully reloaded assembly
- Finished resetting the current domain, in  0.529 seconds
Domain Reload Profiling: 872ms
	BeginReloadAssembly (110ms)
		ExecutionOrderSort (0ms)
		DisableScriptedObjects (0ms)
		BackupInstance (0ms)
		ReleaseScriptingObjects (0ms)
		CreateAndSetChildDomain (1ms)
	RebuildCommonClasses (31ms)
	RebuildNativeTypeToScriptingClass (10ms)
	initialDomainReloadingComplete (46ms)
	LoadAllAssembliesAndSetupDomain (145ms)
		LoadAssemblies (109ms)
		RebuildTransferFunctionScriptingTraits (0ms)
		AnalyzeDomain (141ms)
			TypeCache.Refresh (140ms)
				TypeCache.ScanAssembly (129ms)
			BuildScriptInfoCaches (0ms)
			ResolveRequiredComponents (0ms)
	FinalizeReload (530ms)
		ReleaseScriptCaches (0ms)
		RebuildScriptCaches (0ms)
		SetupLoadedEditorAssemblies (491ms)
			LogAssemblyErrors (0ms)
			InitializePlatformSupportModulesInManaged (293ms)
			SetLoadedEditorAssemblies (3ms)
			BeforeProcessingInitializeOnLoad (41ms)
			ProcessInitializeOnLoadAttributes (104ms)
			ProcessInitializeOnLoadMethodAttributes (49ms)
			AfterProcessingInitializeOnLoad (0ms)
			EditorAssembliesLoaded (0ms)
		ExecutionOrderSort2 (0ms)
		AwakeInstancesAfterBackupRestoration (0ms)
========================================================================
Worker process is ready to serve import requests
Import Worker Mode flag is 0x00
Begin MonoManager ReloadAssembly
- Loaded All Assemblies, in  0.623 seconds
Refreshing native plugins compatible for Editor in 0.36 ms, found 3 plugins.
Native extension for Android target not found
Native extension for UWP target not found
Native extension for WindowsStandalone target not found
Native extension for WebGL target not found
Mono: successfully reloaded assembly
- Finished resetting the current domain, in  0.637 seconds
Domain Reload Profiling: 1259ms
	BeginReloadAssembly (147ms)
		ExecutionOrderSort (0ms)
		DisableScriptedObjects (6ms)
		BackupInstance (0ms)
		ReleaseScriptingObjects (0ms)
		CreateAndSetChildDomain (26ms)
	RebuildCommonClasses (30ms)
	RebuildNativeTypeToScriptingClass (10ms)
	initialDomainReloadingComplete (33ms)
	LoadAllAssembliesAndSetupDomain (402ms)
		LoadAssemblies (272ms)
		RebuildTransferFunctionScriptingTraits (0ms)
		AnalyzeDomain (214ms)
			TypeCache.Refresh (157ms)
				TypeCache.ScanAssembly (142ms)
			BuildScriptInfoCaches (43ms)
			ResolveRequiredComponents (10ms)
	FinalizeReload (638ms)
		ReleaseScriptCaches (0ms)
		RebuildScriptCaches (0ms)
		SetupLoadedEditorAssemblies (482ms)
			LogAssemblyErrors (0ms)
			InitializePlatformSupportModulesInManaged (11ms)
			SetLoadedEditorAssemblies (3ms)
			BeforeProcessingInitializeOnLoad (82ms)
			ProcessInitializeOnLoadAttributes (311ms)
			ProcessInitializeOnLoadMethodAttributes (72ms)
			AfterProcessingInitializeOnLoad (3ms)
			EditorAssembliesLoaded (0ms)
		ExecutionOrderSort2 (0ms)
		AwakeInstancesAfterBackupRestoration (5ms)
Launched and connected shader compiler UnityShaderCompiler.exe after 0.01 seconds
Refreshing native plugins compatible for Editor in 0.76 ms, found 3 plugins.
Preloading 0 native plugins for Editor in 0.00 ms.
Unloading 214 Unused Serialized files (Serialized files now loaded: 0)
Unloading 6032 unused Assets / (6.9 MB). Loaded Objects now: 6715.
Memory consumption went from 247.6 MB to 240.7 MB.
Total: 11.395700 ms (FindLiveObjects: 0.598200 ms CreateObjectMapping: 0.752300 ms MarkObjects: 5.979300 ms  DeleteObjects: 4.064500 ms)

========================================================================
Received Import Request.
  Time since last request: 871.277742 seconds.
  path: Assets/Shaders/Portal.shadergraph
  artifactKey: Guid(7f81e3499d0d81a42b3f9143ccfd1f04) Importer(815301076,1909f56bfc062723c751e8b465ee728b)
Start importing Assets/Shaders/Portal.shadergraph using Guid(7f81e3499d0d81a42b3f9143ccfd1f04) Importer(815301076,1909f56bfc062723c751e8b465ee728b) (PreviewImporter) -> (artifact id: '42ba53ecc6c34329dee9e7ee94193a81') in 0.8005295 seconds
Number of updated asset objects reloaded before import = 0Number of asset objects unloaded after import = 6

========================================================================
Received Import Request.
  Time since last request: 185.641181 seconds.
  path: Assets/Shaders/Portal.shadergraph
  artifactKey: Guid(7f81e3499d0d81a42b3f9143ccfd1f04) Importer(815301076,1909f56bfc062723c751e8b465ee728b)
Start importing Assets/Shaders/Portal.shadergraph using Guid(7f81e3499d0d81a42b3f9143ccfd1f04) Importer(815301076,1909f56bfc062723c751e8b465ee728b) (PreviewImporter) -> (artifact id: 'd1a4d233b56bf17192ec019661a966fc') in 0.4368381 seconds
Number of updated asset objects reloaded before import = 0Number of asset objects unloaded after import = 5

========================================================================
Received Import Request.
  Time since last request: 12.999942 seconds.
  path: Assets/Shaders/Gate.mat
  artifactKey: Guid(6f014927ea024e9479755d091c8c4bef) Importer(815301076,1909f56bfc062723c751e8b465ee728b)
Start importing Assets/Shaders/Gate.mat using Guid(6f014927ea024e9479755d091c8c4bef) Importer(815301076,1909f56bfc062723c751e8b465ee728b) (PreviewImporter) -> (artifact id: '5dadce06df3b9321a9407e3f47183a4a') in 0.0363346 seconds
Number of updated asset objects reloaded before import = 0Number of asset objects unloaded after import = 6

========================================================================
Received Import Request.
  Time since last request: 12.235017 seconds.
  path: Assets/Material/Obstacles/NotesParticles.mat
  artifactKey: Guid(d154157828edca840a585056f95f275d) Importer(815301076,1909f56bfc062723c751e8b465ee728b)
Start importing Assets/Material/Obstacles/NotesParticles.mat using Guid(d154157828edca840a585056f95f275d) Importer(815301076,1909f56bfc062723c751e8b465ee728b) (PreviewImporter) -> (artifact id: '18706ecae7af3b34679365e92412fef8') in 0.0217472 seconds
Number of updated asset objects reloaded before import = 0Number of asset objects unloaded after import = 6

========================================================================
Received Import Request.
  Time since last request: 1.558745 seconds.
  path: Assets/Material/Obstacles/Gate 1.mat
  artifactKey: Guid(6f014927ea024e9479755d091c8c4bef) Importer(815301076,1909f56bfc062723c751e8b465ee728b)
Start importing Assets/Material/Obstacles/Gate 1.mat using Guid(6f014927ea024e9479755d091c8c4bef) Importer(815301076,1909f56bfc062723c751e8b465ee728b) (PreviewImporter) -> (artifact id: '7748f5c4a18298de7cc2bbc64161d612') in 0.0311969 seconds
Number of updated asset objects reloaded before import = 0Number of asset objects unloaded after import = 6

========================================================================
Received Import Request.
  Time since last request: 14.148202 seconds.
  path: Assets/Prefab/Obstacles/Gate.prefab
  artifactKey: Guid(3706dc0f2c38ba548ad54148407d1056) Importer(815301076,1909f56bfc062723c751e8b465ee728b)
Start importing Assets/Prefab/Obstacles/Gate.prefab using Guid(3706dc0f2c38ba548ad54148407d1056) Importer(815301076,1909f56bfc062723c751e8b465ee728b) (PreviewImporter) -> (artifact id: '8205f09c1534f69f6aa08c80d4ae4038') in 0.0417905 seconds
Number of updated asset objects reloaded before import = 0Number of asset objects unloaded after import = 8

========================================================================
Received Import Request.
  Time since last request: 0.000026 seconds.
  path: Assets/Prefab/Obstacles/TrunkExplosion.prefab
  artifactKey: Guid(468536840b6f09e43ad430616c80415e) Importer(815301076,1909f56bfc062723c751e8b465ee728b)
Start importing Assets/Prefab/Obstacles/TrunkExplosion.prefab using Guid(468536840b6f09e43ad430616c80415e) Importer(815301076,1909f56bfc062723c751e8b465ee728b) (PreviewImporter) -> (artifact id: 'a03705c1eee349f4e3c0fe78867f3faf') in 0.0163961 seconds
Number of updated asset objects reloaded before import = 0Number of asset objects unloaded after import = 20

========================================================================
Received Import Request.
  Time since last request: 15.520175 seconds.
  path: Assets/Prefab/Obstacles/Gate.prefab
  artifactKey: Guid(3706dc0f2c38ba548ad54148407d1056) Importer(815301076,1909f56bfc062723c751e8b465ee728b)
Start importing Assets/Prefab/Obstacles/Gate.prefab using Guid(3706dc0f2c38ba548ad54148407d1056) Importer(815301076,1909f56bfc062723c751e8b465ee728b) (PreviewImporter) -> (artifact id: 'de39dd46931ff336c78b5a26cb3ca0e6') in 0.0241603 seconds
Number of updated asset objects reloaded before import = 0Number of asset objects unloaded after import = 14

========================================================================
Received Import Request.
  Time since last request: 44.651046 seconds.
  path: Assets/Prefab/Obstacles/Gate.prefab
  artifactKey: Guid(3706dc0f2c38ba548ad54148407d1056) Importer(815301076,1909f56bfc062723c751e8b465ee728b)
Start importing Assets/Prefab/Obstacles/Gate.prefab using Guid(3706dc0f2c38ba548ad54148407d1056) Importer(815301076,1909f56bfc062723c751e8b465ee728b) (PreviewImporter) -> (artifact id: '6aeb3bfcb1ae93dd12aa9986215b6433') in 0.4406591 seconds
Number of updated asset objects reloaded before import = 0Number of asset objects unloaded after import = 14

========================================================================
Received Import Request.
  Time since last request: 155.752084 seconds.
  path: Assets/Prefab/Obstacles/Gate.prefab
  artifactKey: Guid(3706dc0f2c38ba548ad54148407d1056) Importer(815301076,1909f56bfc062723c751e8b465ee728b)
Start importing Assets/Prefab/Obstacles/Gate.prefab using Guid(3706dc0f2c38ba548ad54148407d1056) Importer(815301076,1909f56bfc062723c751e8b465ee728b) (PreviewImporter) -> (artifact id: '3208a7fb0a23bf8c64dfb930037a9d63') in 0.4615603 seconds
Number of updated asset objects reloaded before import = 0Number of asset objects unloaded after import = 14

========================================================================
Received Import Request.
  Time since last request: 76.509103 seconds.
  path: Assets/Prefab/Obstacles/Gate.prefab
  artifactKey: Guid(3706dc0f2c38ba548ad54148407d1056) Importer(815301076,1909f56bfc062723c751e8b465ee728b)
Start importing Assets/Prefab/Obstacles/Gate.prefab using Guid(3706dc0f2c38ba548ad54148407d1056) Importer(815301076,1909f56bfc062723c751e8b465ee728b) (PreviewImporter) -> (artifact id: '1b7cb68b7f081240baebd2eda0744fe7') in 0.4586048 seconds
Number of updated asset objects reloaded before import = 0Number of asset objects unloaded after import = 14

========================================================================
Received Import Request.
  Time since last request: 54.896581 seconds.
  path: Assets/TextMesh Pro/Resources/Fonts & Materials/Debug.asset
  artifactKey: Guid(28d5939253c2e35479cd2bfc9e96f1a6) Importer(815301076,1909f56bfc062723c751e8b465ee728b)
Start importing Assets/TextMesh Pro/Resources/Fonts & Materials/Debug.asset using Guid(28d5939253c2e35479cd2bfc9e96f1a6) Importer(815301076,1909f56bfc062723c751e8b465ee728b) (PreviewImporter) -> (artifact id: '6326dc8ceb50ab3087d6000e745d2cd1') in 0.0400318 seconds
Number of updated asset objects reloaded before import = 0Number of asset objects unloaded after import = 6

========================================================================
Received Import Request.
  Time since last request: 42.879960 seconds.
  path: Assets/Prefab/Obstacles/Gate.prefab
  artifactKey: Guid(3706dc0f2c38ba548ad54148407d1056) Importer(815301076,1909f56bfc062723c751e8b465ee728b)
Start importing Assets/Prefab/Obstacles/Gate.prefab using Guid(3706dc0f2c38ba548ad54148407d1056) Importer(815301076,1909f56bfc062723c751e8b465ee728b) (PreviewImporter) -> (artifact id: '03436c52c59a5d3f903d2b4c8a259585') in 0.4745223 seconds
Number of updated asset objects reloaded before import = 0Number of asset objects unloaded after import = 14

========================================================================
Received Import Request.
  Time since last request: 160.155840 seconds.
  path: Assets/Prefab/Obstacles/Gate.prefab
  artifactKey: Guid(3706dc0f2c38ba548ad54148407d1056) Importer(815301076,1909f56bfc062723c751e8b465ee728b)
Start importing Assets/Prefab/Obstacles/Gate.prefab using Guid(3706dc0f2c38ba548ad54148407d1056) Importer(815301076,1909f56bfc062723c751e8b465ee728b) (PreviewImporter) -> (artifact id: '2a8c8aebcdbed2dfbe4bff436edcf9a7') in 0.4719 seconds
Number of updated asset objects reloaded before import = 0Number of asset objects unloaded after import = 14

========================================================================
Received Import Request.
  Time since last request: 141.777277 seconds.
  path: Assets/Prefab/Obstacles/Gate.prefab
  artifactKey: Guid(3706dc0f2c38ba548ad54148407d1056) Importer(815301076,1909f56bfc062723c751e8b465ee728b)
Start importing Assets/Prefab/Obstacles/Gate.prefab using Guid(3706dc0f2c38ba548ad54148407d1056) Importer(815301076,1909f56bfc062723c751e8b465ee728b) (PreviewImporter) -> (artifact id: 'd8a4cc4a04c73e3048482d11c5cef6f1') in 0.4270188 seconds
Number of updated asset objects reloaded before import = 0Number of asset objects unloaded after import = 14

========================================================================
Received Import Request.
  Time since last request: 312.091871 seconds.
  path: Assets/Shaders/Portal.shadergraph
  artifactKey: Guid(7f81e3499d0d81a42b3f9143ccfd1f04) Importer(815301076,1909f56bfc062723c751e8b465ee728b)
Start importing Assets/Shaders/Portal.shadergraph using Guid(7f81e3499d0d81a42b3f9143ccfd1f04) Importer(815301076,1909f56bfc062723c751e8b465ee728b) (PreviewImporter) -> (artifact id: '44c839df7d8790bdff933668de53cec6') in 0.0328895 seconds
Number of updated asset objects reloaded before import = 0Number of asset objects unloaded after import = 5

========================================================================
Received Import Request.
  Time since last request: 0.197372 seconds.
  path: Assets/Shaders/SimpleTransparent.shadergraph
  artifactKey: Guid(6f10eb01374b9a74eb26cc2a221ca0bb) Importer(815301076,1909f56bfc062723c751e8b465ee728b)
Start importing Assets/Shaders/SimpleTransparent.shadergraph using Guid(6f10eb01374b9a74eb26cc2a221ca0bb) Importer(815301076,1909f56bfc062723c751e8b465ee728b) (PreviewImporter) -> (artifact id: '680b0575c4950bd5cfd3902bc84f2aff') in 0.0177253 seconds
Number of updated asset objects reloaded before import = 0Number of asset objects unloaded after import = 4

========================================================================
Received Import Request.
  Time since last request: 313.043066 seconds.
  path: Assets/Prefab/Obstacles/Gate.prefab
  artifactKey: Guid(3706dc0f2c38ba548ad54148407d1056) Importer(815301076,1909f56bfc062723c751e8b465ee728b)
Start importing Assets/Prefab/Obstacles/Gate.prefab using Guid(3706dc0f2c38ba548ad54148407d1056) Importer(815301076,1909f56bfc062723c751e8b465ee728b) (PreviewImporter) -> (artifact id: '0bf3740166f0b56cf5a60d79348cf6b2') in 0.029018 seconds
Number of updated asset objects reloaded before import = 0Number of asset objects unloaded after import = 16

========================================================================
Received Import Request.
  Time since last request: 492.097225 seconds.
  path: Assets/Textures/gateMask.png
  artifactKey: Guid(deca456c78a2e2647be70076cadabe24) Importer(815301076,1909f56bfc062723c751e8b465ee728b)
Start importing Assets/Textures/gateMask.png using Guid(deca456c78a2e2647be70076cadabe24) Importer(815301076,1909f56bfc062723c751e8b465ee728b) (PreviewImporter) -> (artifact id: '66f675be888a9559fbeef3a4d6a50e36') in 0.0173813 seconds
Number of updated asset objects reloaded before import = 0Number of asset objects unloaded after import = 2

========================================================================
Received Import Request.
  Time since last request: 16.129215 seconds.
  path: Assets/Textures/gateMask.png
  artifactKey: Guid(deca456c78a2e2647be70076cadabe24) Importer(815301076,1909f56bfc062723c751e8b465ee728b)
Start importing Assets/Textures/gateMask.png using Guid(deca456c78a2e2647be70076cadabe24) Importer(815301076,1909f56bfc062723c751e8b465ee728b) (PreviewImporter) -> (artifact id: 'a509a053ce2e84bfc30dca7cdd5e2640') in 0.0320873 seconds
Number of updated asset objects reloaded before import = 0Number of asset objects unloaded after import = 3

========================================================================
Received Import Request.
  Time since last request: 575.041341 seconds.
  path: Assets/Models/Gate.fbx
  artifactKey: Guid(7e5d0a9c21ec9b748bd99b713c233387) Importer(815301076,1909f56bfc062723c751e8b465ee728b)
Start importing Assets/Models/Gate.fbx using Guid(7e5d0a9c21ec9b748bd99b713c233387) Importer(815301076,1909f56bfc062723c751e8b465ee728b) (PreviewImporter) -> (artifact id: 'bb2534240a5d5ddee97de56e8d60ee99') in 0.0421712 seconds
Number of updated asset objects reloaded before import = 0Number of asset objects unloaded after import = 7

========================================================================
Received Import Request.
  Time since last request: 306.418643 seconds.
  path: Assets/Models/Gate.fbx
  artifactKey: Guid(7e5d0a9c21ec9b748bd99b713c233387) Importer(815301076,1909f56bfc062723c751e8b465ee728b)
Start importing Assets/Models/Gate.fbx using Guid(7e5d0a9c21ec9b748bd99b713c233387) Importer(815301076,1909f56bfc062723c751e8b465ee728b) (PreviewImporter) -> (artifact id: '7af0314998bb11d8529e98af3eff1fa2') in 0.0385352 seconds
Number of updated asset objects reloaded before import = 0Number of asset objects unloaded after import = 7

========================================================================
Received Import Request.
  Time since last request: 40.060648 seconds.
  path: Assets/Material/Obstacles/Gate.mat
  artifactKey: Guid(6f014927ea024e9479755d091c8c4bef) Importer(815301076,1909f56bfc062723c751e8b465ee728b)
Start importing Assets/Material/Obstacles/Gate.mat using Guid(6f014927ea024e9479755d091c8c4bef) Importer(815301076,1909f56bfc062723c751e8b465ee728b) (PreviewImporter) -> (artifact id: '22acd8fbd4c735e569d6811d6f85b706') in 0.3305809 seconds
Number of updated asset objects reloaded before import = 0Number of asset objects unloaded after import = 7

========================================================================
Received Import Request.
  Time since last request: 11.458298 seconds.
  path: Assets/Material/Obstacles/Trunk Variant 1.mat
  artifactKey: Guid(b44b4cfc76b7c2f4f974d5da37fc6f6b) Importer(815301076,1909f56bfc062723c751e8b465ee728b)
Start importing Assets/Material/Obstacles/Trunk Variant 1.mat using Guid(b44b4cfc76b7c2f4f974d5da37fc6f6b) Importer(815301076,1909f56bfc062723c751e8b465ee728b) (PreviewImporter) -> (artifact id: 'bf314319d56a8af6a67019769361207d') in 0.0161523 seconds
Number of updated asset objects reloaded before import = 0Number of asset objects unloaded after import = 8

========================================================================
Received Import Request.
  Time since last request: 6.526103 seconds.
  path: Assets/Material/Obstacles/GateCanvas.mat
  artifactKey: Guid(b44b4cfc76b7c2f4f974d5da37fc6f6b) Importer(815301076,1909f56bfc062723c751e8b465ee728b)
Start importing Assets/Material/Obstacles/GateCanvas.mat using Guid(b44b4cfc76b7c2f4f974d5da37fc6f6b) Importer(815301076,1909f56bfc062723c751e8b465ee728b) (PreviewImporter) -> (artifact id: '92047bcdacc300cc2b5338d5786200fc') in 0.0150935 seconds
Number of updated asset objects reloaded before import = 0Number of asset objects unloaded after import = 8

========================================================================
Received Import Request.
  Time since last request: 29.091633 seconds.
  path: Assets/Material/Obstacles/GateCanvas.mat
  artifactKey: Guid(b44b4cfc76b7c2f4f974d5da37fc6f6b) Importer(815301076,1909f56bfc062723c751e8b465ee728b)
Start importing Assets/Material/Obstacles/GateCanvas.mat using Guid(b44b4cfc76b7c2f4f974d5da37fc6f6b) Importer(815301076,1909f56bfc062723c751e8b465ee728b) (PreviewImporter) -> (artifact id: '33219cccc4caffb68bbc36ca52a6f81c') in 0.0164635 seconds
Number of updated asset objects reloaded before import = 0Number of asset objects unloaded after import = 8

========================================================================
Received Import Request.
  Time since last request: 47.239523 seconds.
  path: Assets/Material/Obstacles/Gate.mat
  artifactKey: Guid(6f014927ea024e9479755d091c8c4bef) Importer(815301076,1909f56bfc062723c751e8b465ee728b)
Start importing Assets/Material/Obstacles/Gate.mat using Guid(6f014927ea024e9479755d091c8c4bef) Importer(815301076,1909f56bfc062723c751e8b465ee728b) (PreviewImporter) -> (artifact id: '83f3d356927ad0be020a8f56bb98ea74') in 0.4866655 seconds
Number of updated asset objects reloaded before import = 0Number of asset objects unloaded after import = 7

========================================================================
Received Import Request.
  Time since last request: 8.760721 seconds.
  path: Assets/Material/Obstacles/Gate.mat
  artifactKey: Guid(6f014927ea024e9479755d091c8c4bef) Importer(815301076,1909f56bfc062723c751e8b465ee728b)
Start importing Assets/Material/Obstacles/Gate.mat using Guid(6f014927ea024e9479755d091c8c4bef) Importer(815301076,1909f56bfc062723c751e8b465ee728b) (PreviewImporter) -> (artifact id: '8e734266858bdadcc96d113d3f9c0720') in 0.4793961 seconds
Number of updated asset objects reloaded before import = 0Number of asset objects unloaded after import = 7

========================================================================
Received Import Request.
  Time since last request: 36.229781 seconds.
  path: Assets/Material/Obstacles/Gate.mat
  artifactKey: Guid(6f014927ea024e9479755d091c8c4bef) Importer(815301076,1909f56bfc062723c751e8b465ee728b)
Start importing Assets/Material/Obstacles/Gate.mat using Guid(6f014927ea024e9479755d091c8c4bef) Importer(815301076,1909f56bfc062723c751e8b465ee728b) (PreviewImporter) -> (artifact id: '4f6582f79a2a1c96cfd3e589650f9b35') in 0.3291464 seconds
Number of updated asset objects reloaded before import = 0Number of asset objects unloaded after import = 7

========================================================================
Received Import Request.
  Time since last request: 16.198527 seconds.
  path: Assets/Material/Obstacles/Gate.mat
  artifactKey: Guid(6f014927ea024e9479755d091c8c4bef) Importer(815301076,1909f56bfc062723c751e8b465ee728b)
Start importing Assets/Material/Obstacles/Gate.mat using Guid(6f014927ea024e9479755d091c8c4bef) Importer(815301076,1909f56bfc062723c751e8b465ee728b) (PreviewImporter) -> (artifact id: '82d7a66cd1b6659d21b7454118633c60') in 0.3253376 seconds
Number of updated asset objects reloaded before import = 0Number of asset objects unloaded after import = 7

========================================================================
Received Import Request.
  Time since last request: 38.963256 seconds.
  path: Assets/Material/Obstacles/Gate.mat
  artifactKey: Guid(6f014927ea024e9479755d091c8c4bef) Importer(815301076,1909f56bfc062723c751e8b465ee728b)
Start importing Assets/Material/Obstacles/Gate.mat using Guid(6f014927ea024e9479755d091c8c4bef) Importer(815301076,1909f56bfc062723c751e8b465ee728b) (PreviewImporter) -> (artifact id: '4984eb0f091fb8a97db1100ec38d1814') in 0.3304011 seconds
Number of updated asset objects reloaded before import = 0Number of asset objects unloaded after import = 7

========================================================================
Received Import Request.
  Time since last request: 26.462970 seconds.
  path: Assets/Material/Obstacles/Gate.mat
  artifactKey: Guid(6f014927ea024e9479755d091c8c4bef) Importer(815301076,1909f56bfc062723c751e8b465ee728b)
Start importing Assets/Material/Obstacles/Gate.mat using Guid(6f014927ea024e9479755d091c8c4bef) Importer(815301076,1909f56bfc062723c751e8b465ee728b) (PreviewImporter) -> (artifact id: 'e655b6d4682ad8954fc058ad44edd034') in 0.3164995 seconds
Number of updated asset objects reloaded before import = 0Number of asset objects unloaded after import = 7

========================================================================
Received Import Request.
  Time since last request: 50.978279 seconds.
  path: Assets/Material/Obstacles/Gate.mat
  artifactKey: Guid(6f014927ea024e9479755d091c8c4bef) Importer(815301076,1909f56bfc062723c751e8b465ee728b)
Start importing Assets/Material/Obstacles/Gate.mat using Guid(6f014927ea024e9479755d091c8c4bef) Importer(815301076,1909f56bfc062723c751e8b465ee728b) (PreviewImporter) -> (artifact id: '1892d9b6602e6de23d1d098952d9c5e3') in 0.3123122 seconds
Number of updated asset objects reloaded before import = 0Number of asset objects unloaded after import = 7

========================================================================
Received Import Request.
  Time since last request: 7.695485 seconds.
  path: Assets/Material/Obstacles/Gate.mat
  artifactKey: Guid(6f014927ea024e9479755d091c8c4bef) Importer(815301076,1909f56bfc062723c751e8b465ee728b)
Start importing Assets/Material/Obstacles/Gate.mat using Guid(6f014927ea024e9479755d091c8c4bef) Importer(815301076,1909f56bfc062723c751e8b465ee728b) (PreviewImporter) -> (artifact id: '7e9e17bcedbba87ad0e2844043824941') in 0.3258467 seconds
Number of updated asset objects reloaded before import = 0Number of asset objects unloaded after import = 7

========================================================================
Received Import Request.
  Time since last request: 5.933505 seconds.
  path: Assets/Material/Obstacles/Gate.mat
  artifactKey: Guid(6f014927ea024e9479755d091c8c4bef) Importer(815301076,1909f56bfc062723c751e8b465ee728b)
Start importing Assets/Material/Obstacles/Gate.mat using Guid(6f014927ea024e9479755d091c8c4bef) Importer(815301076,1909f56bfc062723c751e8b465ee728b) (PreviewImporter) -> (artifact id: 'ddf8edc7972c580db3284cbcd74675c5') in 0.0310522 seconds
Number of updated asset objects reloaded before import = 0Number of asset objects unloaded after import = 7

========================================================================
Received Import Request.
  Time since last request: 12.443431 seconds.
  path: Assets/Material/Obstacles/Gate.mat
  artifactKey: Guid(6f014927ea024e9479755d091c8c4bef) Importer(815301076,1909f56bfc062723c751e8b465ee728b)
Start importing Assets/Material/Obstacles/Gate.mat using Guid(6f014927ea024e9479755d091c8c4bef) Importer(815301076,1909f56bfc062723c751e8b465ee728b) (PreviewImporter) -> (artifact id: '5737ecdbfbf04de8cd4652d1ac8c0d60') in 0.3042306 seconds
Number of updated asset objects reloaded before import = 0Number of asset objects unloaded after import = 7

========================================================================
Received Import Request.
  Time since last request: 89.533603 seconds.
  path: Assets/Material/Obstacles/Gate.mat
  artifactKey: Guid(6f014927ea024e9479755d091c8c4bef) Importer(815301076,1909f56bfc062723c751e8b465ee728b)
Start importing Assets/Material/Obstacles/Gate.mat using Guid(6f014927ea024e9479755d091c8c4bef) Importer(815301076,1909f56bfc062723c751e8b465ee728b) (PreviewImporter) -> (artifact id: '0246fc3f43d93e498faf0782028c6f13') in 0.0283673 seconds
Number of updated asset objects reloaded before import = 0Number of asset objects unloaded after import = 7

========================================================================
Received Import Request.
  Time since last request: 29.063331 seconds.
  path: Assets/Material/Obstacles/Gate.mat
  artifactKey: Guid(6f014927ea024e9479755d091c8c4bef) Importer(815301076,1909f56bfc062723c751e8b465ee728b)
Start importing Assets/Material/Obstacles/Gate.mat using Guid(6f014927ea024e9479755d091c8c4bef) Importer(815301076,1909f56bfc062723c751e8b465ee728b) (PreviewImporter) -> (artifact id: '6248b81761732f149acfda3898099db2') in 0.0304722 seconds
Number of updated asset objects reloaded before import = 0Number of asset objects unloaded after import = 7

========================================================================
Received Import Request.
  Time since last request: 8.731681 seconds.
  path: Assets/Material/Obstacles/Gate.mat
  artifactKey: Guid(6f014927ea024e9479755d091c8c4bef) Importer(815301076,1909f56bfc062723c751e8b465ee728b)
Start importing Assets/Material/Obstacles/Gate.mat using Guid(6f014927ea024e9479755d091c8c4bef) Importer(815301076,1909f56bfc062723c751e8b465ee728b) (PreviewImporter) -> (artifact id: '73dc6d580d885cad12ba0f19b1eba844') in 0.3081978 seconds
Number of updated asset objects reloaded before import = 0Number of asset objects unloaded after import = 7

========================================================================
Received Import Request.
  Time since last request: 7.652034 seconds.
  path: Assets/Material/Obstacles/Gate.mat
  artifactKey: Guid(6f014927ea024e9479755d091c8c4bef) Importer(815301076,1909f56bfc062723c751e8b465ee728b)
Start importing Assets/Material/Obstacles/Gate.mat using Guid(6f014927ea024e9479755d091c8c4bef) Importer(815301076,1909f56bfc062723c751e8b465ee728b) (PreviewImporter) -> (artifact id: 'b3a7bf4226c7f659e11439d71ef22343') in 0.2963564 seconds
Number of updated asset objects reloaded before import = 0Number of asset objects unloaded after import = 7

========================================================================
Received Import Request.
  Time since last request: 351.111219 seconds.
  path: Assets/Material/Obstacles/Gate.mat
  artifactKey: Guid(6f014927ea024e9479755d091c8c4bef) Importer(815301076,1909f56bfc062723c751e8b465ee728b)
Start importing Assets/Material/Obstacles/Gate.mat using Guid(6f014927ea024e9479755d091c8c4bef) Importer(815301076,1909f56bfc062723c751e8b465ee728b) (PreviewImporter) -> (artifact id: '43c90ed1bfd2d4ef6b4c46924fec7720') in 0.2966019 seconds
Number of updated asset objects reloaded before import = 0Number of asset objects unloaded after import = 7

========================================================================
Received Import Request.
  Time since last request: 96.917277 seconds.
  path: Assets/Material/Obstacles/Gate.mat
  artifactKey: Guid(6f014927ea024e9479755d091c8c4bef) Importer(815301076,1909f56bfc062723c751e8b465ee728b)
Start importing Assets/Material/Obstacles/Gate.mat using Guid(6f014927ea024e9479755d091c8c4bef) Importer(815301076,1909f56bfc062723c751e8b465ee728b) (PreviewImporter) -> (artifact id: '6187a7e9fd1ad0e81ade0e8a71e69fe2') in 0.0230441 seconds
Number of updated asset objects reloaded before import = 0Number of asset objects unloaded after import = 7

========================================================================
Received Prepare
Refreshing native plugins compatible for Editor in 1.05 ms, found 3 plugins.
Preloading 0 native plugins for Editor in 0.00 ms.
Unloading 33 Unused Serialized files (Serialized files now loaded: 0)
Unloading 6025 unused Assets / (7.3 MB). Loaded Objects now: 6906.
Memory consumption went from 227.7 MB to 220.4 MB.
Total: 32.123300 ms (FindLiveObjects: 0.778200 ms CreateObjectMapping: 1.186700 ms MarkObjects: 10.329700 ms  DeleteObjects: 19.827100 ms)

Prepare: number of updated asset objects reloaded= 0
========================================================================
Received Prepare
Begin MonoManager ReloadAssembly
- Loaded All Assemblies, in  0.590 seconds
Refreshing native plugins compatible for Editor in 0.41 ms, found 3 plugins.
Native extension for Android target not found
Native extension for UWP target not found
Native extension for WindowsStandalone target not found
Native extension for WebGL target not found
Mono: successfully reloaded assembly
- Finished resetting the current domain, in  0.635 seconds
Domain Reload Profiling: 1227ms
	BeginReloadAssembly (182ms)
		ExecutionOrderSort (0ms)
		DisableScriptedObjects (18ms)
		BackupInstance (0ms)
		ReleaseScriptingObjects (0ms)
		CreateAndSetChildDomain (47ms)
	RebuildCommonClasses (29ms)
	RebuildNativeTypeToScriptingClass (15ms)
	initialDomainReloadingComplete (22ms)
	LoadAllAssembliesAndSetupDomain (343ms)
		LoadAssemblies (267ms)
		RebuildTransferFunctionScriptingTraits (0ms)
		AnalyzeDomain (158ms)
			TypeCache.Refresh (8ms)
				TypeCache.ScanAssembly (1ms)
			BuildScriptInfoCaches (137ms)
			ResolveRequiredComponents (9ms)
	FinalizeReload (636ms)
		ReleaseScriptCaches (0ms)
		RebuildScriptCaches (0ms)
		SetupLoadedEditorAssemblies (426ms)
			LogAssemblyErrors (0ms)
			InitializePlatformSupportModulesInManaged (11ms)
			SetLoadedEditorAssemblies (3ms)
			BeforeProcessingInitializeOnLoad (79ms)
			ProcessInitializeOnLoadAttributes (289ms)
			ProcessInitializeOnLoadMethodAttributes (42ms)
			AfterProcessingInitializeOnLoad (2ms)
			EditorAssembliesLoaded (0ms)
		ExecutionOrderSort2 (0ms)
		AwakeInstancesAfterBackupRestoration (11ms)
Refreshing native plugins compatible for Editor in 0.85 ms, found 3 plugins.
Preloading 0 native plugins for Editor in 0.00 ms.
Unloading 42 Unused Serialized files (Serialized files now loaded: 0)
Unloading 6030 unused Assets / (6.7 MB). Loaded Objects now: 6807.
Memory consumption went from 241.5 MB to 234.8 MB.
Total: 10.493400 ms (FindLiveObjects: 0.604700 ms CreateObjectMapping: 0.706600 ms MarkObjects: 5.397100 ms  DeleteObjects: 3.783600 ms)

Prepare: number of updated asset objects reloaded= 0
========================================================================
Received Prepare
Begin MonoManager ReloadAssembly
- Loaded All Assemblies, in  0.553 seconds
Refreshing native plugins compatible for Editor in 0.45 ms, found 3 plugins.
Native extension for Android target not found
Native extension for UWP target not found
Native extension for WindowsStandalone target not found
Native extension for WebGL target not found
Mono: successfully reloaded assembly
- Finished resetting the current domain, in  0.589 seconds
Domain Reload Profiling: 1143ms
	BeginReloadAssembly (161ms)
		ExecutionOrderSort (0ms)
		DisableScriptedObjects (6ms)
		BackupInstance (0ms)
		ReleaseScriptingObjects (0ms)
		CreateAndSetChildDomain (36ms)
	RebuildCommonClasses (31ms)
	RebuildNativeTypeToScriptingClass (13ms)
	initialDomainReloadingComplete (21ms)
	LoadAllAssembliesAndSetupDomain (328ms)
		LoadAssemblies (262ms)
		RebuildTransferFunctionScriptingTraits (0ms)
		AnalyzeDomain (149ms)
			TypeCache.Refresh (6ms)
				TypeCache.ScanAssembly (0ms)
			BuildScriptInfoCaches (129ms)
			ResolveRequiredComponents (9ms)
	FinalizeReload (589ms)
		ReleaseScriptCaches (0ms)
		RebuildScriptCaches (0ms)
		SetupLoadedEditorAssemblies (418ms)
			LogAssemblyErrors (0ms)
			InitializePlatformSupportModulesInManaged (10ms)
			SetLoadedEditorAssemblies (3ms)
			BeforeProcessingInitializeOnLoad (82ms)
			ProcessInitializeOnLoadAttributes (278ms)
			ProcessInitializeOnLoadMethodAttributes (43ms)
			AfterProcessingInitializeOnLoad (2ms)
			EditorAssembliesLoaded (0ms)
		ExecutionOrderSort2 (0ms)
		AwakeInstancesAfterBackupRestoration (10ms)
Refreshing native plugins compatible for Editor in 0.94 ms, found 3 plugins.
Preloading 0 native plugins for Editor in 0.00 ms.
Unloading 32 Unused Serialized files (Serialized files now loaded: 0)
Unloading 6030 unused Assets / (6.6 MB). Loaded Objects now: 6809.
Memory consumption went from 239.6 MB to 232.9 MB.
Total: 12.894900 ms (FindLiveObjects: 0.764800 ms CreateObjectMapping: 0.797800 ms MarkObjects: 6.756800 ms  DeleteObjects: 4.574200 ms)

Prepare: number of updated asset objects reloaded= 0
========================================================================
Received Import Request.
  Time since last request: 516.869448 seconds.
  path: Assets/Scripts/Utiilities/EditorMisc.cs
  artifactKey: Guid(d425ee2a2abda584da3efb2c664cc55c) Importer(815301076,1909f56bfc062723c751e8b465ee728b)
Start importing Assets/Scripts/Utiilities/EditorMisc.cs using Guid(d425ee2a2abda584da3efb2c664cc55c) Importer(815301076,1909f56bfc062723c751e8b465ee728b) (PreviewImporter) -> (artifact id: '20afa062efd676d316e3804930a125ce') in 0.0247841 seconds
Number of updated asset objects reloaded before import = 0Number of asset objects unloaded after import = 0

========================================================================
Received Import Request.
  Time since last request: 37.100966 seconds.
  path: Assets/Scripts/Utiilities/Pattern.cs
  artifactKey: Guid(c1351b231ae09da47bdbde422780655e) Importer(815301076,1909f56bfc062723c751e8b465ee728b)
Start importing Assets/Scripts/Utiilities/Pattern.cs using Guid(c1351b231ae09da47bdbde422780655e) Importer(815301076,1909f56bfc062723c751e8b465ee728b) (PreviewImporter) -> (artifact id: '5a84d54c4d22cc58313192a7686a59dc') in 0.0005956 seconds
Number of updated asset objects reloaded before import = 0Number of asset objects unloaded after import = 0

========================================================================
Received Import Request.
  Time since last request: 11.355351 seconds.
  path: Assets/Scripts/Utiilities/Tools.cs
  artifactKey: Guid(789cecb6239709e45a83a630ce58edc7) Importer(815301076,1909f56bfc062723c751e8b465ee728b)
Start importing Assets/Scripts/Utiilities/Tools.cs using Guid(789cecb6239709e45a83a630ce58edc7) Importer(815301076,1909f56bfc062723c751e8b465ee728b) (PreviewImporter) -> (artifact id: 'b384e255842bcdccf478437c95afee65') in 0.0004989 seconds
Number of updated asset objects reloaded before import = 0Number of asset objects unloaded after import = 0

========================================================================
Received Import Request.
  Time since last request: 160.756518 seconds.
  path: Assets/Scripts/Utiilities/BiomesManager.cs
  artifactKey: Guid(93e7baa7a6c7ac2459440a6bc789e56a) Importer(815301076,1909f56bfc062723c751e8b465ee728b)
Start importing Assets/Scripts/Utiilities/BiomesManager.cs using Guid(93e7baa7a6c7ac2459440a6bc789e56a) Importer(815301076,1909f56bfc062723c751e8b465ee728b) (PreviewImporter) -> (artifact id: 'a3ab91bb8c6bb3f7cf20997e02255475') in 0.0005818 seconds
Number of updated asset objects reloaded before import = 0Number of asset objects unloaded after import = 0

========================================================================
Received Import Request.
  Time since last request: 24.875185 seconds.
  path: Assets/CoursTrigger.cs
  artifactKey: Guid(fd4ccb4bea8d64a4ca65bac4299910d1) Importer(815301076,1909f56bfc062723c751e8b465ee728b)
Start importing Assets/CoursTrigger.cs using Guid(fd4ccb4bea8d64a4ca65bac4299910d1) Importer(815301076,1909f56bfc062723c751e8b465ee728b) (PreviewImporter) -> (artifact id: '3c6d6e6a497046409bb639249d98851b') in 0.0005942 seconds
Number of updated asset objects reloaded before import = 0Number of asset objects unloaded after import = 0

========================================================================
Received Import Request.
  Time since last request: 0.933327 seconds.
  path: Assets/CoursGlobal.cs
  artifactKey: Guid(40bd4ad11ff9f124d9ebd1b2699de2fb) Importer(815301076,1909f56bfc062723c751e8b465ee728b)
Start importing Assets/CoursGlobal.cs using Guid(40bd4ad11ff9f124d9ebd1b2699de2fb) Importer(815301076,1909f56bfc062723c751e8b465ee728b) (PreviewImporter) -> (artifact id: '6b807cf37f336827ab3702778dd4f65c') in 0.0004977 seconds
Number of updated asset objects reloaded before import = 0Number of asset objects unloaded after import = 0

========================================================================
Received Import Request.
  Time since last request: 0.956458 seconds.
  path: Assets/Cours_player.cs
  artifactKey: Guid(0cfa05378725f234e968ba083ab4b85d) Importer(815301076,1909f56bfc062723c751e8b465ee728b)
Start importing Assets/Cours_player.cs using Guid(0cfa05378725f234e968ba083ab4b85d) Importer(815301076,1909f56bfc062723c751e8b465ee728b) (PreviewImporter) -> (artifact id: '32d570351c8cea1c9ffc9bcd7bd9101d') in 0.000487 seconds
Number of updated asset objects reloaded before import = 0Number of asset objects unloaded after import = 0

========================================================================
Received Import Request.
  Time since last request: 11.008757 seconds.
  path: Assets/piece_cours.cs
  artifactKey: Guid(cb2faa80b02289b45aba06e279628249) Importer(815301076,1909f56bfc062723c751e8b465ee728b)
Start importing Assets/piece_cours.cs using Guid(cb2faa80b02289b45aba06e279628249) Importer(815301076,1909f56bfc062723c751e8b465ee728b) (PreviewImporter) -> (artifact id: '682c259e11122086d1471cd2680e7b9c') in 0.0005374 seconds
Number of updated asset objects reloaded before import = 0Number of asset objects unloaded after import = 0

========================================================================
Received Import Request.
  Time since last request: 0.619788 seconds.
  path: Assets/ScyllaAttack2.cs
  artifactKey: Guid(720d295843856704cbb8c9de89750765) Importer(815301076,1909f56bfc062723c751e8b465ee728b)
Start importing Assets/ScyllaAttack2.cs using Guid(720d295843856704cbb8c9de89750765) Importer(815301076,1909f56bfc062723c751e8b465ee728b) (PreviewImporter) -> (artifact id: 'db4a4ef651c12fc8064634c9d61de25b') in 0.000478 seconds
Number of updated asset objects reloaded before import = 0Number of asset objects unloaded after import = 0

========================================================================
Received Prepare
Refreshing native plugins compatible for Editor in 0.93 ms, found 3 plugins.
Preloading 0 native plugins for Editor in 0.00 ms.
Unloading 32 Unused Serialized files (Serialized files now loaded: 0)
Unloading 6023 unused Assets / (6.8 MB). Loaded Objects now: 6809.
Memory consumption went from 239.8 MB to 233.0 MB.
Total: 12.924500 ms (FindLiveObjects: 0.641200 ms CreateObjectMapping: 0.789700 ms MarkObjects: 7.178700 ms  DeleteObjects: 4.312900 ms)

Prepare: number of updated asset objects reloaded= 0
========================================================================
Received Prepare
Begin MonoManager ReloadAssembly
- Loaded All Assemblies, in  0.568 seconds
Refreshing native plugins compatible for Editor in 0.47 ms, found 3 plugins.
Native extension for Android target not found
Native extension for UWP target not found
Native extension for WindowsStandalone target not found
Native extension for WebGL target not found
Mono: successfully reloaded assembly
- Finished resetting the current domain, in  0.642 seconds
Domain Reload Profiling: 1212ms
	BeginReloadAssembly (164ms)
		ExecutionOrderSort (0ms)
		DisableScriptedObjects (6ms)
		BackupInstance (0ms)
		ReleaseScriptingObjects (0ms)
		CreateAndSetChildDomain (40ms)
	RebuildCommonClasses (30ms)
	RebuildNativeTypeToScriptingClass (11ms)
	initialDomainReloadingComplete (26ms)
	LoadAllAssembliesAndSetupDomain (338ms)
		LoadAssemblies (265ms)
		RebuildTransferFunctionScriptingTraits (0ms)
		AnalyzeDomain (153ms)
			TypeCache.Refresh (10ms)
				TypeCache.ScanAssembly (1ms)
			BuildScriptInfoCaches (132ms)
			ResolveRequiredComponents (9ms)
	FinalizeReload (643ms)
		ReleaseScriptCaches (0ms)
		RebuildScriptCaches (0ms)
		SetupLoadedEditorAssemblies (458ms)
			LogAssemblyErrors (0ms)
			InitializePlatformSupportModulesInManaged (10ms)
			SetLoadedEditorAssemblies (3ms)
			BeforeProcessingInitializeOnLoad (76ms)
			ProcessInitializeOnLoadAttributes (318ms)
			ProcessInitializeOnLoadMethodAttributes (48ms)
			AfterProcessingInitializeOnLoad (3ms)
			EditorAssembliesLoaded (0ms)
		ExecutionOrderSort2 (0ms)
		AwakeInstancesAfterBackupRestoration (10ms)
Refreshing native plugins compatible for Editor in 0.85 ms, found 3 plugins.
Preloading 0 native plugins for Editor in 0.00 ms.
Unloading 32 Unused Serialized files (Serialized files now loaded: 0)
Unloading 6030 unused Assets / (7.0 MB). Loaded Objects now: 6811.
Memory consumption went from 239.6 MB to 232.6 MB.
Total: 11.659400 ms (FindLiveObjects: 0.668500 ms CreateObjectMapping: 0.754700 ms MarkObjects: 5.430500 ms  DeleteObjects: 4.804400 ms)

Prepare: number of updated asset objects reloaded= 0
========================================================================
Received Prepare
Begin MonoManager ReloadAssembly
- Loaded All Assemblies, in  0.559 seconds
Refreshing native plugins compatible for Editor in 0.71 ms, found 3 plugins.
Native extension for Android target not found
Native extension for UWP target not found
Native extension for WindowsStandalone target not found
Native extension for WebGL target not found
Mono: successfully reloaded assembly
- Finished resetting the current domain, in  0.602 seconds
Domain Reload Profiling: 1162ms
	BeginReloadAssembly (165ms)
		ExecutionOrderSort (0ms)
		DisableScriptedObjects (6ms)
		BackupInstance (0ms)
		ReleaseScriptingObjects (0ms)
		CreateAndSetChildDomain (39ms)
	RebuildCommonClasses (29ms)
	RebuildNativeTypeToScriptingClass (12ms)
	initialDomainReloadingComplete (26ms)
	LoadAllAssembliesAndSetupDomain (328ms)
		LoadAssemblies (254ms)
		RebuildTransferFunctionScriptingTraits (0ms)
		AnalyzeDomain (158ms)
			TypeCache.Refresh (8ms)
				TypeCache.ScanAssembly (0ms)
			BuildScriptInfoCaches (134ms)
			ResolveRequiredComponents (13ms)
	FinalizeReload (603ms)
		ReleaseScriptCaches (0ms)
		RebuildScriptCaches (0ms)
		SetupLoadedEditorAssemblies (418ms)
			LogAssemblyErrors (0ms)
			InitializePlatformSupportModulesInManaged (10ms)
			SetLoadedEditorAssemblies (4ms)
			BeforeProcessingInitializeOnLoad (77ms)
			ProcessInitializeOnLoadAttributes (278ms)
			ProcessInitializeOnLoadMethodAttributes (46ms)
			AfterProcessingInitializeOnLoad (2ms)
			EditorAssembliesLoaded (0ms)
		ExecutionOrderSort2 (0ms)
		AwakeInstancesAfterBackupRestoration (12ms)
Refreshing native plugins compatible for Editor in 0.79 ms, found 3 plugins.
Preloading 0 native plugins for Editor in 0.00 ms.
Unloading 32 Unused Serialized files (Serialized files now loaded: 0)
Unloading 6030 unused Assets / (6.7 MB). Loaded Objects now: 6813.
Memory consumption went from 239.6 MB to 232.9 MB.
Total: 12.491300 ms (FindLiveObjects: 0.848700 ms CreateObjectMapping: 0.807900 ms MarkObjects: 6.035500 ms  DeleteObjects: 4.797500 ms)

Prepare: number of updated asset objects reloaded= 0
========================================================================
Received Import Request.
  Time since last request: 391.994955 seconds.
  path: Assets/Shaders/MermaidHallo.shadergraph
  artifactKey: Guid(606b2368652ad2d4c97870f49baa9b77) Importer(815301076,1909f56bfc062723c751e8b465ee728b)
Start importing Assets/Shaders/MermaidHallo.shadergraph using Guid(606b2368652ad2d4c97870f49baa9b77) Importer(815301076,1909f56bfc062723c751e8b465ee728b) (PreviewImporter) -> (artifact id: '6b0631de5e8ae4f465d9bbaa77cc4942') in 0.6724979 seconds
Number of updated asset objects reloaded before import = 1Number of asset objects unloaded after import = 5

========================================================================
Received Import Request.
  Time since last request: 15.297278 seconds.
  path: Assets/Shaders/ParticlesTransparent 1.shadergraph
  artifactKey: Guid(11efd326249707947999a53a6c3e2e47) Importer(815301076,1909f56bfc062723c751e8b465ee728b)
Start importing Assets/Shaders/ParticlesTransparent 1.shadergraph using Guid(11efd326249707947999a53a6c3e2e47) Importer(815301076,1909f56bfc062723c751e8b465ee728b) (PreviewImporter) -> (artifact id: '26a8a903ad7fd447f2f4013cf5603570') in 0.1357026 seconds
Number of updated asset objects reloaded before import = 0Number of asset objects unloaded after import = 2

========================================================================
Received Import Request.
  Time since last request: 24.479986 seconds.
  path: Assets/Shaders/ScyllaBody.shadergraph
  artifactKey: Guid(11efd326249707947999a53a6c3e2e47) Importer(815301076,1909f56bfc062723c751e8b465ee728b)
Start importing Assets/Shaders/ScyllaBody.shadergraph using Guid(11efd326249707947999a53a6c3e2e47) Importer(815301076,1909f56bfc062723c751e8b465ee728b) (PreviewImporter) -> (artifact id: '1249900e88127edf5cbaf6638ba98b64') in 0.1433397 seconds
Number of updated asset objects reloaded before import = 0Number of asset objects unloaded after import = 2

========================================================================
Received Import Request.
  Time since last request: 32.636188 seconds.
  path: Assets/Shaders/SimpleTransparent 1.shadergraph
  artifactKey: Guid(d1cbcfa456d03d5488c8bbe6511d20e9) Importer(815301076,1909f56bfc062723c751e8b465ee728b)
Start importing Assets/Shaders/SimpleTransparent 1.shadergraph using Guid(d1cbcfa456d03d5488c8bbe6511d20e9) Importer(815301076,1909f56bfc062723c751e8b465ee728b) (PreviewImporter) -> (artifact id: '36ad1dc5b8bf3cad8d2549ddc6ef6235') in 0.4050641 seconds
Number of updated asset objects reloaded before import = 0Number of asset objects unloaded after import = 5

========================================================================
Received Import Request.
  Time since last request: 8.655508 seconds.
  path: Assets/Shaders/ScyllaBody.shadergraph
  artifactKey: Guid(6f10eb01374b9a74eb26cc2a221ca0bb) Importer(815301076,1909f56bfc062723c751e8b465ee728b)
Start importing Assets/Shaders/ScyllaBody.shadergraph using Guid(6f10eb01374b9a74eb26cc2a221ca0bb) Importer(815301076,1909f56bfc062723c751e8b465ee728b) (PreviewImporter) -> (artifact id: '74724d5d54e2f7616ade25489070a7c2') in 0.4071544 seconds
Number of updated asset objects reloaded before import = 1Number of asset objects unloaded after import = 4

========================================================================
Received Import Request.
  Time since last request: 29.499662 seconds.
  path: Assets/Shaders/ScyllaBody.shadergraph
  artifactKey: Guid(6f10eb01374b9a74eb26cc2a221ca0bb) Importer(815301076,1909f56bfc062723c751e8b465ee728b)
Start importing Assets/Shaders/ScyllaBody.shadergraph using Guid(6f10eb01374b9a74eb26cc2a221ca0bb) Importer(815301076,1909f56bfc062723c751e8b465ee728b) (PreviewImporter) -> (artifact id: '3a6de727124e152089ab94e4b5ea66cc') in 0.4033811 seconds
Number of updated asset objects reloaded before import = 1Number of asset objects unloaded after import = 4

========================================================================
Received Import Request.
  Time since last request: 16.058661 seconds.
  path: Assets/Shaders/Scyllabody.mat
  artifactKey: Guid(9089d3ad884663c428fe0712f151b5fe) Importer(815301076,1909f56bfc062723c751e8b465ee728b)
Start importing Assets/Shaders/Scyllabody.mat using Guid(9089d3ad884663c428fe0712f151b5fe) Importer(815301076,1909f56bfc062723c751e8b465ee728b) (PreviewImporter) -> (artifact id: 'bb27d6a5642b53919c058bb63be5c833') in 0.0186471 seconds
Number of updated asset objects reloaded before import = 0Number of asset objects unloaded after import = 5

========================================================================
Received Import Request.
  Time since last request: 5.080400 seconds.
  path: Assets/Material/World/Rock.mat
  artifactKey: Guid(69ac8b0b992a25b41ba34de9b36b9ea5) Importer(815301076,1909f56bfc062723c751e8b465ee728b)
Start importing Assets/Material/World/Rock.mat using Guid(69ac8b0b992a25b41ba34de9b36b9ea5) Importer(815301076,1909f56bfc062723c751e8b465ee728b) (PreviewImporter) -> (artifact id: '6a75b92fa2d8bee830d591fbfc01cdae') in 0.01975 seconds
Number of updated asset objects reloaded before import = 0Number of asset objects unloaded after import = 5

========================================================================
Received Import Request.
  Time since last request: 0.895199 seconds.
  path: Assets/Material/Obstacles/MermaidHalo.mat
  artifactKey: Guid(399f9ad3524d4d54586abde254c2bd63) Importer(815301076,1909f56bfc062723c751e8b465ee728b)
Start importing Assets/Material/Obstacles/MermaidHalo.mat using Guid(399f9ad3524d4d54586abde254c2bd63) Importer(815301076,1909f56bfc062723c751e8b465ee728b) (PreviewImporter) -> (artifact id: '279e902c34ffc8e858477da7f581565e') in 0.0187777 seconds
Number of updated asset objects reloaded before import = 0Number of asset objects unloaded after import = 5

========================================================================
Received Import Request.
  Time since last request: 0.613445 seconds.
  path: Assets/Material/Item/Obole.mat
  artifactKey: Guid(9e2f441ee2587ab42bc8fc53032cf0d6) Importer(815301076,1909f56bfc062723c751e8b465ee728b)
Start importing Assets/Material/Item/Obole.mat using Guid(9e2f441ee2587ab42bc8fc53032cf0d6) Importer(815301076,1909f56bfc062723c751e8b465ee728b) (PreviewImporter) -> (artifact id: '490ab7013b03a71db37d049c7fc5e6e3') in 0.0180979 seconds
Number of updated asset objects reloaded before import = 0Number of asset objects unloaded after import = 5

========================================================================
Received Import Request.
  Time since last request: 0.000027 seconds.
  path: Assets/Material/Item/Plank.mat
  artifactKey: Guid(316bc6bce2e3e604696e14e6af072180) Importer(815301076,1909f56bfc062723c751e8b465ee728b)
Start importing Assets/Material/Item/Plank.mat using Guid(316bc6bce2e3e604696e14e6af072180) Importer(815301076,1909f56bfc062723c751e8b465ee728b) (PreviewImporter) -> (artifact id: '0d1884e22bd3a984acbd673736a6e3c0') in 0.0158281 seconds
Number of updated asset objects reloaded before import = 0Number of asset objects unloaded after import = 5

========================================================================
Received Import Request.
  Time since last request: 0.318271 seconds.
  path: Assets/Material/Boss/Attack.mat
  artifactKey: Guid(cbe60581fde9cc844bd425aea774d305) Importer(815301076,1909f56bfc062723c751e8b465ee728b)
Start importing Assets/Material/Boss/Attack.mat using Guid(cbe60581fde9cc844bd425aea774d305) Importer(815301076,1909f56bfc062723c751e8b465ee728b) (PreviewImporter) -> (artifact id: '9415dfd26d455470a99bccce805ae61b') in 0.0144419 seconds
Number of updated asset objects reloaded before import = 0Number of asset objects unloaded after import = 5

========================================================================
Received Import Request.
  Time since last request: 0.000058 seconds.
  path: Assets/Material/Boss/ScyllaPreAttack.mat
  artifactKey: Guid(bc061cacfb00dcd42bdd23fb2198e0c2) Importer(815301076,1909f56bfc062723c751e8b465ee728b)
Start importing Assets/Material/Boss/ScyllaPreAttack.mat using Guid(bc061cacfb00dcd42bdd23fb2198e0c2) Importer(815301076,1909f56bfc062723c751e8b465ee728b) (PreviewImporter) -> (artifact id: '4abdfefcf83980ee3c78b36cda886455') in 0.0157738 seconds
Number of updated asset objects reloaded before import = 0Number of asset objects unloaded after import = 5

========================================================================
Received Import Request.
  Time since last request: 5.252362 seconds.
  path: Assets/Prefab/Boss/Scylla.prefab
  artifactKey: Guid(dd3f6468634d45e4d8fae9318043fceb) Importer(815301076,1909f56bfc062723c751e8b465ee728b)
Start importing Assets/Prefab/Boss/Scylla.prefab using Guid(dd3f6468634d45e4d8fae9318043fceb) Importer(815301076,1909f56bfc062723c751e8b465ee728b) (PreviewImporter) -> (artifact id: '9abd8496fbb1ba6b5d488e435fd1f6ce') in 0.1186516 seconds
Number of updated asset objects reloaded before import = 0Number of asset objects unloaded after import = 547

========================================================================
Received Import Request.
  Time since last request: 413.439677 seconds.
  path: Assets/Material/Boss/Scyllabody.mat
  artifactKey: Guid(9089d3ad884663c428fe0712f151b5fe) Importer(815301076,1909f56bfc062723c751e8b465ee728b)
Start importing Assets/Material/Boss/Scyllabody.mat using Guid(9089d3ad884663c428fe0712f151b5fe) Importer(815301076,1909f56bfc062723c751e8b465ee728b) (PreviewImporter) -> (artifact id: '8dfdf47c4124efc94e29d94ee908df6f') in 0.0151379 seconds
Number of updated asset objects reloaded before import = 0Number of asset objects unloaded after import = 5

========================================================================
Received Prepare
Begin MonoManager ReloadAssembly
- Loaded All Assemblies, in  0.581 seconds
Refreshing native plugins compatible for Editor in 0.46 ms, found 3 plugins.
Native extension for Android target not found
Native extension for UWP target not found
Native extension for WindowsStandalone target not found
Native extension for WebGL target not found
Mono: successfully reloaded assembly
- Finished resetting the current domain, in  0.630 seconds
Domain Reload Profiling: 1212ms
	BeginReloadAssembly (189ms)
		ExecutionOrderSort (0ms)
		DisableScriptedObjects (16ms)
		BackupInstance (0ms)
		ReleaseScriptingObjects (0ms)
		CreateAndSetChildDomain (47ms)
	RebuildCommonClasses (30ms)
	RebuildNativeTypeToScriptingClass (11ms)
	initialDomainReloadingComplete (25ms)
	LoadAllAssembliesAndSetupDomain (328ms)
		LoadAssemblies (264ms)
		RebuildTransferFunctionScriptingTraits (0ms)
		AnalyzeDomain (153ms)
			TypeCache.Refresh (6ms)
				TypeCache.ScanAssembly (0ms)
			BuildScriptInfoCaches (133ms)
			ResolveRequiredComponents (9ms)
	FinalizeReload (630ms)
		ReleaseScriptCaches (0ms)
		RebuildScriptCaches (0ms)
		SetupLoadedEditorAssemblies (447ms)
			LogAssemblyErrors (0ms)
			InitializePlatformSupportModulesInManaged (11ms)
			SetLoadedEditorAssemblies (3ms)
			BeforeProcessingInitializeOnLoad (77ms)
			ProcessInitializeOnLoadAttributes (299ms)
			ProcessInitializeOnLoadMethodAttributes (54ms)
			AfterProcessingInitializeOnLoad (3ms)
			EditorAssembliesLoaded (0ms)
		ExecutionOrderSort2 (0ms)
		AwakeInstancesAfterBackupRestoration (14ms)
Refreshing native plugins compatible for Editor in 1.05 ms, found 3 plugins.
Preloading 0 native plugins for Editor in 0.00 ms.
Unloading 33 Unused Serialized files (Serialized files now loaded: 0)
Unloading 6031 unused Assets / (6.7 MB). Loaded Objects now: 6838.
Memory consumption went from 249.7 MB to 243.0 MB.
Total: 12.598700 ms (FindLiveObjects: 0.664700 ms CreateObjectMapping: 0.892900 ms MarkObjects: 6.264500 ms  DeleteObjects: 4.774600 ms)

Prepare: number of updated asset objects reloaded= 0
========================================================================
Received Import Request.
  Time since last request: 81.021539 seconds.
  path: Assets/Material/Boss/Attack.mat
  artifactKey: Guid(cbe60581fde9cc844bd425aea774d305) Importer(815301076,1909f56bfc062723c751e8b465ee728b)
Start importing Assets/Material/Boss/Attack.mat using Guid(cbe60581fde9cc844bd425aea774d305) Importer(815301076,1909f56bfc062723c751e8b465ee728b) (PreviewImporter) -> (artifact id: '1db4adbe2dc5443f5007deb4a3b0fc08') in 0.8811232 seconds
Number of updated asset objects reloaded before import = 1Number of asset objects unloaded after import = 6

========================================================================
Received Import Request.
  Time since last request: 0.000028 seconds.
  path: Assets/Material/Boss/ScyllaShield.mat
  artifactKey: Guid(bbdf7f0c40f359a40ab80c2827de4ac5) Importer(815301076,1909f56bfc062723c751e8b465ee728b)
Start importing Assets/Material/Boss/ScyllaShield.mat using Guid(bbdf7f0c40f359a40ab80c2827de4ac5) Importer(815301076,1909f56bfc062723c751e8b465ee728b) (PreviewImporter) -> (artifact id: '85911baedcce81d4995937191ce99cb6') in 0.0096618 seconds
Number of updated asset objects reloaded before import = 0Number of asset objects unloaded after import = 5

========================================================================
Received Prepare
Begin MonoManager ReloadAssembly
- Loaded All Assemblies, in  0.566 seconds
Refreshing native plugins compatible for Editor in 0.43 ms, found 3 plugins.
Native extension for Android target not found
Native extension for UWP target not found
Native extension for WindowsStandalone target not found
Native extension for WebGL target not found
Mono: successfully reloaded assembly
- Finished resetting the current domain, in  0.601 seconds
Domain Reload Profiling: 1169ms
	BeginReloadAssembly (184ms)
		ExecutionOrderSort (0ms)
		DisableScriptedObjects (15ms)
		BackupInstance (0ms)
		ReleaseScriptingObjects (0ms)
		CreateAndSetChildDomain (45ms)
	RebuildCommonClasses (35ms)
	RebuildNativeTypeToScriptingClass (10ms)
	initialDomainReloadingComplete (21ms)
	LoadAllAssembliesAndSetupDomain (317ms)
		LoadAssemblies (255ms)
		RebuildTransferFunctionScriptingTraits (0ms)
		AnalyzeDomain (150ms)
			TypeCache.Refresh (6ms)
				TypeCache.ScanAssembly (0ms)
			BuildScriptInfoCaches (131ms)
			ResolveRequiredComponents (9ms)
	FinalizeReload (601ms)
		ReleaseScriptCaches (0ms)
		RebuildScriptCaches (0ms)
		SetupLoadedEditorAssemblies (419ms)
			LogAssemblyErrors (0ms)
			InitializePlatformSupportModulesInManaged (10ms)
			SetLoadedEditorAssemblies (3ms)
			BeforeProcessingInitializeOnLoad (78ms)
			ProcessInitializeOnLoadAttributes (283ms)
			ProcessInitializeOnLoadMethodAttributes (42ms)
			AfterProcessingInitializeOnLoad (3ms)
			EditorAssembliesLoaded (0ms)
		ExecutionOrderSort2 (0ms)
		AwakeInstancesAfterBackupRestoration (11ms)
Refreshing native plugins compatible for Editor in 1.00 ms, found 3 plugins.
Preloading 0 native plugins for Editor in 0.00 ms.
Unloading 32 Unused Serialized files (Serialized files now loaded: 0)
Unloading 6030 unused Assets / (6.9 MB). Loaded Objects now: 6860.
Memory consumption went from 249.5 MB to 242.6 MB.
Total: 12.811300 ms (FindLiveObjects: 0.722200 ms CreateObjectMapping: 0.974100 ms MarkObjects: 6.107000 ms  DeleteObjects: 5.006700 ms)

Prepare: number of updated asset objects reloaded= 0
========================================================================
Received Prepare
Refreshing native plugins compatible for Editor in 1.06 ms, found 3 plugins.
Preloading 0 native plugins for Editor in 0.00 ms.
Unloading 32 Unused Serialized files (Serialized files now loaded: 0)
Unloading 6023 unused Assets / (7.3 MB). Loaded Objects now: 6860.
Memory consumption went from 249.5 MB to 242.2 MB.
Total: 12.405200 ms (FindLiveObjects: 0.839300 ms CreateObjectMapping: 0.781900 ms MarkObjects: 5.419600 ms  DeleteObjects: 5.362800 ms)

Prepare: number of updated asset objects reloaded= 0
========================================================================
Received Prepare
Begin MonoManager ReloadAssembly
- Loaded All Assemblies, in  0.561 seconds
Refreshing native plugins compatible for Editor in 0.51 ms, found 3 plugins.
Native extension for Android target not found
Native extension for UWP target not found
Native extension for WindowsStandalone target not found
Native extension for WebGL target not found
Mono: successfully reloaded assembly
- Finished resetting the current domain, in  0.631 seconds
Domain Reload Profiling: 1193ms
	BeginReloadAssembly (163ms)
		ExecutionOrderSort (0ms)
		DisableScriptedObjects (6ms)
		BackupInstance (0ms)
		ReleaseScriptingObjects (0ms)
		CreateAndSetChildDomain (38ms)
	RebuildCommonClasses (35ms)
	RebuildNativeTypeToScriptingClass (10ms)
	initialDomainReloadingComplete (21ms)
	LoadAllAssembliesAndSetupDomain (334ms)
		LoadAssemblies (257ms)
		RebuildTransferFunctionScriptingTraits (0ms)
		AnalyzeDomain (160ms)
			TypeCache.Refresh (12ms)
				TypeCache.ScanAssembly (1ms)
			BuildScriptInfoCaches (134ms)
			ResolveRequiredComponents (10ms)
	FinalizeReload (631ms)
		ReleaseScriptCaches (0ms)
		RebuildScriptCaches (0ms)
		SetupLoadedEditorAssemblies (434ms)
			LogAssemblyErrors (0ms)
			InitializePlatformSupportModulesInManaged (12ms)
			SetLoadedEditorAssemblies (3ms)
			BeforeProcessingInitializeOnLoad (80ms)
			ProcessInitializeOnLoadAttributes (294ms)
			ProcessInitializeOnLoadMethodAttributes (43ms)
			AfterProcessingInitializeOnLoad (3ms)
			EditorAssembliesLoaded (0ms)
		ExecutionOrderSort2 (0ms)
		AwakeInstancesAfterBackupRestoration (11ms)
Refreshing native plugins compatible for Editor in 0.75 ms, found 3 plugins.
Preloading 0 native plugins for Editor in 0.00 ms.
Unloading 32 Unused Serialized files (Serialized files now loaded: 0)
Unloading 6030 unused Assets / (6.9 MB). Loaded Objects now: 6862.
Memory consumption went from 249.4 MB to 242.5 MB.
Total: 10.805000 ms (FindLiveObjects: 0.697100 ms CreateObjectMapping: 0.727200 ms MarkObjects: 5.477800 ms  DeleteObjects: 3.901400 ms)

Prepare: number of updated asset objects reloaded= 0
========================================================================
Received Prepare
Begin MonoManager ReloadAssembly
- Loaded All Assemblies, in  0.545 seconds
Refreshing native plugins compatible for Editor in 0.57 ms, found 3 plugins.
Native extension for Android target not found
Native extension for UWP target not found
Native extension for WindowsStandalone target not found
Native extension for WebGL target not found
Mono: successfully reloaded assembly
- Finished resetting the current domain, in  0.605 seconds
Domain Reload Profiling: 1152ms
	BeginReloadAssembly (154ms)
		ExecutionOrderSort (0ms)
		DisableScriptedObjects (6ms)
		BackupInstance (0ms)
		ReleaseScriptingObjects (0ms)
		CreateAndSetChildDomain (33ms)
	RebuildCommonClasses (30ms)
	RebuildNativeTypeToScriptingClass (10ms)
	initialDomainReloadingComplete (21ms)
	LoadAllAssembliesAndSetupDomain (332ms)
		LoadAssemblies (252ms)
		RebuildTransferFunctionScriptingTraits (0ms)
		AnalyzeDomain (158ms)
			TypeCache.Refresh (7ms)
				TypeCache.ScanAssembly (0ms)
			BuildScriptInfoCaches (136ms)
			ResolveRequiredComponents (11ms)
	FinalizeReload (605ms)
		ReleaseScriptCaches (0ms)
		RebuildScriptCaches (0ms)
		SetupLoadedEditorAssemblies (431ms)
			LogAssemblyErrors (0ms)
			InitializePlatformSupportModulesInManaged (11ms)
			SetLoadedEditorAssemblies (3ms)
			BeforeProcessingInitializeOnLoad (81ms)
			ProcessInitializeOnLoadAttributes (287ms)
			ProcessInitializeOnLoadMethodAttributes (45ms)
			AfterProcessingInitializeOnLoad (3ms)
			EditorAssembliesLoaded (0ms)
		ExecutionOrderSort2 (0ms)
		AwakeInstancesAfterBackupRestoration (11ms)
Refreshing native plugins compatible for Editor in 0.92 ms, found 3 plugins.
Preloading 0 native plugins for Editor in 0.00 ms.
Unloading 32 Unused Serialized files (Serialized files now loaded: 0)
Unloading 6030 unused Assets / (7.1 MB). Loaded Objects now: 6864.
Memory consumption went from 249.4 MB to 242.3 MB.
Total: 12.697000 ms (FindLiveObjects: 0.687900 ms CreateObjectMapping: 0.828100 ms MarkObjects: 6.049700 ms  DeleteObjects: 5.129400 ms)

Prepare: number of updated asset objects reloaded= 0
Editor requested this worker to shutdown with reason: Scaling down because of idle timeout
AssetImportWorker is now disconnected from the server
Process exiting
Exiting without the bug reporter. Application will terminate with return code 0