Using pre-set license
Built from '6000.1/staging' branch; Version is '6000.1.7f1 (13a8ffad9172) revision 1288447'; Using compiler version '194234433'; Build Type 'Release'
OS: 'Windows 11  (10.0.26100) 64bit Core' Language: 'fr' Physical Memory: 48965 MB
BatchMode: 1, IsHumanControllingUs: 0, StartBugReporterOnCrash: 0, Is64bit: 1, IsPro: 1
Date: 2025-06-18T15:10:07Z

COMMAND LINE ARGUMENTS:
C:\Program Files\Unity\Hub\Editor\6000.1.7f1\Editor\Unity.exe
-adb2
-batchMode
-noUpm
-name
AssetImportWorker8
-projectPath
D:/Unity projects/InfiniteRunner
-logFile
Logs/AssetImportWorker8.log
-srvPort
58219
-job-worker-count
7
-background-job-worker-count
8
-gc-helper-count
1
-name
AssetImport
Successfully changed project path to: D:/Unity projects/InfiniteRunner
D:/Unity projects/InfiniteRunner
[UnityMemory] Configuration Parameters - Can be set up in boot.config
    "memorysetup-allocator-temp-initial-block-size-main=262144"
    "memorysetup-allocator-temp-initial-block-size-worker=262144"
    "memorysetup-bucket-allocator-granularity=16"
    "memorysetup-bucket-allocator-bucket-count=8"
    "memorysetup-bucket-allocator-block-size=33554432"
    "memorysetup-bucket-allocator-block-count=8"
    "memorysetup-main-allocator-block-size=16777216"
    "memorysetup-thread-allocator-block-size=16777216"
    "memorysetup-gfx-main-allocator-block-size=16777216"
    "memorysetup-gfx-thread-allocator-block-size=16777216"
    "memorysetup-cache-allocator-block-size=4194304"
    "memorysetup-typetree-allocator-block-size=2097152"
    "memorysetup-profiler-bucket-allocator-granularity=16"
    "memorysetup-profiler-bucket-allocator-bucket-count=8"
    "memorysetup-profiler-bucket-allocator-block-size=33554432"
    "memorysetup-profiler-bucket-allocator-block-count=8"
    "memorysetup-profiler-allocator-block-size=16777216"
    "memorysetup-profiler-editor-allocator-block-size=1048576"
    "memorysetup-temp-allocator-size-main=16777216"
    "memorysetup-job-temp-allocator-block-size=2097152"
    "memorysetup-job-temp-allocator-block-size-background=1048576"
    "memorysetup-job-temp-allocator-reduction-small-platforms=262144"
    "memorysetup-temp-allocator-size-background-worker=32768"
    "memorysetup-temp-allocator-size-job-worker=262144"
    "memorysetup-temp-allocator-size-preload-manager=33554432"
    "memorysetup-temp-allocator-size-nav-mesh-worker=65536"
    "memorysetup-temp-allocator-size-audio-worker=65536"
    "memorysetup-temp-allocator-size-cloud-worker=32768"
    "memorysetup-temp-allocator-size-gi-baking-worker=262144"
    "memorysetup-temp-allocator-size-gi-baking-worker=262144"
    "memorysetup-temp-allocator-size-gi-baking-worker=262144"
    "memorysetup-temp-allocator-size-gi-baking-worker=262144"
    "memorysetup-temp-allocator-size-gi-baking-worker=262144"
    "memorysetup-temp-allocator-size-gfx=262144"
Player connection [956]  Target information:

Player connection [956]  * "[IP] 192.168.1.62 [Port] 0 [Flags] 2 [Guid] 1690861407 [EditorId] 1690861407 [Version] 1048832 [Id] WindowsEditor(7,DESKTOP-3UTH55C) [Debug] 1 [PackageName] WindowsEditor [ProjectName] Editor" 

Player connection [956]  * "[IP] 169.254.123.189 [Port] 0 [Flags] 2 [Guid] 1690861407 [EditorId] 1690861407 [Version] 1048832 [Id] WindowsEditor(7,DESKTOP-3UTH55C) [Debug] 1 [PackageName] WindowsEditor [ProjectName] Editor" 

Player connection [956] Host joined multi-casting on [225.0.0.222:54997]...
Player connection [956] Host joined alternative multi-casting on [225.0.0.222:34997]...
JobSystem: Creating JobQueue using job-worker-count value 7
Input System module state changed to: Initialized.
[Physics::Module] Initialized fallback backend.
[Physics::Module] Id: 0xdecafbad
Library Redirect Path: Library/
[Physics::Module] Selected backend.
[Physics::Module] Name: PhysX
[Physics::Module] Id: 0xf2b8ea05
[Physics::Module] SDK Version: 4.1.2
[Physics::Module] Integration Version: 1.0.0
[Physics::Module] Threading Mode: Multi-Threaded
Refreshing native plugins compatible for Editor in 14.15 ms, found 4 plugins.
Preloading 1 native plugins for Editor in 4.05 ms.
Initialize engine version: 6000.1.7f1 (13a8ffad9172)
[Subsystems] Discovering subsystems at path C:/Program Files/Unity/Hub/Editor/6000.1.7f1/Editor/Data/Resources/UnitySubsystems
[Subsystems] Discovering subsystems at path D:/Unity projects/InfiniteRunner/Assets
GfxDevice: creating device client; kGfxThreadingModeNonThreaded
Direct3D:
    Version:  Direct3D 11.0 [level 11.1]
    Renderer: NVIDIA GeForce RTX 2060 (ID=0x1f08)
    Vendor:   NVIDIA
    VRAM:     5955 MB
    Driver:   32.0.15.7652
Initialize mono
Mono path[0] = 'C:/Program Files/Unity/Hub/Editor/6000.1.7f1/Editor/Data/Managed'
Mono path[1] = 'C:/Program Files/Unity/Hub/Editor/6000.1.7f1/Editor/Data/MonoBleedingEdge/lib/mono/unityjit-win32'
Mono config path = 'C:/Program Files/Unity/Hub/Editor/6000.1.7f1/Editor/Data/MonoBleedingEdge/etc'
Using monoOptions --debugger-agent=transport=dt_socket,embedding=1,server=y,suspend=n,address=127.0.0.1:56632
Begin MonoManager ReloadAssembly
Registering precompiled unity dll's ...
Register platform support module: C:/Program Files/Unity/Hub/Editor/6000.1.7f1/Editor/Data/PlaybackEngines/WindowsStandaloneSupport/UnityEditor.WindowsStandalone.Extensions.dll
Register platform support module: C:/Program Files/Unity/Hub/Editor/6000.1.7f1/Editor/Data/PlaybackEngines/MetroSupport/UnityEditor.UWP.Extensions.dll
Register platform support module: C:/Program Files/Unity/Hub/Editor/6000.1.7f1/Editor/Data/PlaybackEngines/AndroidPlayer/UnityEditor.Android.Extensions.dll
Registered in 0.017218 seconds.
- Loaded All Assemblies, in  7.351 seconds
Native extension for Android target not found
Unauthorized device detected, Id: R38M20GQVNL, please add debug authorization and reconnect.
UnityEngine.Debug:ExtractStackTraceNoAlloc (byte*,int,string)
UnityEngine.StackTraceUtility:ExtractStackTrace ()
UnityEngine.DebugLogHandler:Internal_Log (UnityEngine.LogType,UnityEngine.LogOption,string,UnityEngine.Object)
UnityEngine.DebugLogHandler:LogFormat (UnityEngine.LogType,UnityEngine.Object,string,object[])
UnityEngine.Logger:LogFormat (UnityEngine.LogType,string,object[])
UnityEngine.Debug:LogFormat (string,object[])
UnityEditor.Android.AndroidDeploymentTargetsExtension:GetKnownTargets (UnityEditor.DeploymentTargets.IDeploymentTargetsMainThreadContext,UnityEditor.ProgressHandler) (at /home/bokken/build/output/unity/unity/PlatformDependent/AndroidPlayer/Editor/Managed/DeploymentTargets/AndroidDeploymentTargetsExtension.cs:398)
UnityEditor.Android.TargetScanWorker:ScanSync () (at /home/bokken/build/output/unity/unity/PlatformDependent/AndroidPlayer/Editor/Managed/TargetScanWorker.cs:164)
UnityEditor.Android.TargetExtension:OnUsbDevicesChanged (UnityEditor.Hardware.UsbDevice[]) (at /home/bokken/build/output/unity/unity/PlatformDependent/AndroidPlayer/Editor/Managed/ExtensionModule.cs:114)
UnityEditor.Android.TargetExtension:OnLoad () (at /home/bokken/build/output/unity/unity/PlatformDependent/AndroidPlayer/Editor/Managed/ExtensionModule.cs:75)
UnityEditor.Modules.ModuleManager:InitializePlatformSupportModules ()

(Filename: /home/bokken/build/output/unity/unity/PlatformDependent/AndroidPlayer/Editor/Managed/DeploymentTargets/AndroidDeploymentTargetsExtension.cs Line: 398)

Android Extension - Scanning For ADB Devices 2437 ms
Native extension for UWP target not found
Native extension for WindowsStandalone target not found
Mono: successfully reloaded assembly
- Finished resetting the current domain, in  7.875 seconds
Domain Reload Profiling: 15229ms
	BeginReloadAssembly (3942ms)
		ExecutionOrderSort (0ms)
		DisableScriptedObjects (0ms)
		BackupInstance (0ms)
		ReleaseScriptingObjects (0ms)
		CreateAndSetChildDomain (10ms)
	RebuildCommonClasses (448ms)
	RebuildNativeTypeToScriptingClass (147ms)
	initialDomainReloadingComplete (463ms)
	LoadAllAssembliesAndSetupDomain (2339ms)
		LoadAssemblies (3898ms)
		RebuildTransferFunctionScriptingTraits (0ms)
		AnalyzeDomain (2315ms)
			TypeCache.Refresh (2305ms)
				TypeCache.ScanAssembly (2190ms)
			BuildScriptInfoCaches (1ms)
			ResolveRequiredComponents (2ms)
	FinalizeReload (7890ms)
		ReleaseScriptCaches (0ms)
		RebuildScriptCaches (0ms)
		SetupLoadedEditorAssemblies (7052ms)
			LogAssemblyErrors (0ms)
			InitializePlatformSupportModulesInManaged (4176ms)
			SetLoadedEditorAssemblies (19ms)
			BeforeProcessingInitializeOnLoad (708ms)
			ProcessInitializeOnLoadAttributes (1623ms)
			ProcessInitializeOnLoadMethodAttributes (524ms)
			AfterProcessingInitializeOnLoad (0ms)
			EditorAssembliesLoaded (1ms)
		ExecutionOrderSort2 (0ms)
		AwakeInstancesAfterBackupRestoration (0ms)
========================================================================
Worker process is ready to serve import requests
Import Worker Mode flag is 0x00
Begin MonoManager ReloadAssembly
- Loaded All Assemblies, in  8.156 seconds
Refreshing native plugins compatible for Editor in 4.98 ms, found 4 plugins.
Native extension for Android target not found
Native extension for UWP target not found
Native extension for WindowsStandalone target not found
Mono: successfully reloaded assembly
- Finished resetting the current domain, in  7.128 seconds
Domain Reload Profiling: 15271ms
	BeginReloadAssembly (720ms)
		ExecutionOrderSort (0ms)
		DisableScriptedObjects (26ms)
		BackupInstance (0ms)
		ReleaseScriptingObjects (0ms)
		CreateAndSetChildDomain (99ms)
	RebuildCommonClasses (187ms)
	RebuildNativeTypeToScriptingClass (64ms)
	initialDomainReloadingComplete (509ms)
	LoadAllAssembliesAndSetupDomain (6661ms)
		LoadAssemblies (4863ms)
		RebuildTransferFunctionScriptingTraits (0ms)
		AnalyzeDomain (2217ms)
			TypeCache.Refresh (1813ms)
				TypeCache.ScanAssembly (1728ms)
			BuildScriptInfoCaches (309ms)
			ResolveRequiredComponents (82ms)
	FinalizeReload (7130ms)
		ReleaseScriptCaches (0ms)
		RebuildScriptCaches (0ms)
		SetupLoadedEditorAssemblies (3980ms)
			LogAssemblyErrors (0ms)
			InitializePlatformSupportModulesInManaged (82ms)
			SetLoadedEditorAssemblies (31ms)
			BeforeProcessingInitializeOnLoad (962ms)
			ProcessInitializeOnLoadAttributes (2562ms)
			ProcessInitializeOnLoadMethodAttributes (327ms)
			AfterProcessingInitializeOnLoad (15ms)
			EditorAssembliesLoaded (1ms)
		ExecutionOrderSort2 (0ms)
		AwakeInstancesAfterBackupRestoration (30ms)
Launched and connected shader compiler UnityShaderCompiler.exe after 0.16 seconds
Refreshing native plugins compatible for Editor in 14.30 ms, found 4 plugins.
Preloading 1 native plugins for Editor in 0.45 ms.
Unloading 234 Unused Serialized files (Serialized files now loaded: 0)
Unloading 6155 unused Assets / (6.1 MB). Loaded Objects now: 6886.
Memory consumption went from 254.9 MB to 248.8 MB.
Total: 379.084100 ms (FindLiveObjects: 2.174300 ms CreateObjectMapping: 3.477500 ms MarkObjects: 348.604100 ms  DeleteObjects: 24.819500 ms)

========================================================================
Received Import Request.
  Time since last request: 17019.087780 seconds.
  path: Assets/Models/Relique.fbx
  artifactKey: Guid(8f69f7e5519fe004bb81b1015cd664f5) Importer(815301076,1909f56bfc062723c751e8b465ee728b)
Start importing Assets/Models/Relique.fbx using Guid(8f69f7e5519fe004bb81b1015cd664f5) Importer(815301076,1909f56bfc062723c751e8b465ee728b) (PreviewImporter) -> (artifact id: '1d6fa27d3a8108af59b91b19b772a612') in 3.165242 seconds
Number of updated asset objects reloaded before import = 0Number of asset objects unloaded after import = 17

========================================================================
Received Import Request.
  Time since last request: 18.025261 seconds.
  path: Assets/Material/Item/ReliqueCharon.mat
  artifactKey: Guid(bb53ed9236d55024dab3bf9c2addb736) Importer(815301076,1909f56bfc062723c751e8b465ee728b)
Start importing Assets/Material/Item/ReliqueCharon.mat using Guid(bb53ed9236d55024dab3bf9c2addb736) Importer(815301076,1909f56bfc062723c751e8b465ee728b) (PreviewImporter) -> (artifact id: 'e1fa3d9e26ed5f5abd645a56792313e4') in 0.0711972 seconds
Number of updated asset objects reloaded before import = 0Number of asset objects unloaded after import = 6

========================================================================
Received Import Request.
  Time since last request: 36.674481 seconds.
  path: Assets/Material/Item/ReliqueCharon.mat
  artifactKey: Guid(bb53ed9236d55024dab3bf9c2addb736) Importer(815301076,1909f56bfc062723c751e8b465ee728b)
Start importing Assets/Material/Item/ReliqueCharon.mat using Guid(bb53ed9236d55024dab3bf9c2addb736) Importer(815301076,1909f56bfc062723c751e8b465ee728b) (PreviewImporter) -> (artifact id: '924fbe681fc098c1bfeff1a01e9fbef9') in 0.1291766 seconds
Number of updated asset objects reloaded before import = 0Number of asset objects unloaded after import = 6

========================================================================
Received Import Request.
  Time since last request: 154.434431 seconds.
  path: Assets/Prefab/Item/Obole.prefab
  artifactKey: Guid(461c96836c4dde24f8cde3964dcbf952) Importer(815301076,1909f56bfc062723c751e8b465ee728b)
Start importing Assets/Prefab/Item/Obole.prefab using Guid(461c96836c4dde24f8cde3964dcbf952) Importer(815301076,1909f56bfc062723c751e8b465ee728b) (PreviewImporter) -> (artifact id: '84010622bf8f1a22bffc03bdeec2eedf') in 0.1096475 seconds
Number of updated asset objects reloaded before import = 0Number of asset objects unloaded after import = 21

========================================================================
Received Import Request.
  Time since last request: 4.859319 seconds.
  path: Assets/Prefab/Boss/Charron.prefab
  artifactKey: Guid(1a9b34aa7ff19d245861c16ff8ea80a7) Importer(815301076,1909f56bfc062723c751e8b465ee728b)
Start importing Assets/Prefab/Boss/Charron.prefab using Guid(1a9b34aa7ff19d245861c16ff8ea80a7) Importer(815301076,1909f56bfc062723c751e8b465ee728b) (PreviewImporter) -> (artifact id: '5de7ab46bda5dae5ef4d67a5660f9e35') in 8.6953742 seconds
Number of updated asset objects reloaded before import = 0Number of asset objects unloaded after import = 544

========================================================================
Received Import Request.
  Time since last request: 0.000115 seconds.
  path: Assets/Prefab/Obstacles/TrunkExplosion.prefab
  artifactKey: Guid(468536840b6f09e43ad430616c80415e) Importer(815301076,1909f56bfc062723c751e8b465ee728b)
Start importing Assets/Prefab/Obstacles/TrunkExplosion.prefab using Guid(468536840b6f09e43ad430616c80415e) Importer(815301076,1909f56bfc062723c751e8b465ee728b) (PreviewImporter) -> (artifact id: '5e4d5aa2ece8ad881f5adc1c7151bdc3') in 3.5709477 seconds
Number of updated asset objects reloaded before import = 0Number of asset objects unloaded after import = 20

========================================================================
Received Import Request.
  Time since last request: 0.000124 seconds.
  path: Assets/Prefab/Obstacles/JellyFish.prefab
  artifactKey: Guid(9b88d01bff4da3b4fb35604a91b00e00) Importer(815301076,1909f56bfc062723c751e8b465ee728b)
Start importing Assets/Prefab/Obstacles/JellyFish.prefab using Guid(9b88d01bff4da3b4fb35604a91b00e00) Importer(815301076,1909f56bfc062723c751e8b465ee728b) (PreviewImporter) -> (artifact id: '49ffdeae3481d3aa1e9c5c7dc5771556') in 1.1777946 seconds
Number of updated asset objects reloaded before import = 0Number of asset objects unloaded after import = 39

========================================================================
Received Import Request.
  Time since last request: 0.000100 seconds.
  path: Assets/Prefab/Patterns/Biome1/Pattern2.prefab
  artifactKey: Guid(be72e5dcc5503c8488e9878f887683ab) Importer(815301076,1909f56bfc062723c751e8b465ee728b)
Start importing Assets/Prefab/Patterns/Biome1/Pattern2.prefab using Guid(be72e5dcc5503c8488e9878f887683ab) Importer(815301076,1909f56bfc062723c751e8b465ee728b) (PreviewImporter) -> (artifact id: '5b46bd9994fb969db941ca9f00abf8c8') in 0.4766821 seconds
Number of updated asset objects reloaded before import = 0Number of asset objects unloaded after import = 270

========================================================================
Received Import Request.
  Time since last request: 0.000139 seconds.
  path: Assets/Prefab/Obstacles/Rock1.prefab
  artifactKey: Guid(3b610d9d67b3ca340a009fe87f290332) Importer(815301076,1909f56bfc062723c751e8b465ee728b)
Start importing Assets/Prefab/Obstacles/Rock1.prefab using Guid(3b610d9d67b3ca340a009fe87f290332) Importer(815301076,1909f56bfc062723c751e8b465ee728b) (PreviewImporter) -> (artifact id: '4575154ec3ce85064c9fcbb12a182072') in 0.1101369 seconds
Number of updated asset objects reloaded before import = 0Number of asset objects unloaded after import = 21

========================================================================
Received Import Request.
  Time since last request: 0.000252 seconds.
  path: Assets/Prefab/Patterns/Biome1/Pattern8.prefab
  artifactKey: Guid(e4713bf5f3dbcaa439d30fd8bcd70d0c) Importer(815301076,1909f56bfc062723c751e8b465ee728b)
Start importing Assets/Prefab/Patterns/Biome1/Pattern8.prefab using Guid(e4713bf5f3dbcaa439d30fd8bcd70d0c) Importer(815301076,1909f56bfc062723c751e8b465ee728b) (PreviewImporter) -> (artifact id: '2046f415aab82ba17ac7138390df136b') in 0.2233175 seconds
Number of updated asset objects reloaded before import = 0Number of asset objects unloaded after import = 339

========================================================================
Received Import Request.
  Time since last request: 0.000113 seconds.
  path: Assets/Prefab/Patterns/Biome2/Pattern4.prefab
  artifactKey: Guid(66723a7831a6d7048a9851e3f1e8558c) Importer(815301076,1909f56bfc062723c751e8b465ee728b)
Start importing Assets/Prefab/Patterns/Biome2/Pattern4.prefab using Guid(66723a7831a6d7048a9851e3f1e8558c) Importer(815301076,1909f56bfc062723c751e8b465ee728b) (PreviewImporter) -> (artifact id: '36ff7cf106843ceaf5b8e6614b0f4376') in 0.3865971 seconds
Number of updated asset objects reloaded before import = 0Number of asset objects unloaded after import = 595

========================================================================
Received Import Request.
  Time since last request: 0.000337 seconds.
  path: Assets/Prefab/Patterns/Biome2/Pattern5.prefab
  artifactKey: Guid(c5b63d6efec999c49bec3559b0160e18) Importer(815301076,1909f56bfc062723c751e8b465ee728b)
Start importing Assets/Prefab/Patterns/Biome2/Pattern5.prefab using Guid(c5b63d6efec999c49bec3559b0160e18) Importer(815301076,1909f56bfc062723c751e8b465ee728b) (PreviewImporter) -> (artifact id: '03a91a58cea7cc7413de1db878a8f1f3') in 2.5988537 seconds
Number of updated asset objects reloaded before import = 0Number of asset objects unloaded after import = 1022

========================================================================
Received Import Request.
  Time since last request: 0.000213 seconds.
  path: Assets/Prefab/Patterns/Biome2/Pattern7.prefab
  artifactKey: Guid(a6c65422971f243428796922e1d2b306) Importer(815301076,1909f56bfc062723c751e8b465ee728b)
Start importing Assets/Prefab/Patterns/Biome2/Pattern7.prefab using Guid(a6c65422971f243428796922e1d2b306) Importer(815301076,1909f56bfc062723c751e8b465ee728b) (PreviewImporter) -> (artifact id: 'a0cdeff65b232e8e1b151666cff487e7') in 0.9882803 seconds
Number of updated asset objects reloaded before import = 0Number of asset objects unloaded after import = 1029

========================================================================
Received Import Request.
  Time since last request: 0.000090 seconds.
  path: Assets/Prefab/Patterns/Biome2/Pattern6.prefab
  artifactKey: Guid(3ede48f8133012445aae8110cb943492) Importer(815301076,1909f56bfc062723c751e8b465ee728b)
Start importing Assets/Prefab/Patterns/Biome2/Pattern6.prefab using Guid(3ede48f8133012445aae8110cb943492) Importer(815301076,1909f56bfc062723c751e8b465ee728b) (PreviewImporter) -> (artifact id: '4f1b8b12710777c5b75085de84866e88') in 1.6443243 seconds
Number of updated asset objects reloaded before import = 0Number of asset objects unloaded after import = 1043

========================================================================
Received Import Request.
  Time since last request: 0.000167 seconds.
  path: Assets/Prefab/Patterns/Biome1/Pattern1.prefab
  artifactKey: Guid(67f96a285b22b9c4d8657958ea202e4d) Importer(815301076,1909f56bfc062723c751e8b465ee728b)
Start importing Assets/Prefab/Patterns/Biome1/Pattern1.prefab using Guid(67f96a285b22b9c4d8657958ea202e4d) Importer(815301076,1909f56bfc062723c751e8b465ee728b) (PreviewImporter) -> (artifact id: 'df124ac467d5e38e48c888a77b570778') in 0.1275099 seconds
Number of updated asset objects reloaded before import = 0Number of asset objects unloaded after import = 257

========================================================================
Received Import Request.
  Time since last request: 0.000101 seconds.
  path: Assets/Prefab/Patterns/Biome2/Pattern8.prefab
  artifactKey: Guid(ccc217fa5e4a5bc4ea9dddeb6840f974) Importer(815301076,1909f56bfc062723c751e8b465ee728b)
Start importing Assets/Prefab/Patterns/Biome2/Pattern8.prefab using Guid(ccc217fa5e4a5bc4ea9dddeb6840f974) Importer(815301076,1909f56bfc062723c751e8b465ee728b) (PreviewImporter) -> (artifact id: 'c995e6bec5db1fe44aa271eb156c6137') in 1.094225 seconds
Number of updated asset objects reloaded before import = 0Number of asset objects unloaded after import = 1009

Editor requested this worker to shutdown with reason: Scaling down because of idle timeout
AssetImportWorker is now disconnected from the server
Process exiting
Exiting without the bug reporter. Application will terminate with return code 0